Building DAG of jobs...
Using shell: /usr/bin/bash
Provided cluster nodes: 100
Job counts:
	count	jobs
	1	all
	32	collapse
	29	filter
	31	fq_2_fa
	3	join
	31	trim
	127

[Tue Oct 22 16:50:28 2019]
rule filter:
    input: outputs/join/CR4_3B_MRB7260_plustet1.assembled.fastq
    output: outputs/filter/CR4_3B_MRB7260_plustet1.fq
    jobid: 115
    wildcards: sample_id=CR4_3B_MRB7260_plustet1

tools/fastx/0.0.13/fastq_quality_filter -i outputs/join/CR4_3B_MRB7260_plustet1.assembled.fastq -o outputs/filter/CR4_3B_MRB7260_plustet1.fq -q 30 -p 90 -Q33 -v
Submitted job 115 with external jobid 'Submitted batch job 452420 on cluster faculty'.

[Tue Oct 22 16:50:28 2019]
rule filter:
    input: outputs/join/RPS12_REH1_plustet2.assembled.fastq
    output: outputs/filter/RPS12_REH1_plustet2.fq
    jobid: 128
    wildcards: sample_id=RPS12_REH1_plustet2

tools/fastx/0.0.13/fastq_quality_filter -i outputs/join/RPS12_REH1_plustet2.assembled.fastq -o outputs/filter/RPS12_REH1_plustet2.fq -q 30 -p 90 -Q33 -v
Submitted job 128 with external jobid 'Submitted batch job 452421 on cluster faculty'.

[Tue Oct 22 16:50:28 2019]
rule filter:
    input: outputs/join/ND9_3B_MRB7260_plustet1.assembled.fastq
    output: outputs/filter/ND9_3B_MRB7260_plustet1.fq
    jobid: 123
    wildcards: sample_id=ND9_3B_MRB7260_plustet1

tools/fastx/0.0.13/fastq_quality_filter -i outputs/join/ND9_3B_MRB7260_plustet1.assembled.fastq -o outputs/filter/ND9_3B_MRB7260_plustet1.fq -q 30 -p 90 -Q33 -v
Submitted job 123 with external jobid 'Submitted batch job 452422 on cluster faculty'.

[Tue Oct 22 16:50:28 2019]
rule filter:
    input: outputs/join/COIII_3B_MRB7260_mintet2.assembled.fastq
    output: outputs/filter/COIII_3B_MRB7260_mintet2.fq
    jobid: 106
    wildcards: sample_id=COIII_3B_MRB7260_mintet2

tools/fastx/0.0.13/fastq_quality_filter -i outputs/join/COIII_3B_MRB7260_mintet2.assembled.fastq -o outputs/filter/COIII_3B_MRB7260_mintet2.fq -q 30 -p 90 -Q33 -v
Submitted job 106 with external jobid 'Submitted batch job 452423 on cluster faculty'.

[Tue Oct 22 16:50:29 2019]
rule fq_2_fa:
    input: outputs/filter/CR3_REH1_plustet2.fq
    output: outputs/fq_2_fa/CR3_REH1_plustet2.fa
    jobid: 80
    wildcards: sample_id=CR3_REH1_plustet2

tools/fastx/0.0.13/fastq_to_fasta -i outputs/filter/CR3_REH1_plustet2.fq -o outputs/fq_2_fa/CR3_REH1_plustet2.fa -n -v -Q33
Submitted job 80 with external jobid 'Submitted batch job 452424 on cluster faculty'.

[Tue Oct 22 16:50:29 2019]
rule filter:
    input: outputs/join/A6_3B_MRB7260_plustet1.assembled.fastq
    output: outputs/filter/A6_3B_MRB7260_plustet1.fq
    jobid: 99
    wildcards: sample_id=A6_3B_MRB7260_plustet1

tools/fastx/0.0.13/fastq_quality_filter -i outputs/join/A6_3B_MRB7260_plustet1.assembled.fastq -o outputs/filter/A6_3B_MRB7260_plustet1.fq -q 30 -p 90 -Q33 -v
Submitted job 99 with external jobid 'Submitted batch job 452425 on cluster faculty'.

[Tue Oct 22 16:50:29 2019]
rule filter:
    input: outputs/join/CR3_REH1_mintet2.assembled.fastq
    output: outputs/filter/CR3_REH1_mintet2.fq
    jobid: 110
    wildcards: sample_id=CR3_REH1_mintet2

tools/fastx/0.0.13/fastq_quality_filter -i outputs/join/CR3_REH1_mintet2.assembled.fastq -o outputs/filter/CR3_REH1_mintet2.fq -q 30 -p 90 -Q33 -v
Submitted job 110 with external jobid 'Submitted batch job 452426 on cluster faculty'.

[Tue Oct 22 16:50:29 2019]
rule fq_2_fa:
    input: outputs/filter/COIII_3B_MRB7260_plustet2.fq
    output: outputs/fq_2_fa/COIII_3B_MRB7260_plustet2.fa
    jobid: 76
    wildcards: sample_id=COIII_3B_MRB7260_plustet2

tools/fastx/0.0.13/fastq_to_fasta -i outputs/filter/COIII_3B_MRB7260_plustet2.fq -o outputs/fq_2_fa/COIII_3B_MRB7260_plustet2.fa -n -v -Q33
Submitted job 76 with external jobid 'Submitted batch job 452427 on cluster faculty'.

[Tue Oct 22 16:50:29 2019]
rule filter:
    input: outputs/join/ND8_3B_MRB7260_plustet2.assembled.fastq
    output: outputs/filter/ND8_3B_MRB7260_plustet2.fq
    jobid: 120
    wildcards: sample_id=ND8_3B_MRB7260_plustet2

tools/fastx/0.0.13/fastq_quality_filter -i outputs/join/ND8_3B_MRB7260_plustet2.assembled.fastq -o outputs/filter/ND8_3B_MRB7260_plustet2.fq -q 30 -p 90 -Q33 -v
Submitted job 120 with external jobid 'Submitted batch job 452428 on cluster faculty'.

[Tue Oct 22 16:50:29 2019]
rule filter:
    input: outputs/join/COIII_3B_MRB7260_mintet1.assembled.fastq
    output: outputs/filter/COIII_3B_MRB7260_mintet1.fq
    jobid: 105
    wildcards: sample_id=COIII_3B_MRB7260_mintet1

tools/fastx/0.0.13/fastq_quality_filter -i outputs/join/COIII_3B_MRB7260_mintet1.assembled.fastq -o outputs/filter/COIII_3B_MRB7260_mintet1.fq -q 30 -p 90 -Q33 -v
Submitted job 105 with external jobid 'Submitted batch job 452429 on cluster faculty'.

[Tue Oct 22 16:50:30 2019]
rule filter:
    input: outputs/join/COIII_3B_MRB7260_plustet1.assembled.fastq
    output: outputs/filter/COIII_3B_MRB7260_plustet1.fq
    jobid: 107
    wildcards: sample_id=COIII_3B_MRB7260_plustet1

tools/fastx/0.0.13/fastq_quality_filter -i outputs/join/COIII_3B_MRB7260_plustet1.assembled.fastq -o outputs/filter/COIII_3B_MRB7260_plustet1.fq -q 30 -p 90 -Q33 -v
Submitted job 107 with external jobid 'Submitted batch job 452430 on cluster faculty'.

[Tue Oct 22 16:50:30 2019]
rule filter:
    input: outputs/join/ND8_3B_MRB7260_mintet2.assembled.fastq
    output: outputs/filter/ND8_3B_MRB7260_mintet2.fq
    jobid: 118
    wildcards: sample_id=ND8_3B_MRB7260_mintet2

tools/fastx/0.0.13/fastq_quality_filter -i outputs/join/ND8_3B_MRB7260_mintet2.assembled.fastq -o outputs/filter/ND8_3B_MRB7260_mintet2.fq -q 30 -p 90 -Q33 -v
Submitted job 118 with external jobid 'Submitted batch job 452431 on cluster faculty'.

[Tue Oct 22 16:50:30 2019]
rule filter:
    input: outputs/join/A6_3B_MRB7260_mintet1.assembled.fastq
    output: outputs/filter/A6_3B_MRB7260_mintet1.fq
    jobid: 97
    wildcards: sample_id=A6_3B_MRB7260_mintet1

tools/fastx/0.0.13/fastq_quality_filter -i outputs/join/A6_3B_MRB7260_mintet1.assembled.fastq -o outputs/filter/A6_3B_MRB7260_mintet1.fq -q 30 -p 90 -Q33 -v
Submitted job 97 with external jobid 'Submitted batch job 452432 on cluster faculty'.

[Tue Oct 22 16:50:30 2019]
rule filter:
    input: outputs/join/ND9_3B_MRB7260_mintet1.assembled.fastq
    output: outputs/filter/ND9_3B_MRB7260_mintet1.fq
    jobid: 121
    wildcards: sample_id=ND9_3B_MRB7260_mintet1

tools/fastx/0.0.13/fastq_quality_filter -i outputs/join/ND9_3B_MRB7260_mintet1.assembled.fastq -o outputs/filter/ND9_3B_MRB7260_mintet1.fq -q 30 -p 90 -Q33 -v
Submitted job 121 with external jobid 'Submitted batch job 452433 on cluster faculty'.

[Tue Oct 22 16:50:30 2019]
rule filter:
    input: outputs/join/A6_3B_MRB7260_mintet2.assembled.fastq
    output: outputs/filter/A6_3B_MRB7260_mintet2.fq
    jobid: 98
    wildcards: sample_id=A6_3B_MRB7260_mintet2

tools/fastx/0.0.13/fastq_quality_filter -i outputs/join/A6_3B_MRB7260_mintet2.assembled.fastq -o outputs/filter/A6_3B_MRB7260_mintet2.fq -q 30 -p 90 -Q33 -v
Submitted job 98 with external jobid 'Submitted batch job 452434 on cluster faculty'.

[Tue Oct 22 16:50:30 2019]
rule filter:
    input: outputs/join/A6_3B_REH1_plustet1.assembled.fastq
    output: outputs/filter/A6_3B_REH1_plustet1.fq
    jobid: 103
    wildcards: sample_id=A6_3B_REH1_plustet1

tools/fastx/0.0.13/fastq_quality_filter -i outputs/join/A6_3B_REH1_plustet1.assembled.fastq -o outputs/filter/A6_3B_REH1_plustet1.fq -q 30 -p 90 -Q33 -v
Submitted job 103 with external jobid 'Submitted batch job 452435 on cluster faculty'.

[Tue Oct 22 16:50:30 2019]
rule filter:
    input: outputs/join/CR3_REH1_plustet1.assembled.fastq
    output: outputs/filter/CR3_REH1_plustet1.fq
    jobid: 111
    wildcards: sample_id=CR3_REH1_plustet1

tools/fastx/0.0.13/fastq_quality_filter -i outputs/join/CR3_REH1_plustet1.assembled.fastq -o outputs/filter/CR3_REH1_plustet1.fq -q 30 -p 90 -Q33 -v
Submitted job 111 with external jobid 'Submitted batch job 452436 on cluster faculty'.

[Tue Oct 22 16:50:31 2019]
rule filter:
    input: outputs/join/ND9_3B_MRB7260_mintet2.assembled.fastq
    output: outputs/filter/ND9_3B_MRB7260_mintet2.fq
    jobid: 122
    wildcards: sample_id=ND9_3B_MRB7260_mintet2

tools/fastx/0.0.13/fastq_quality_filter -i outputs/join/ND9_3B_MRB7260_mintet2.assembled.fastq -o outputs/filter/ND9_3B_MRB7260_mintet2.fq -q 30 -p 90 -Q33 -v
Submitted job 122 with external jobid 'Submitted batch job 452437 on cluster faculty'.

[Tue Oct 22 16:50:31 2019]
rule filter:
    input: outputs/join/CR4_3B_MRB7260_mintet1.assembled.fastq
    output: outputs/filter/CR4_3B_MRB7260_mintet1.fq
    jobid: 113
    wildcards: sample_id=CR4_3B_MRB7260_mintet1

tools/fastx/0.0.13/fastq_quality_filter -i outputs/join/CR4_3B_MRB7260_mintet1.assembled.fastq -o outputs/filter/CR4_3B_MRB7260_mintet1.fq -q 30 -p 90 -Q33 -v
Submitted job 113 with external jobid 'Submitted batch job 452438 on cluster faculty'.

[Tue Oct 22 16:50:31 2019]
rule join:
    input: outputs/unzip/RPS12_REH1_mintet2_R1.fq, outputs/unzip/RPS12_REH1_mintet2_R2.fq
    output: outputs/join/RPS12_REH1_mintet2.assembled.fastq
    jobid: 158
    wildcards: sample_id=RPS12_REH1_mintet2

tools/pear/0.9.6/pear -f outputs/unzip/RPS12_REH1_mintet2_R1.fq -r outputs/unzip/RPS12_REH1_mintet2_R2.fq -o outputs/join/RPS12_REH1_mintet2
Submitted job 158 with external jobid 'Submitted batch job 452439 on cluster faculty'.

[Tue Oct 22 16:50:31 2019]
rule collapse:
    input: outputs/trimmed/ND9_3B_MRB7260_plustet2.fa
    output: outputs/collapse/ND9_3B_MRB7260_plustet2.fa
    jobid: 28
    wildcards: sample_id=ND9_3B_MRB7260_plustet2

./tools/fastx/0.0.13/fastx_collapser -i outputs/trimmed/ND9_3B_MRB7260_plustet2.fa -o outputs/collapse/ND9_3B_MRB7260_plustet2.fa -v
Submitted job 28 with external jobid 'Submitted batch job 452440 on cluster faculty'.

[Tue Oct 22 16:50:31 2019]
rule filter:
    input: outputs/join/RPS12_REH1_plustet1.assembled.fastq
    output: outputs/filter/RPS12_REH1_plustet1.fq
    jobid: 127
    wildcards: sample_id=RPS12_REH1_plustet1

tools/fastx/0.0.13/fastq_quality_filter -i outputs/join/RPS12_REH1_plustet1.assembled.fastq -o outputs/filter/RPS12_REH1_plustet1.fq -q 30 -p 90 -Q33 -v
Submitted job 127 with external jobid 'Submitted batch job 452441 on cluster faculty'.

[Tue Oct 22 16:50:31 2019]
rule filter:
    input: outputs/join/A6_3B_REH1_mintet2.assembled.fastq
    output: outputs/filter/A6_3B_REH1_mintet2.fq
    jobid: 102
    wildcards: sample_id=A6_3B_REH1_mintet2

tools/fastx/0.0.13/fastq_quality_filter -i outputs/join/A6_3B_REH1_mintet2.assembled.fastq -o outputs/filter/A6_3B_REH1_mintet2.fq -q 30 -p 90 -Q33 -v
Submitted job 102 with external jobid 'Submitted batch job 452442 on cluster faculty'.

[Tue Oct 22 16:50:31 2019]
rule filter:
    input: outputs/join/A6_3B_MRB7260_plustet2.assembled.fastq
    output: outputs/filter/A6_3B_MRB7260_plustet2.fq
    jobid: 100
    wildcards: sample_id=A6_3B_MRB7260_plustet2

tools/fastx/0.0.13/fastq_quality_filter -i outputs/join/A6_3B_MRB7260_plustet2.assembled.fastq -o outputs/filter/A6_3B_MRB7260_plustet2.fq -q 30 -p 90 -Q33 -v
Submitted job 100 with external jobid 'Submitted batch job 452443 on cluster faculty'.

[Tue Oct 22 16:50:32 2019]
rule join:
    input: outputs/unzip/RPS12_REH1_mintet1_R1.fq, outputs/unzip/RPS12_REH1_mintet1_R2.fq
    output: outputs/join/RPS12_REH1_mintet1.assembled.fastq
    jobid: 157
    wildcards: sample_id=RPS12_REH1_mintet1

tools/pear/0.9.6/pear -f outputs/unzip/RPS12_REH1_mintet1_R1.fq -r outputs/unzip/RPS12_REH1_mintet1_R2.fq -o outputs/join/RPS12_REH1_mintet1
Submitted job 157 with external jobid 'Submitted batch job 452444 on cluster faculty'.

[Tue Oct 22 16:50:32 2019]
rule filter:
    input: outputs/join/CR4_3B_MRB7260_mintet2.assembled.fastq
    output: outputs/filter/CR4_3B_MRB7260_mintet2.fq
    jobid: 114
    wildcards: sample_id=CR4_3B_MRB7260_mintet2

tools/fastx/0.0.13/fastq_quality_filter -i outputs/join/CR4_3B_MRB7260_mintet2.assembled.fastq -o outputs/filter/CR4_3B_MRB7260_mintet2.fq -q 30 -p 90 -Q33 -v
Submitted job 114 with external jobid 'Submitted batch job 452445 on cluster faculty'.

[Tue Oct 22 16:50:32 2019]
rule filter:
    input: outputs/join/ND8_3B_MRB7260_plustet1.assembled.fastq
    output: outputs/filter/ND8_3B_MRB7260_plustet1.fq
    jobid: 119
    wildcards: sample_id=ND8_3B_MRB7260_plustet1

tools/fastx/0.0.13/fastq_quality_filter -i outputs/join/ND8_3B_MRB7260_plustet1.assembled.fastq -o outputs/filter/ND8_3B_MRB7260_plustet1.fq -q 30 -p 90 -Q33 -v
Submitted job 119 with external jobid 'Submitted batch job 452446 on cluster faculty'.

[Tue Oct 22 16:50:32 2019]
rule filter:
    input: outputs/join/A6_3B_REH1_plustet2.assembled.fastq
    output: outputs/filter/A6_3B_REH1_plustet2.fq
    jobid: 104
    wildcards: sample_id=A6_3B_REH1_plustet2

tools/fastx/0.0.13/fastq_quality_filter -i outputs/join/A6_3B_REH1_plustet2.assembled.fastq -o outputs/filter/A6_3B_REH1_plustet2.fq -q 30 -p 90 -Q33 -v
Submitted job 104 with external jobid 'Submitted batch job 452447 on cluster faculty'.

[Tue Oct 22 16:50:32 2019]
rule filter:
    input: outputs/join/ND8_3B_MRB7260_mintet1.assembled.fastq
    output: outputs/filter/ND8_3B_MRB7260_mintet1.fq
    jobid: 117
    wildcards: sample_id=ND8_3B_MRB7260_mintet1

tools/fastx/0.0.13/fastq_quality_filter -i outputs/join/ND8_3B_MRB7260_mintet1.assembled.fastq -o outputs/filter/ND8_3B_MRB7260_mintet1.fq -q 30 -p 90 -Q33 -v
Submitted job 117 with external jobid 'Submitted batch job 452448 on cluster faculty'.

[Tue Oct 22 16:50:32 2019]
rule filter:
    input: outputs/join/CR4_3B_MRB7260_plustet2.assembled.fastq
    output: outputs/filter/CR4_3B_MRB7260_plustet2.fq
    jobid: 116
    wildcards: sample_id=CR4_3B_MRB7260_plustet2

tools/fastx/0.0.13/fastq_quality_filter -i outputs/join/CR4_3B_MRB7260_plustet2.assembled.fastq -o outputs/filter/CR4_3B_MRB7260_plustet2.fq -q 30 -p 90 -Q33 -v
Submitted job 116 with external jobid 'Submitted batch job 452449 on cluster faculty'.

[Tue Oct 22 16:50:33 2019]
rule filter:
    input: outputs/join/A6_3B_REH1_mintet1.assembled.fastq
    output: outputs/filter/A6_3B_REH1_mintet1.fq
    jobid: 101
    wildcards: sample_id=A6_3B_REH1_mintet1

tools/fastx/0.0.13/fastq_quality_filter -i outputs/join/A6_3B_REH1_mintet1.assembled.fastq -o outputs/filter/A6_3B_REH1_mintet1.fq -q 30 -p 90 -Q33 -v
Submitted job 101 with external jobid 'Submitted batch job 452450 on cluster faculty'.

[Tue Oct 22 16:50:33 2019]
rule join:
    input: outputs/unzip/CR3_REH1_mintet1_R1.fq, outputs/unzip/CR3_REH1_mintet1_R2.fq
    output: outputs/join/CR3_REH1_mintet1.assembled.fastq
    jobid: 141
    wildcards: sample_id=CR3_REH1_mintet1

tools/pear/0.9.6/pear -f outputs/unzip/CR3_REH1_mintet1_R1.fq -r outputs/unzip/CR3_REH1_mintet1_R2.fq -o outputs/join/CR3_REH1_mintet1
Submitted job 141 with external jobid 'Submitted batch job 452451 on cluster faculty'.
Waiting at most 120 seconds for missing files.
[Tue Oct 22 16:51:26 2019]
Finished job 115.
1 of 127 steps (0.79%) done

[Tue Oct 22 16:51:26 2019]
rule fq_2_fa:
    input: outputs/filter/CR4_3B_MRB7260_plustet1.fq
    output: outputs/fq_2_fa/CR4_3B_MRB7260_plustet1.fa
    jobid: 83
    wildcards: sample_id=CR4_3B_MRB7260_plustet1

tools/fastx/0.0.13/fastq_to_fasta -i outputs/filter/CR4_3B_MRB7260_plustet1.fq -o outputs/fq_2_fa/CR4_3B_MRB7260_plustet1.fa -n -v -Q33
[Tue Oct 22 16:51:26 2019]
Finished job 123.
2 of 127 steps (2%) done
[Tue Oct 22 16:51:26 2019]
Finished job 106.
3 of 127 steps (2%) done
[Tue Oct 22 16:51:26 2019]
Finished job 80.
4 of 127 steps (3%) done
[Tue Oct 22 16:51:26 2019]
Finished job 99.
5 of 127 steps (4%) done
[Tue Oct 22 16:51:26 2019]
Finished job 76.
6 of 127 steps (5%) done
[Tue Oct 22 16:51:26 2019]
Submitted job 83 with external jobid 'Submitted batch job 452456 on cluster faculty'.
Finished job 120.
7 of 127 steps (6%) done

[Tue Oct 22 16:51:26 2019]
rule fq_2_fa:
    input: outputs/filter/A6_3B_MRB7260_plustet1.fq
    output: outputs/fq_2_fa/A6_3B_MRB7260_plustet1.fa
    jobid: 67
    wildcards: sample_id=A6_3B_MRB7260_plustet1

tools/fastx/0.0.13/fastq_to_fasta -i outputs/filter/A6_3B_MRB7260_plustet1.fq -o outputs/fq_2_fa/A6_3B_MRB7260_plustet1.fa -n -v -Q33
Submitted job 67 with external jobid 'Submitted batch job 452457 on cluster faculty'.

[Tue Oct 22 16:51:26 2019]
rule fq_2_fa:
    input: outputs/filter/ND8_3B_MRB7260_plustet2.fq
    output: outputs/fq_2_fa/ND8_3B_MRB7260_plustet2.fa
    jobid: 88
    wildcards: sample_id=ND8_3B_MRB7260_plustet2

tools/fastx/0.0.13/fastq_to_fasta -i outputs/filter/ND8_3B_MRB7260_plustet2.fq -o outputs/fq_2_fa/ND8_3B_MRB7260_plustet2.fa -n -v -Q33
Submitted job 88 with external jobid 'Submitted batch job 452458 on cluster faculty'.

[Tue Oct 22 16:51:27 2019]
rule fq_2_fa:
    input: outputs/filter/ND9_3B_MRB7260_plustet1.fq
    output: outputs/fq_2_fa/ND9_3B_MRB7260_plustet1.fa
    jobid: 91
    wildcards: sample_id=ND9_3B_MRB7260_plustet1

tools/fastx/0.0.13/fastq_to_fasta -i outputs/filter/ND9_3B_MRB7260_plustet1.fq -o outputs/fq_2_fa/ND9_3B_MRB7260_plustet1.fa -n -v -Q33
Submitted job 91 with external jobid 'Submitted batch job 452459 on cluster faculty'.

[Tue Oct 22 16:51:27 2019]
rule fq_2_fa:
    input: outputs/filter/COIII_3B_MRB7260_mintet2.fq
    output: outputs/fq_2_fa/COIII_3B_MRB7260_mintet2.fa
    jobid: 74
    wildcards: sample_id=COIII_3B_MRB7260_mintet2

tools/fastx/0.0.13/fastq_to_fasta -i outputs/filter/COIII_3B_MRB7260_mintet2.fq -o outputs/fq_2_fa/COIII_3B_MRB7260_mintet2.fa -n -v -Q33
Submitted job 74 with external jobid 'Submitted batch job 452460 on cluster faculty'.

[Tue Oct 22 16:51:27 2019]
rule trim:
    input: outputs/fq_2_fa/COIII_3B_MRB7260_plustet2.fa
    output: outputs/trimmed/COIII_3B_MRB7260_plustet2.fa
    jobid: 44
    wildcards: sample_id=COIII_3B_MRB7260_plustet2

./tools/cutadapt/1.16/cutadapt/bin/cutadapt -m 15 -g GCAGAAACAAAGGGG -a GGTAGTTTGTAGGAAGTT -n 2 outputs/fq_2_fa/COIII_3B_MRB7260_plustet2.fa > outputs/trimmed/COIII_3B_MRB7260_plustet2.fa 2>outputs/trimmed/COIII_3B_MRB7260_plustet2.fa.stats
Submitted job 44 with external jobid 'Submitted batch job 452461 on cluster faculty'.

[Tue Oct 22 16:51:27 2019]
rule trim:
    input: outputs/fq_2_fa/CR3_REH1_plustet2.fa
    output: outputs/trimmed/CR3_REH1_plustet2.fa
    jobid: 48
    wildcards: sample_id=CR3_REH1_plustet2

./tools/cutadapt/1.16/cutadapt/bin/cutadapt -m 15 -g AGAAATATAAATATGTGTATGATATAT -a AAGTATGCAAATAATTTTTGT -n 2 outputs/fq_2_fa/CR3_REH1_plustet2.fa > outputs/trimmed/CR3_REH1_plustet2.fa 2>outputs/trimmed/CR3_REH1_plustet2.fa.stats
[Tue Oct 22 16:51:27 2019]
Finished job 107.
8 of 127 steps (6%) done
Submitted job 48 with external jobid 'Submitted batch job 452462 on cluster faculty'.
[Tue Oct 22 16:51:27 2019]
Finished job 118.
9 of 127 steps (7%) done

[Tue Oct 22 16:51:27 2019]
rule fq_2_fa:
    input: outputs/filter/ND8_3B_MRB7260_mintet2.fq
    output: outputs/fq_2_fa/ND8_3B_MRB7260_mintet2.fa
    jobid: 86
    wildcards: sample_id=ND8_3B_MRB7260_mintet2

tools/fastx/0.0.13/fastq_to_fasta -i outputs/filter/ND8_3B_MRB7260_mintet2.fq -o outputs/fq_2_fa/ND8_3B_MRB7260_mintet2.fa -n -v -Q33
[Tue Oct 22 16:51:27 2019]
Finished job 97.
10 of 127 steps (8%) done
[Tue Oct 22 16:51:27 2019]
Finished job 121.
11 of 127 steps (9%) done
[Tue Oct 22 16:51:27 2019]
Finished job 103.
12 of 127 steps (9%) done
[Tue Oct 22 16:51:27 2019]
Finished job 122.
13 of 127 steps (10%) done
[Tue Oct 22 16:51:27 2019]
Finished job 113.
14 of 127 steps (11%) done
Submitted job 86 with external jobid 'Submitted batch job 452463 on cluster faculty'.

[Tue Oct 22 16:51:27 2019]
rule fq_2_fa:
    input: outputs/filter/COIII_3B_MRB7260_plustet1.fq
    output: outputs/fq_2_fa/COIII_3B_MRB7260_plustet1.fa
    jobid: 75
    wildcards: sample_id=COIII_3B_MRB7260_plustet1

tools/fastx/0.0.13/fastq_to_fasta -i outputs/filter/COIII_3B_MRB7260_plustet1.fq -o outputs/fq_2_fa/COIII_3B_MRB7260_plustet1.fa -n -v -Q33
Submitted job 75 with external jobid 'Submitted batch job 452464 on cluster faculty'.

[Tue Oct 22 16:51:27 2019]
rule fq_2_fa:
    input: outputs/filter/A6_3B_MRB7260_mintet1.fq
    output: outputs/fq_2_fa/A6_3B_MRB7260_mintet1.fa
    jobid: 65
    wildcards: sample_id=A6_3B_MRB7260_mintet1

tools/fastx/0.0.13/fastq_to_fasta -i outputs/filter/A6_3B_MRB7260_mintet1.fq -o outputs/fq_2_fa/A6_3B_MRB7260_mintet1.fa -n -v -Q33
Submitted job 65 with external jobid 'Submitted batch job 452465 on cluster faculty'.

[Tue Oct 22 16:51:28 2019]
rule fq_2_fa:
    input: outputs/filter/ND9_3B_MRB7260_mintet1.fq
    output: outputs/fq_2_fa/ND9_3B_MRB7260_mintet1.fa
    jobid: 89
    wildcards: sample_id=ND9_3B_MRB7260_mintet1

tools/fastx/0.0.13/fastq_to_fasta -i outputs/filter/ND9_3B_MRB7260_mintet1.fq -o outputs/fq_2_fa/ND9_3B_MRB7260_mintet1.fa -n -v -Q33
Submitted job 89 with external jobid 'Submitted batch job 452466 on cluster faculty'.

[Tue Oct 22 16:51:28 2019]
rule fq_2_fa:
    input: outputs/filter/CR4_3B_MRB7260_mintet1.fq
    output: outputs/fq_2_fa/CR4_3B_MRB7260_mintet1.fa
    jobid: 81
    wildcards: sample_id=CR4_3B_MRB7260_mintet1

tools/fastx/0.0.13/fastq_to_fasta -i outputs/filter/CR4_3B_MRB7260_mintet1.fq -o outputs/fq_2_fa/CR4_3B_MRB7260_mintet1.fa -n -v -Q33
Submitted job 81 with external jobid 'Submitted batch job 452467 on cluster faculty'.

[Tue Oct 22 16:51:28 2019]
rule fq_2_fa:
    input: outputs/filter/A6_3B_REH1_plustet1.fq
    output: outputs/fq_2_fa/A6_3B_REH1_plustet1.fa
    jobid: 71
    wildcards: sample_id=A6_3B_REH1_plustet1

tools/fastx/0.0.13/fastq_to_fasta -i outputs/filter/A6_3B_REH1_plustet1.fq -o outputs/fq_2_fa/A6_3B_REH1_plustet1.fa -n -v -Q33
Submitted job 71 with external jobid 'Submitted batch job 452468 on cluster faculty'.

[Tue Oct 22 16:51:28 2019]
rule fq_2_fa:
    input: outputs/filter/ND9_3B_MRB7260_mintet2.fq
    output: outputs/fq_2_fa/ND9_3B_MRB7260_mintet2.fa
    jobid: 90
    wildcards: sample_id=ND9_3B_MRB7260_mintet2

tools/fastx/0.0.13/fastq_to_fasta -i outputs/filter/ND9_3B_MRB7260_mintet2.fq -o outputs/fq_2_fa/ND9_3B_MRB7260_mintet2.fa -n -v -Q33
[Tue Oct 22 16:51:28 2019]
Finished job 28.
15 of 127 steps (12%) done
Submitted job 90 with external jobid 'Submitted batch job 452469 on cluster faculty'.
[Tue Oct 22 16:51:40 2019]
Finished job 128.
16 of 127 steps (13%) done

[Tue Oct 22 16:51:40 2019]
rule fq_2_fa:
    input: outputs/filter/RPS12_REH1_plustet2.fq
    output: outputs/fq_2_fa/RPS12_REH1_plustet2.fa
    jobid: 96
    wildcards: sample_id=RPS12_REH1_plustet2

tools/fastx/0.0.13/fastq_to_fasta -i outputs/filter/RPS12_REH1_plustet2.fq -o outputs/fq_2_fa/RPS12_REH1_plustet2.fa -n -v -Q33
[Tue Oct 22 16:51:40 2019]
Finished job 105.
17 of 127 steps (13%) done
[Tue Oct 22 16:51:40 2019]
Finished job 98.
18 of 127 steps (14%) done
Submitted job 96 with external jobid 'Submitted batch job 452470 on cluster faculty'.

[Tue Oct 22 16:51:40 2019]
rule fq_2_fa:
    input: outputs/filter/A6_3B_MRB7260_mintet2.fq
    output: outputs/fq_2_fa/A6_3B_MRB7260_mintet2.fa
    jobid: 66
    wildcards: sample_id=A6_3B_MRB7260_mintet2

tools/fastx/0.0.13/fastq_to_fasta -i outputs/filter/A6_3B_MRB7260_mintet2.fq -o outputs/fq_2_fa/A6_3B_MRB7260_mintet2.fa -n -v -Q33
Submitted job 66 with external jobid 'Submitted batch job 452471 on cluster faculty'.

[Tue Oct 22 16:51:41 2019]
rule fq_2_fa:
    input: outputs/filter/COIII_3B_MRB7260_mintet1.fq
    output: outputs/fq_2_fa/COIII_3B_MRB7260_mintet1.fa
    jobid: 73
    wildcards: sample_id=COIII_3B_MRB7260_mintet1

tools/fastx/0.0.13/fastq_to_fasta -i outputs/filter/COIII_3B_MRB7260_mintet1.fq -o outputs/fq_2_fa/COIII_3B_MRB7260_mintet1.fa -n -v -Q33
Submitted job 73 with external jobid 'Submitted batch job 452472 on cluster faculty'.
[Tue Oct 22 16:51:52 2019]
Finished job 83.
19 of 127 steps (15%) done

[Tue Oct 22 16:51:52 2019]
rule trim:
    input: outputs/fq_2_fa/CR4_3B_MRB7260_plustet1.fa
    output: outputs/trimmed/CR4_3B_MRB7260_plustet1.fa
    jobid: 51
    wildcards: sample_id=CR4_3B_MRB7260_plustet1

./tools/cutadapt/1.16/cutadapt/bin/cutadapt -m 15 -g GAGTTTGATTGGGGGGTTTTAGTTGGT -a TGGTTTTATAAAATGTTTTTTCT -n 2 outputs/fq_2_fa/CR4_3B_MRB7260_plustet1.fa > outputs/trimmed/CR4_3B_MRB7260_plustet1.fa 2>outputs/trimmed/CR4_3B_MRB7260_plustet1.fa.stats
[Tue Oct 22 16:51:52 2019]
Finished job 67.
20 of 127 steps (16%) done
[Tue Oct 22 16:51:52 2019]
Finished job 88.
21 of 127 steps (17%) done
[Tue Oct 22 16:51:52 2019]
Finished job 91.
22 of 127 steps (17%) done
[Tue Oct 22 16:51:52 2019]
Finished job 44.
23 of 127 steps (18%) done
[Tue Oct 22 16:51:52 2019]
Finished job 48.
24 of 127 steps (19%) done
Submitted job 51 with external jobid 'Submitted batch job 452473 on cluster faculty'.

[Tue Oct 22 16:51:52 2019]
rule collapse:
    input: outputs/trimmed/CR3_REH1_plustet2.fa
    output: outputs/collapse/CR3_REH1_plustet2.fa
    jobid: 16
    wildcards: sample_id=CR3_REH1_plustet2

./tools/fastx/0.0.13/fastx_collapser -i outputs/trimmed/CR3_REH1_plustet2.fa -o outputs/collapse/CR3_REH1_plustet2.fa -v
Submitted job 16 with external jobid 'Submitted batch job 452474 on cluster faculty'.

[Tue Oct 22 16:51:53 2019]
rule collapse:
    input: outputs/trimmed/COIII_3B_MRB7260_plustet2.fa
    output: outputs/collapse/COIII_3B_MRB7260_plustet2.fa
    jobid: 12
    wildcards: sample_id=COIII_3B_MRB7260_plustet2

./tools/fastx/0.0.13/fastx_collapser -i outputs/trimmed/COIII_3B_MRB7260_plustet2.fa -o outputs/collapse/COIII_3B_MRB7260_plustet2.fa -v
Submitted job 12 with external jobid 'Submitted batch job 452475 on cluster faculty'.

[Tue Oct 22 16:51:53 2019]
rule trim:
    input: outputs/fq_2_fa/ND8_3B_MRB7260_plustet2.fa
    output: outputs/trimmed/ND8_3B_MRB7260_plustet2.fa
    jobid: 56
    wildcards: sample_id=ND8_3B_MRB7260_plustet2

./tools/cutadapt/1.16/cutadapt/bin/cutadapt -m 15 -g GAGCAGGAGTTTTTCGGGGG -a CACGGTGAAATTAAATTTTGACTAAAT -n 2 outputs/fq_2_fa/ND8_3B_MRB7260_plustet2.fa > outputs/trimmed/ND8_3B_MRB7260_plustet2.fa 2>outputs/trimmed/ND8_3B_MRB7260_plustet2.fa.stats
Submitted job 56 with external jobid 'Submitted batch job 452476 on cluster faculty'.

[Tue Oct 22 16:51:53 2019]
rule trim:
    input: outputs/fq_2_fa/A6_3B_MRB7260_plustet1.fa
    output: outputs/trimmed/A6_3B_MRB7260_plustet1.fa
    jobid: 35
    wildcards: sample_id=A6_3B_MRB7260_plustet1

./tools/cutadapt/1.16/cutadapt/bin/cutadapt -m 15 -g GAAAACACCCATTTTTAGGAGG -a GGAGTTATAGAATAAGATCAAATAAG -n 2 outputs/fq_2_fa/A6_3B_MRB7260_plustet1.fa > outputs/trimmed/A6_3B_MRB7260_plustet1.fa 2>outputs/trimmed/A6_3B_MRB7260_plustet1.fa.stats
Submitted job 35 with external jobid 'Submitted batch job 452477 on cluster faculty'.

[Tue Oct 22 16:51:53 2019]
rule trim:
    input: outputs/fq_2_fa/ND9_3B_MRB7260_plustet1.fa
    output: outputs/trimmed/ND9_3B_MRB7260_plustet1.fa
    jobid: 59
    wildcards: sample_id=ND9_3B_MRB7260_plustet1

./tools/cutadapt/1.16/cutadapt/bin/cutadapt -m 15 -g TTGGTAGGAGGATGATTGGG -a CACCGTTGTAATTCTAAATTTC -n 2 outputs/fq_2_fa/ND9_3B_MRB7260_plustet1.fa > outputs/trimmed/ND9_3B_MRB7260_plustet1.fa 2>outputs/trimmed/ND9_3B_MRB7260_plustet1.fa.stats
Submitted job 59 with external jobid 'Submitted batch job 452478 on cluster faculty'.
[Tue Oct 22 16:51:53 2019]
Finished job 89.
25 of 127 steps (20%) done

[Tue Oct 22 16:51:53 2019]
rule trim:
    input: outputs/fq_2_fa/ND9_3B_MRB7260_mintet1.fa
    output: outputs/trimmed/ND9_3B_MRB7260_mintet1.fa
    jobid: 57
    wildcards: sample_id=ND9_3B_MRB7260_mintet1

./tools/cutadapt/1.16/cutadapt/bin/cutadapt -m 15 -g TTGGTAGGAGGATGATTGGG -a CACCGTTGTAATTCTAAATTTC -n 2 outputs/fq_2_fa/ND9_3B_MRB7260_mintet1.fa > outputs/trimmed/ND9_3B_MRB7260_mintet1.fa 2>outputs/trimmed/ND9_3B_MRB7260_mintet1.fa.stats
[Tue Oct 22 16:51:53 2019]
Finished job 110.
26 of 127 steps (20%) done
Submitted job 57 with external jobid 'Submitted batch job 452479 on cluster faculty'.

[Tue Oct 22 16:51:53 2019]
rule fq_2_fa:
    input: outputs/filter/CR3_REH1_mintet2.fq
    output: outputs/fq_2_fa/CR3_REH1_mintet2.fa
    jobid: 78
    wildcards: sample_id=CR3_REH1_mintet2

tools/fastx/0.0.13/fastq_to_fasta -i outputs/filter/CR3_REH1_mintet2.fq -o outputs/fq_2_fa/CR3_REH1_mintet2.fa -n -v -Q33
Submitted job 78 with external jobid 'Submitted batch job 452480 on cluster faculty'.
[Tue Oct 22 16:51:54 2019]
Finished job 102.
27 of 127 steps (21%) done

[Tue Oct 22 16:51:54 2019]
rule fq_2_fa:
    input: outputs/filter/A6_3B_REH1_mintet2.fq
    output: outputs/fq_2_fa/A6_3B_REH1_mintet2.fa
    jobid: 70
    wildcards: sample_id=A6_3B_REH1_mintet2

tools/fastx/0.0.13/fastq_to_fasta -i outputs/filter/A6_3B_REH1_mintet2.fq -o outputs/fq_2_fa/A6_3B_REH1_mintet2.fa -n -v -Q33
Submitted job 70 with external jobid 'Submitted batch job 452481 on cluster faculty'.
[Tue Oct 22 16:52:05 2019]
Finished job 12.
28 of 127 steps (22%) done
[Tue Oct 22 16:52:06 2019]
Finished job 74.
29 of 127 steps (23%) done

[Tue Oct 22 16:52:06 2019]
rule trim:
    input: outputs/fq_2_fa/COIII_3B_MRB7260_mintet2.fa
    output: outputs/trimmed/COIII_3B_MRB7260_mintet2.fa
    jobid: 42
    wildcards: sample_id=COIII_3B_MRB7260_mintet2

./tools/cutadapt/1.16/cutadapt/bin/cutadapt -m 15 -g GCAGAAACAAAGGGG -a GGTAGTTTGTAGGAAGTT -n 2 outputs/fq_2_fa/COIII_3B_MRB7260_mintet2.fa > outputs/trimmed/COIII_3B_MRB7260_mintet2.fa 2>outputs/trimmed/COIII_3B_MRB7260_mintet2.fa.stats
[Tue Oct 22 16:52:06 2019]
Finished job 86.
30 of 127 steps (24%) done
[Tue Oct 22 16:52:06 2019]
Finished job 75.
31 of 127 steps (24%) done
[Tue Oct 22 16:52:06 2019]
Finished job 65.
32 of 127 steps (25%) done
[Tue Oct 22 16:52:06 2019]
Finished job 111.
33 of 127 steps (26%) done
Submitted job 42 with external jobid 'Submitted batch job 452482 on cluster faculty'.

[Tue Oct 22 16:52:07 2019]
rule trim:
    input: outputs/fq_2_fa/A6_3B_MRB7260_mintet1.fa
    output: outputs/trimmed/A6_3B_MRB7260_mintet1.fa
    jobid: 33
    wildcards: sample_id=A6_3B_MRB7260_mintet1

./tools/cutadapt/1.16/cutadapt/bin/cutadapt -m 15 -g GAAAACACCCATTTTTAGGAGG -a GGAGTTATAGAATAAGATCAAATAAG -n 2 outputs/fq_2_fa/A6_3B_MRB7260_mintet1.fa > outputs/trimmed/A6_3B_MRB7260_mintet1.fa 2>outputs/trimmed/A6_3B_MRB7260_mintet1.fa.stats
Submitted job 33 with external jobid 'Submitted batch job 452483 on cluster faculty'.

[Tue Oct 22 16:52:07 2019]
rule trim:
    input: outputs/fq_2_fa/ND8_3B_MRB7260_mintet2.fa
    output: outputs/trimmed/ND8_3B_MRB7260_mintet2.fa
    jobid: 54
    wildcards: sample_id=ND8_3B_MRB7260_mintet2

./tools/cutadapt/1.16/cutadapt/bin/cutadapt -m 15 -g GAGCAGGAGTTTTTCGGGGG -a CACGGTGAAATTAAATTTTGACTAAAT -n 2 outputs/fq_2_fa/ND8_3B_MRB7260_mintet2.fa > outputs/trimmed/ND8_3B_MRB7260_mintet2.fa 2>outputs/trimmed/ND8_3B_MRB7260_mintet2.fa.stats
Submitted job 54 with external jobid 'Submitted batch job 452484 on cluster faculty'.

[Tue Oct 22 16:52:07 2019]
rule trim:
    input: outputs/fq_2_fa/COIII_3B_MRB7260_plustet1.fa
    output: outputs/trimmed/COIII_3B_MRB7260_plustet1.fa
    jobid: 43
    wildcards: sample_id=COIII_3B_MRB7260_plustet1

./tools/cutadapt/1.16/cutadapt/bin/cutadapt -m 15 -g GCAGAAACAAAGGGG -a GGTAGTTTGTAGGAAGTT -n 2 outputs/fq_2_fa/COIII_3B_MRB7260_plustet1.fa > outputs/trimmed/COIII_3B_MRB7260_plustet1.fa 2>outputs/trimmed/COIII_3B_MRB7260_plustet1.fa.stats
Submitted job 43 with external jobid 'Submitted batch job 452485 on cluster faculty'.

[Tue Oct 22 16:52:07 2019]
rule fq_2_fa:
    input: outputs/filter/CR3_REH1_plustet1.fq
    output: outputs/fq_2_fa/CR3_REH1_plustet1.fa
    jobid: 79
    wildcards: sample_id=CR3_REH1_plustet1

tools/fastx/0.0.13/fastq_to_fasta -i outputs/filter/CR3_REH1_plustet1.fq -o outputs/fq_2_fa/CR3_REH1_plustet1.fa -n -v -Q33
Submitted job 79 with external jobid 'Submitted batch job 452486 on cluster faculty'.
[Tue Oct 22 16:52:07 2019]
Finished job 127.
34 of 127 steps (27%) done

[Tue Oct 22 16:52:07 2019]
rule fq_2_fa:
    input: outputs/filter/RPS12_REH1_plustet1.fq
    output: outputs/fq_2_fa/RPS12_REH1_plustet1.fa
    jobid: 95
    wildcards: sample_id=RPS12_REH1_plustet1

tools/fastx/0.0.13/fastq_to_fasta -i outputs/filter/RPS12_REH1_plustet1.fq -o outputs/fq_2_fa/RPS12_REH1_plustet1.fa -n -v -Q33
[Tue Oct 22 16:52:07 2019]
Finished job 100.
35 of 127 steps (28%) done
[Tue Oct 22 16:52:07 2019]
Finished job 114.
36 of 127 steps (28%) done
[Tue Oct 22 16:52:07 2019]
Finished job 116.
37 of 127 steps (29%) done
Submitted job 95 with external jobid 'Submitted batch job 452487 on cluster faculty'.

[Tue Oct 22 16:52:07 2019]
rule fq_2_fa:
    input: outputs/filter/CR4_3B_MRB7260_plustet2.fq
    output: outputs/fq_2_fa/CR4_3B_MRB7260_plustet2.fa
    jobid: 84
    wildcards: sample_id=CR4_3B_MRB7260_plustet2

tools/fastx/0.0.13/fastq_to_fasta -i outputs/filter/CR4_3B_MRB7260_plustet2.fq -o outputs/fq_2_fa/CR4_3B_MRB7260_plustet2.fa -n -v -Q33
Submitted job 84 with external jobid 'Submitted batch job 452488 on cluster faculty'.

[Tue Oct 22 16:52:08 2019]
rule fq_2_fa:
    input: outputs/filter/A6_3B_MRB7260_plustet2.fq
    output: outputs/fq_2_fa/A6_3B_MRB7260_plustet2.fa
    jobid: 68
    wildcards: sample_id=A6_3B_MRB7260_plustet2

tools/fastx/0.0.13/fastq_to_fasta -i outputs/filter/A6_3B_MRB7260_plustet2.fq -o outputs/fq_2_fa/A6_3B_MRB7260_plustet2.fa -n -v -Q33
Submitted job 68 with external jobid 'Submitted batch job 452489 on cluster faculty'.

[Tue Oct 22 16:52:08 2019]
rule fq_2_fa:
    input: outputs/filter/CR4_3B_MRB7260_mintet2.fq
    output: outputs/fq_2_fa/CR4_3B_MRB7260_mintet2.fa
    jobid: 82
    wildcards: sample_id=CR4_3B_MRB7260_mintet2

tools/fastx/0.0.13/fastq_to_fasta -i outputs/filter/CR4_3B_MRB7260_mintet2.fq -o outputs/fq_2_fa/CR4_3B_MRB7260_mintet2.fa -n -v -Q33
Submitted job 82 with external jobid 'Submitted batch job 452490 on cluster faculty'.
[Tue Oct 22 16:52:19 2019]
Finished job 16.
38 of 127 steps (30%) done
[Tue Oct 22 16:52:20 2019]
Finished job 81.
39 of 127 steps (31%) done

[Tue Oct 22 16:52:20 2019]
rule trim:
    input: outputs/fq_2_fa/CR4_3B_MRB7260_mintet1.fa
    output: outputs/trimmed/CR4_3B_MRB7260_mintet1.fa
    jobid: 49
    wildcards: sample_id=CR4_3B_MRB7260_mintet1

./tools/cutadapt/1.16/cutadapt/bin/cutadapt -m 15 -g GAGTTTGATTGGGGGGTTTTAGTTGGT -a TGGTTTTATAAAATGTTTTTTCT -n 2 outputs/fq_2_fa/CR4_3B_MRB7260_mintet1.fa > outputs/trimmed/CR4_3B_MRB7260_mintet1.fa 2>outputs/trimmed/CR4_3B_MRB7260_mintet1.fa.stats
[Tue Oct 22 16:52:20 2019]
Finished job 71.
40 of 127 steps (31%) done
[Tue Oct 22 16:52:20 2019]
Finished job 90.
41 of 127 steps (32%) done
[Tue Oct 22 16:52:20 2019]
Finished job 119.
42 of 127 steps (33%) done
[Tue Oct 22 16:52:20 2019]
Finished job 104.
43 of 127 steps (34%) done
[Tue Oct 22 16:52:20 2019]
Finished job 117.
44 of 127 steps (35%) done
Submitted job 49 with external jobid 'Submitted batch job 452493 on cluster faculty'.

[Tue Oct 22 16:52:21 2019]
rule trim:
    input: outputs/fq_2_fa/ND9_3B_MRB7260_mintet2.fa
    output: outputs/trimmed/ND9_3B_MRB7260_mintet2.fa
    jobid: 58
    wildcards: sample_id=ND9_3B_MRB7260_mintet2

./tools/cutadapt/1.16/cutadapt/bin/cutadapt -m 15 -g TTGGTAGGAGGATGATTGGG -a CACCGTTGTAATTCTAAATTTC -n 2 outputs/fq_2_fa/ND9_3B_MRB7260_mintet2.fa > outputs/trimmed/ND9_3B_MRB7260_mintet2.fa 2>outputs/trimmed/ND9_3B_MRB7260_mintet2.fa.stats
Submitted job 58 with external jobid 'Submitted batch job 452494 on cluster faculty'.

[Tue Oct 22 16:52:21 2019]
rule trim:
    input: outputs/fq_2_fa/A6_3B_REH1_plustet1.fa
    output: outputs/trimmed/A6_3B_REH1_plustet1.fa
    jobid: 39
    wildcards: sample_id=A6_3B_REH1_plustet1

./tools/cutadapt/1.16/cutadapt/bin/cutadapt -m 15 -g GAAAACACCCATTTTTAGGAGG -a GGAGTTATAGAATAAGATCAAATAAG -n 2 outputs/fq_2_fa/A6_3B_REH1_plustet1.fa > outputs/trimmed/A6_3B_REH1_plustet1.fa 2>outputs/trimmed/A6_3B_REH1_plustet1.fa.stats
Submitted job 39 with external jobid 'Submitted batch job 452495 on cluster faculty'.

[Tue Oct 22 16:52:21 2019]
rule fq_2_fa:
    input: outputs/filter/ND8_3B_MRB7260_mintet1.fq
    output: outputs/fq_2_fa/ND8_3B_MRB7260_mintet1.fa
    jobid: 85
    wildcards: sample_id=ND8_3B_MRB7260_mintet1

tools/fastx/0.0.13/fastq_to_fasta -i outputs/filter/ND8_3B_MRB7260_mintet1.fq -o outputs/fq_2_fa/ND8_3B_MRB7260_mintet1.fa -n -v -Q33
Submitted job 85 with external jobid 'Submitted batch job 452496 on cluster faculty'.

[Tue Oct 22 16:52:21 2019]
rule fq_2_fa:
    input: outputs/filter/ND8_3B_MRB7260_plustet1.fq
    output: outputs/fq_2_fa/ND8_3B_MRB7260_plustet1.fa
    jobid: 87
    wildcards: sample_id=ND8_3B_MRB7260_plustet1

tools/fastx/0.0.13/fastq_to_fasta -i outputs/filter/ND8_3B_MRB7260_plustet1.fq -o outputs/fq_2_fa/ND8_3B_MRB7260_plustet1.fa -n -v -Q33
Submitted job 87 with external jobid 'Submitted batch job 452497 on cluster faculty'.

[Tue Oct 22 16:52:21 2019]
rule fq_2_fa:
    input: outputs/filter/A6_3B_REH1_plustet2.fq
    output: outputs/fq_2_fa/A6_3B_REH1_plustet2.fa
    jobid: 72
    wildcards: sample_id=A6_3B_REH1_plustet2

tools/fastx/0.0.13/fastq_to_fasta -i outputs/filter/A6_3B_REH1_plustet2.fq -o outputs/fq_2_fa/A6_3B_REH1_plustet2.fa -n -v -Q33
Submitted job 72 with external jobid 'Submitted batch job 452498 on cluster faculty'.
[Tue Oct 22 16:52:31 2019]
Finished job 51.
45 of 127 steps (35%) done

[Tue Oct 22 16:52:31 2019]
rule collapse:
    input: outputs/trimmed/CR4_3B_MRB7260_plustet1.fa
    output: outputs/collapse/CR4_3B_MRB7260_plustet1.fa
    jobid: 19
    wildcards: sample_id=CR4_3B_MRB7260_plustet1

./tools/fastx/0.0.13/fastx_collapser -i outputs/trimmed/CR4_3B_MRB7260_plustet1.fa -o outputs/collapse/CR4_3B_MRB7260_plustet1.fa -v
Submitted job 19 with external jobid 'Submitted batch job 452499 on cluster faculty'.
[Tue Oct 22 16:52:32 2019]
Finished job 96.
46 of 127 steps (36%) done

[Tue Oct 22 16:52:32 2019]
rule trim:
    input: outputs/fq_2_fa/RPS12_REH1_plustet2.fa
    output: outputs/trimmed/RPS12_REH1_plustet2.fa
    jobid: 64
    wildcards: sample_id=RPS12_REH1_plustet2

./tools/cutadapt/1.16/cutadapt/bin/cutadapt -m 15 -g CTAATACACTTTTGATAACAAAC -a AGATATAAGATATGTTTTT -n 2 outputs/fq_2_fa/RPS12_REH1_plustet2.fa > outputs/trimmed/RPS12_REH1_plustet2.fa 2>outputs/trimmed/RPS12_REH1_plustet2.fa.stats
[Tue Oct 22 16:52:32 2019]
Finished job 66.
47 of 127 steps (37%) done
[Tue Oct 22 16:52:32 2019]
Finished job 73.
48 of 127 steps (38%) done
Submitted job 64 with external jobid 'Submitted batch job 452500 on cluster faculty'.

[Tue Oct 22 16:52:33 2019]
rule trim:
    input: outputs/fq_2_fa/A6_3B_MRB7260_mintet2.fa
    output: outputs/trimmed/A6_3B_MRB7260_mintet2.fa
    jobid: 34
    wildcards: sample_id=A6_3B_MRB7260_mintet2

./tools/cutadapt/1.16/cutadapt/bin/cutadapt -m 15 -g GAAAACACCCATTTTTAGGAGG -a GGAGTTATAGAATAAGATCAAATAAG -n 2 outputs/fq_2_fa/A6_3B_MRB7260_mintet2.fa > outputs/trimmed/A6_3B_MRB7260_mintet2.fa 2>outputs/trimmed/A6_3B_MRB7260_mintet2.fa.stats
Submitted job 34 with external jobid 'Submitted batch job 452501 on cluster faculty'.

[Tue Oct 22 16:52:33 2019]
rule trim:
    input: outputs/fq_2_fa/COIII_3B_MRB7260_mintet1.fa
    output: outputs/trimmed/COIII_3B_MRB7260_mintet1.fa
    jobid: 41
    wildcards: sample_id=COIII_3B_MRB7260_mintet1

./tools/cutadapt/1.16/cutadapt/bin/cutadapt -m 15 -g GCAGAAACAAAGGGG -a GGTAGTTTGTAGGAAGTT -n 2 outputs/fq_2_fa/COIII_3B_MRB7260_mintet1.fa > outputs/trimmed/COIII_3B_MRB7260_mintet1.fa 2>outputs/trimmed/COIII_3B_MRB7260_mintet1.fa.stats
Submitted job 41 with external jobid 'Submitted batch job 452502 on cluster faculty'.
[Tue Oct 22 16:52:33 2019]
Finished job 101.
49 of 127 steps (39%) done

[Tue Oct 22 16:52:33 2019]
rule fq_2_fa:
    input: outputs/filter/A6_3B_REH1_mintet1.fq
    output: outputs/fq_2_fa/A6_3B_REH1_mintet1.fa
    jobid: 69
    wildcards: sample_id=A6_3B_REH1_mintet1

tools/fastx/0.0.13/fastq_to_fasta -i outputs/filter/A6_3B_REH1_mintet1.fq -o outputs/fq_2_fa/A6_3B_REH1_mintet1.fa -n -v -Q33
Submitted job 69 with external jobid 'Submitted batch job 452503 on cluster faculty'.
[Tue Oct 22 16:53:20 2019]
Finished job 19.
50 of 127 steps (39%) done
[Tue Oct 22 16:53:20 2019]
Finished job 64.
51 of 127 steps (40%) done

[Tue Oct 22 16:53:20 2019]
rule collapse:
    input: outputs/trimmed/RPS12_REH1_plustet2.fa
    output: outputs/collapse/RPS12_REH1_plustet2.fa
    jobid: 32
    wildcards: sample_id=RPS12_REH1_plustet2

./tools/fastx/0.0.13/fastx_collapser -i outputs/trimmed/RPS12_REH1_plustet2.fa -o outputs/collapse/RPS12_REH1_plustet2.fa -v
[Tue Oct 22 16:53:20 2019]
Finished job 34.
52 of 127 steps (41%) done
[Tue Oct 22 16:53:20 2019]
Finished job 41.
53 of 127 steps (42%) done
[Tue Oct 22 16:53:20 2019]
Finished job 42.
54 of 127 steps (43%) done
[Tue Oct 22 16:53:20 2019]
Finished job 33.
55 of 127 steps (43%) done
[Tue Oct 22 16:53:20 2019]
Finished job 54.
56 of 127 steps (44%) done
[Tue Oct 22 16:53:20 2019]
Finished job 43.
57 of 127 steps (45%) done
[Tue Oct 22 16:53:20 2019]
Finished job 79.
58 of 127 steps (46%) done
Submitted job 32 with external jobid 'Submitted batch job 452506 on cluster faculty'.

[Tue Oct 22 16:53:20 2019]
rule collapse:
    input: outputs/trimmed/COIII_3B_MRB7260_mintet2.fa
    output: outputs/collapse/COIII_3B_MRB7260_mintet2.fa
    jobid: 10
    wildcards: sample_id=COIII_3B_MRB7260_mintet2

./tools/fastx/0.0.13/fastx_collapser -i outputs/trimmed/COIII_3B_MRB7260_mintet2.fa -o outputs/collapse/COIII_3B_MRB7260_mintet2.fa -v
Submitted job 10 with external jobid 'Submitted batch job 452507 on cluster faculty'.

[Tue Oct 22 16:53:20 2019]
rule collapse:
    input: outputs/trimmed/COIII_3B_MRB7260_mintet1.fa
    output: outputs/collapse/COIII_3B_MRB7260_mintet1.fa
    jobid: 9
    wildcards: sample_id=COIII_3B_MRB7260_mintet1

./tools/fastx/0.0.13/fastx_collapser -i outputs/trimmed/COIII_3B_MRB7260_mintet1.fa -o outputs/collapse/COIII_3B_MRB7260_mintet1.fa -v
Submitted job 9 with external jobid 'Submitted batch job 452508 on cluster faculty'.

[Tue Oct 22 16:53:20 2019]
rule collapse:
    input: outputs/trimmed/COIII_3B_MRB7260_plustet1.fa
    output: outputs/collapse/COIII_3B_MRB7260_plustet1.fa
    jobid: 11
    wildcards: sample_id=COIII_3B_MRB7260_plustet1

./tools/fastx/0.0.13/fastx_collapser -i outputs/trimmed/COIII_3B_MRB7260_plustet1.fa -o outputs/collapse/COIII_3B_MRB7260_plustet1.fa -v
Submitted job 11 with external jobid 'Submitted batch job 452509 on cluster faculty'.

[Tue Oct 22 16:53:20 2019]
rule collapse:
    input: outputs/trimmed/ND8_3B_MRB7260_mintet2.fa
    output: outputs/collapse/ND8_3B_MRB7260_mintet2.fa
    jobid: 22
    wildcards: sample_id=ND8_3B_MRB7260_mintet2

./tools/fastx/0.0.13/fastx_collapser -i outputs/trimmed/ND8_3B_MRB7260_mintet2.fa -o outputs/collapse/ND8_3B_MRB7260_mintet2.fa -v
Submitted job 22 with external jobid 'Submitted batch job 452510 on cluster faculty'.

[Tue Oct 22 16:53:20 2019]
rule collapse:
    input: outputs/trimmed/A6_3B_MRB7260_mintet1.fa
    output: outputs/collapse/A6_3B_MRB7260_mintet1.fa
    jobid: 1
    wildcards: sample_id=A6_3B_MRB7260_mintet1

./tools/fastx/0.0.13/fastx_collapser -i outputs/trimmed/A6_3B_MRB7260_mintet1.fa -o outputs/collapse/A6_3B_MRB7260_mintet1.fa -v
Submitted job 1 with external jobid 'Submitted batch job 452511 on cluster faculty'.

[Tue Oct 22 16:53:20 2019]
rule collapse:
    input: outputs/trimmed/A6_3B_MRB7260_mintet2.fa
    output: outputs/collapse/A6_3B_MRB7260_mintet2.fa
    jobid: 2
    wildcards: sample_id=A6_3B_MRB7260_mintet2

./tools/fastx/0.0.13/fastx_collapser -i outputs/trimmed/A6_3B_MRB7260_mintet2.fa -o outputs/collapse/A6_3B_MRB7260_mintet2.fa -v
[Tue Oct 22 16:53:21 2019]
Finished job 84.
59 of 127 steps (46%) done
[Tue Oct 22 16:53:21 2019]
Finished job 68.
60 of 127 steps (47%) done
[Tue Oct 22 16:53:21 2019]
Finished job 82.
61 of 127 steps (48%) done
[Tue Oct 22 16:53:21 2019]
Finished job 56.
62 of 127 steps (49%) done
Submitted job 2 with external jobid 'Submitted batch job 452512 on cluster faculty'.

[Tue Oct 22 16:53:21 2019]
rule trim:
    input: outputs/fq_2_fa/CR3_REH1_plustet1.fa
    output: outputs/trimmed/CR3_REH1_plustet1.fa
    jobid: 47
    wildcards: sample_id=CR3_REH1_plustet1

./tools/cutadapt/1.16/cutadapt/bin/cutadapt -m 15 -g AGAAATATAAATATGTGTATGATATAT -a AAGTATGCAAATAATTTTTGT -n 2 outputs/fq_2_fa/CR3_REH1_plustet1.fa > outputs/trimmed/CR3_REH1_plustet1.fa 2>outputs/trimmed/CR3_REH1_plustet1.fa.stats
[Tue Oct 22 16:53:21 2019]
Finished job 35.
63 of 127 steps (50%) done
[Tue Oct 22 16:53:21 2019]
Finished job 59.
64 of 127 steps (50%) done
[Tue Oct 22 16:53:21 2019]
Finished job 57.
65 of 127 steps (51%) done
[Tue Oct 22 16:53:21 2019]
Finished job 78.
66 of 127 steps (52%) done
[Tue Oct 22 16:53:21 2019]
Finished job 70.
67 of 127 steps (53%) done
Submitted job 47 with external jobid 'Submitted batch job 452513 on cluster faculty'.

[Tue Oct 22 16:53:21 2019]
rule trim:
    input: outputs/fq_2_fa/CR4_3B_MRB7260_plustet2.fa
    output: outputs/trimmed/CR4_3B_MRB7260_plustet2.fa
    jobid: 52
    wildcards: sample_id=CR4_3B_MRB7260_plustet2

./tools/cutadapt/1.16/cutadapt/bin/cutadapt -m 15 -g GAGTTTGATTGGGGGGTTTTAGTTGGT -a TGGTTTTATAAAATGTTTTTTCT -n 2 outputs/fq_2_fa/CR4_3B_MRB7260_plustet2.fa > outputs/trimmed/CR4_3B_MRB7260_plustet2.fa 2>outputs/trimmed/CR4_3B_MRB7260_plustet2.fa.stats
Submitted job 52 with external jobid 'Submitted batch job 452514 on cluster faculty'.

[Tue Oct 22 16:53:21 2019]
rule collapse:
    input: outputs/trimmed/ND9_3B_MRB7260_plustet1.fa
    output: outputs/collapse/ND9_3B_MRB7260_plustet1.fa
    jobid: 27
    wildcards: sample_id=ND9_3B_MRB7260_plustet1

./tools/fastx/0.0.13/fastx_collapser -i outputs/trimmed/ND9_3B_MRB7260_plustet1.fa -o outputs/collapse/ND9_3B_MRB7260_plustet1.fa -v
Submitted job 27 with external jobid 'Submitted batch job 452515 on cluster faculty'.

[Tue Oct 22 16:53:21 2019]
rule collapse:
    input: outputs/trimmed/A6_3B_MRB7260_plustet1.fa
    output: outputs/collapse/A6_3B_MRB7260_plustet1.fa
    jobid: 3
    wildcards: sample_id=A6_3B_MRB7260_plustet1

./tools/fastx/0.0.13/fastx_collapser -i outputs/trimmed/A6_3B_MRB7260_plustet1.fa -o outputs/collapse/A6_3B_MRB7260_plustet1.fa -v
Submitted job 3 with external jobid 'Submitted batch job 452516 on cluster faculty'.

[Tue Oct 22 16:53:21 2019]
rule collapse:
    input: outputs/trimmed/ND8_3B_MRB7260_plustet2.fa
    output: outputs/collapse/ND8_3B_MRB7260_plustet2.fa
    jobid: 24
    wildcards: sample_id=ND8_3B_MRB7260_plustet2

./tools/fastx/0.0.13/fastx_collapser -i outputs/trimmed/ND8_3B_MRB7260_plustet2.fa -o outputs/collapse/ND8_3B_MRB7260_plustet2.fa -v
Submitted job 24 with external jobid 'Submitted batch job 452517 on cluster faculty'.

[Tue Oct 22 16:53:21 2019]
rule trim:
    input: outputs/fq_2_fa/CR4_3B_MRB7260_mintet2.fa
    output: outputs/trimmed/CR4_3B_MRB7260_mintet2.fa
    jobid: 50
    wildcards: sample_id=CR4_3B_MRB7260_mintet2

./tools/cutadapt/1.16/cutadapt/bin/cutadapt -m 15 -g GAGTTTGATTGGGGGGTTTTAGTTGGT -a TGGTTTTATAAAATGTTTTTTCT -n 2 outputs/fq_2_fa/CR4_3B_MRB7260_mintet2.fa > outputs/trimmed/CR4_3B_MRB7260_mintet2.fa 2>outputs/trimmed/CR4_3B_MRB7260_mintet2.fa.stats
Submitted job 50 with external jobid 'Submitted batch job 452518 on cluster faculty'.

[Tue Oct 22 16:53:21 2019]
rule trim:
    input: outputs/fq_2_fa/A6_3B_MRB7260_plustet2.fa
    output: outputs/trimmed/A6_3B_MRB7260_plustet2.fa
    jobid: 36
    wildcards: sample_id=A6_3B_MRB7260_plustet2

./tools/cutadapt/1.16/cutadapt/bin/cutadapt -m 15 -g GAAAACACCCATTTTTAGGAGG -a GGAGTTATAGAATAAGATCAAATAAG -n 2 outputs/fq_2_fa/A6_3B_MRB7260_plustet2.fa > outputs/trimmed/A6_3B_MRB7260_plustet2.fa 2>outputs/trimmed/A6_3B_MRB7260_plustet2.fa.stats
[Tue Oct 22 16:53:22 2019]
Finished job 49.
68 of 127 steps (54%) done
Submitted job 36 with external jobid 'Submitted batch job 452519 on cluster faculty'.
[Tue Oct 22 16:53:22 2019]
Finished job 58.
69 of 127 steps (54%) done

[Tue Oct 22 16:53:22 2019]
rule trim:
    input: outputs/fq_2_fa/A6_3B_REH1_mintet2.fa
    output: outputs/trimmed/A6_3B_REH1_mintet2.fa
    jobid: 38
    wildcards: sample_id=A6_3B_REH1_mintet2

./tools/cutadapt/1.16/cutadapt/bin/cutadapt -m 15 -g GAAAACACCCATTTTTAGGAGG -a GGAGTTATAGAATAAGATCAAATAAG -n 2 outputs/fq_2_fa/A6_3B_REH1_mintet2.fa > outputs/trimmed/A6_3B_REH1_mintet2.fa 2>outputs/trimmed/A6_3B_REH1_mintet2.fa.stats
[Tue Oct 22 16:53:22 2019]
Finished job 39.
70 of 127 steps (55%) done
[Tue Oct 22 16:53:22 2019]
Finished job 85.
71 of 127 steps (56%) done
[Tue Oct 22 16:53:22 2019]
Finished job 87.
72 of 127 steps (57%) done
[Tue Oct 22 16:53:22 2019]
Finished job 72.
73 of 127 steps (57%) done
Submitted job 38 with external jobid 'Submitted batch job 452520 on cluster faculty'.

[Tue Oct 22 16:53:22 2019]
rule collapse:
    input: outputs/trimmed/ND9_3B_MRB7260_mintet1.fa
    output: outputs/collapse/ND9_3B_MRB7260_mintet1.fa
    jobid: 25
    wildcards: sample_id=ND9_3B_MRB7260_mintet1

./tools/fastx/0.0.13/fastx_collapser -i outputs/trimmed/ND9_3B_MRB7260_mintet1.fa -o outputs/collapse/ND9_3B_MRB7260_mintet1.fa -v
Submitted job 25 with external jobid 'Submitted batch job 452521 on cluster faculty'.

[Tue Oct 22 16:53:22 2019]
rule trim:
    input: outputs/fq_2_fa/CR3_REH1_mintet2.fa
    output: outputs/trimmed/CR3_REH1_mintet2.fa
    jobid: 46
    wildcards: sample_id=CR3_REH1_mintet2

./tools/cutadapt/1.16/cutadapt/bin/cutadapt -m 15 -g AGAAATATAAATATGTGTATGATATAT -a AAGTATGCAAATAATTTTTGT -n 2 outputs/fq_2_fa/CR3_REH1_mintet2.fa > outputs/trimmed/CR3_REH1_mintet2.fa 2>outputs/trimmed/CR3_REH1_mintet2.fa.stats
Submitted job 46 with external jobid 'Submitted batch job 452522 on cluster faculty'.

[Tue Oct 22 16:53:22 2019]
rule trim:
    input: outputs/fq_2_fa/ND8_3B_MRB7260_mintet1.fa
    output: outputs/trimmed/ND8_3B_MRB7260_mintet1.fa
    jobid: 53
    wildcards: sample_id=ND8_3B_MRB7260_mintet1

./tools/cutadapt/1.16/cutadapt/bin/cutadapt -m 15 -g GAGCAGGAGTTTTTCGGGGG -a CACGGTGAAATTAAATTTTGACTAAAT -n 2 outputs/fq_2_fa/ND8_3B_MRB7260_mintet1.fa > outputs/trimmed/ND8_3B_MRB7260_mintet1.fa 2>outputs/trimmed/ND8_3B_MRB7260_mintet1.fa.stats
Submitted job 53 with external jobid 'Submitted batch job 452523 on cluster faculty'.

[Tue Oct 22 16:53:22 2019]
rule trim:
    input: outputs/fq_2_fa/A6_3B_REH1_plustet2.fa
    output: outputs/trimmed/A6_3B_REH1_plustet2.fa
    jobid: 40
    wildcards: sample_id=A6_3B_REH1_plustet2

./tools/cutadapt/1.16/cutadapt/bin/cutadapt -m 15 -g GAAAACACCCATTTTTAGGAGG -a GGAGTTATAGAATAAGATCAAATAAG -n 2 outputs/fq_2_fa/A6_3B_REH1_plustet2.fa > outputs/trimmed/A6_3B_REH1_plustet2.fa 2>outputs/trimmed/A6_3B_REH1_plustet2.fa.stats
Submitted job 40 with external jobid 'Submitted batch job 452524 on cluster faculty'.

[Tue Oct 22 16:53:22 2019]
rule trim:
    input: outputs/fq_2_fa/ND8_3B_MRB7260_plustet1.fa
    output: outputs/trimmed/ND8_3B_MRB7260_plustet1.fa
    jobid: 55
    wildcards: sample_id=ND8_3B_MRB7260_plustet1

./tools/cutadapt/1.16/cutadapt/bin/cutadapt -m 15 -g GAGCAGGAGTTTTTCGGGGG -a CACGGTGAAATTAAATTTTGACTAAAT -n 2 outputs/fq_2_fa/ND8_3B_MRB7260_plustet1.fa > outputs/trimmed/ND8_3B_MRB7260_plustet1.fa 2>outputs/trimmed/ND8_3B_MRB7260_plustet1.fa.stats
Submitted job 55 with external jobid 'Submitted batch job 452525 on cluster faculty'.

[Tue Oct 22 16:53:23 2019]
rule collapse:
    input: outputs/trimmed/A6_3B_REH1_plustet1.fa
    output: outputs/collapse/A6_3B_REH1_plustet1.fa
    jobid: 7
    wildcards: sample_id=A6_3B_REH1_plustet1

./tools/fastx/0.0.13/fastx_collapser -i outputs/trimmed/A6_3B_REH1_plustet1.fa -o outputs/collapse/A6_3B_REH1_plustet1.fa -v
Submitted job 7 with external jobid 'Submitted batch job 452526 on cluster faculty'.

[Tue Oct 22 16:53:23 2019]
rule collapse:
    input: outputs/trimmed/ND9_3B_MRB7260_mintet2.fa
    output: outputs/collapse/ND9_3B_MRB7260_mintet2.fa
    jobid: 26
    wildcards: sample_id=ND9_3B_MRB7260_mintet2

./tools/fastx/0.0.13/fastx_collapser -i outputs/trimmed/ND9_3B_MRB7260_mintet2.fa -o outputs/collapse/ND9_3B_MRB7260_mintet2.fa -v
Submitted job 26 with external jobid 'Submitted batch job 452527 on cluster faculty'.

[Tue Oct 22 16:53:23 2019]
rule collapse:
    input: outputs/trimmed/CR4_3B_MRB7260_mintet1.fa
    output: outputs/collapse/CR4_3B_MRB7260_mintet1.fa
    jobid: 17
    wildcards: sample_id=CR4_3B_MRB7260_mintet1

./tools/fastx/0.0.13/fastx_collapser -i outputs/trimmed/CR4_3B_MRB7260_mintet1.fa -o outputs/collapse/CR4_3B_MRB7260_mintet1.fa -v
Submitted job 17 with external jobid 'Submitted batch job 452528 on cluster faculty'.
Waiting at most 120 seconds for missing files.
[Tue Oct 22 16:53:50 2019]
Finished job 32.
74 of 127 steps (58%) done
[Tue Oct 22 16:53:50 2019]
Finished job 10.
75 of 127 steps (59%) done
[Tue Oct 22 16:53:50 2019]
Finished job 9.
76 of 127 steps (60%) done
[Tue Oct 22 16:53:50 2019]
Finished job 11.
77 of 127 steps (61%) done
[Tue Oct 22 16:53:50 2019]
Finished job 22.
78 of 127 steps (61%) done
[Tue Oct 22 16:53:50 2019]
Finished job 1.
79 of 127 steps (62%) done
[Tue Oct 22 16:53:50 2019]
Finished job 2.
80 of 127 steps (63%) done
[Tue Oct 22 16:53:50 2019]
Finished job 27.
81 of 127 steps (64%) done
[Tue Oct 22 16:53:51 2019]
Finished job 3.
82 of 127 steps (65%) done
[Tue Oct 22 16:53:51 2019]
Finished job 24.
83 of 127 steps (65%) done
Waiting at most 120 seconds for missing files.
[Tue Oct 22 16:53:53 2019]
Finished job 36.
84 of 127 steps (66%) done

[Tue Oct 22 16:53:53 2019]
rule collapse:
    input: outputs/trimmed/A6_3B_MRB7260_plustet2.fa
    output: outputs/collapse/A6_3B_MRB7260_plustet2.fa
    jobid: 4
    wildcards: sample_id=A6_3B_MRB7260_plustet2

./tools/fastx/0.0.13/fastx_collapser -i outputs/trimmed/A6_3B_MRB7260_plustet2.fa -o outputs/collapse/A6_3B_MRB7260_plustet2.fa -v
[Tue Oct 22 16:53:53 2019]
Finished job 95.
85 of 127 steps (67%) done
[Tue Oct 22 16:53:53 2019]
Finished job 69.
86 of 127 steps (68%) done
[Tue Oct 22 16:53:53 2019]
Finished job 38.
87 of 127 steps (69%) done
[Tue Oct 22 16:53:53 2019]
Finished job 25.
88 of 127 steps (69%) done
[Tue Oct 22 16:53:53 2019]
Finished job 53.
89 of 127 steps (70%) done
Submitted job 4 with external jobid 'Submitted batch job 452529 on cluster faculty'.

[Tue Oct 22 16:53:53 2019]
rule trim:
    input: outputs/fq_2_fa/A6_3B_REH1_mintet1.fa
    output: outputs/trimmed/A6_3B_REH1_mintet1.fa
    jobid: 37
    wildcards: sample_id=A6_3B_REH1_mintet1

./tools/cutadapt/1.16/cutadapt/bin/cutadapt -m 15 -g GAAAACACCCATTTTTAGGAGG -a GGAGTTATAGAATAAGATCAAATAAG -n 2 outputs/fq_2_fa/A6_3B_REH1_mintet1.fa > outputs/trimmed/A6_3B_REH1_mintet1.fa 2>outputs/trimmed/A6_3B_REH1_mintet1.fa.stats
Submitted job 37 with external jobid 'Submitted batch job 452530 on cluster faculty'.

[Tue Oct 22 16:53:53 2019]
rule trim:
    input: outputs/fq_2_fa/RPS12_REH1_plustet1.fa
    output: outputs/trimmed/RPS12_REH1_plustet1.fa
    jobid: 63
    wildcards: sample_id=RPS12_REH1_plustet1

./tools/cutadapt/1.16/cutadapt/bin/cutadapt -m 15 -g CTAATACACTTTTGATAACAAAC -a AGATATAAGATATGTTTTT -n 2 outputs/fq_2_fa/RPS12_REH1_plustet1.fa > outputs/trimmed/RPS12_REH1_plustet1.fa 2>outputs/trimmed/RPS12_REH1_plustet1.fa.stats
Submitted job 63 with external jobid 'Submitted batch job 452531 on cluster faculty'.

[Tue Oct 22 16:53:53 2019]
rule collapse:
    input: outputs/trimmed/A6_3B_REH1_mintet2.fa
    output: outputs/collapse/A6_3B_REH1_mintet2.fa
    jobid: 6
    wildcards: sample_id=A6_3B_REH1_mintet2

./tools/fastx/0.0.13/fastx_collapser -i outputs/trimmed/A6_3B_REH1_mintet2.fa -o outputs/collapse/A6_3B_REH1_mintet2.fa -v
Submitted job 6 with external jobid 'Submitted batch job 452532 on cluster faculty'.

[Tue Oct 22 16:53:54 2019]
rule collapse:
    input: outputs/trimmed/ND8_3B_MRB7260_mintet1.fa
    output: outputs/collapse/ND8_3B_MRB7260_mintet1.fa
    jobid: 21
    wildcards: sample_id=ND8_3B_MRB7260_mintet1

./tools/fastx/0.0.13/fastx_collapser -i outputs/trimmed/ND8_3B_MRB7260_mintet1.fa -o outputs/collapse/ND8_3B_MRB7260_mintet1.fa -v
Submitted job 21 with external jobid 'Submitted batch job 452533 on cluster faculty'.
[Tue Oct 22 16:53:54 2019]
Finished job 40.
90 of 127 steps (71%) done

[Tue Oct 22 16:53:54 2019]
rule collapse:
    input: outputs/trimmed/A6_3B_REH1_plustet2.fa
    output: outputs/collapse/A6_3B_REH1_plustet2.fa
    jobid: 8
    wildcards: sample_id=A6_3B_REH1_plustet2

./tools/fastx/0.0.13/fastx_collapser -i outputs/trimmed/A6_3B_REH1_plustet2.fa -o outputs/collapse/A6_3B_REH1_plustet2.fa -v
[Tue Oct 22 16:53:54 2019]
Finished job 55.
91 of 127 steps (72%) done
[Tue Oct 22 16:53:54 2019]
Finished job 7.
92 of 127 steps (72%) done
[Tue Oct 22 16:53:54 2019]
Finished job 26.
93 of 127 steps (73%) done
[Tue Oct 22 16:53:54 2019]
Finished job 17.
94 of 127 steps (74%) done
Submitted job 8 with external jobid 'Submitted batch job 452534 on cluster faculty'.

[Tue Oct 22 16:53:54 2019]
rule collapse:
    input: outputs/trimmed/ND8_3B_MRB7260_plustet1.fa
    output: outputs/collapse/ND8_3B_MRB7260_plustet1.fa
    jobid: 23
    wildcards: sample_id=ND8_3B_MRB7260_plustet1

./tools/fastx/0.0.13/fastx_collapser -i outputs/trimmed/ND8_3B_MRB7260_plustet1.fa -o outputs/collapse/ND8_3B_MRB7260_plustet1.fa -v
Submitted job 23 with external jobid 'Submitted batch job 452535 on cluster faculty'.
Waiting at most 120 seconds for missing files.
[Tue Oct 22 16:54:24 2019]
Finished job 4.
95 of 127 steps (75%) done
[Tue Oct 22 16:54:24 2019]
Finished job 63.
96 of 127 steps (76%) done

[Tue Oct 22 16:54:24 2019]
rule collapse:
    input: outputs/trimmed/RPS12_REH1_plustet1.fa
    output: outputs/collapse/RPS12_REH1_plustet1.fa
    jobid: 31
    wildcards: sample_id=RPS12_REH1_plustet1

./tools/fastx/0.0.13/fastx_collapser -i outputs/trimmed/RPS12_REH1_plustet1.fa -o outputs/collapse/RPS12_REH1_plustet1.fa -v
[Tue Oct 22 16:54:24 2019]
Finished job 6.
97 of 127 steps (76%) done
[Tue Oct 22 16:54:24 2019]
Finished job 21.
98 of 127 steps (77%) done
[Tue Oct 22 16:54:24 2019]
Finished job 47.
99 of 127 steps (78%) done
[Tue Oct 22 16:54:24 2019]
Finished job 52.
100 of 127 steps (79%) done
[Tue Oct 22 16:54:24 2019]
Finished job 50.
101 of 127 steps (80%) done
Submitted job 31 with external jobid 'Submitted batch job 452536 on cluster faculty'.

[Tue Oct 22 16:54:24 2019]
rule collapse:
    input: outputs/trimmed/CR3_REH1_plustet1.fa
    output: outputs/collapse/CR3_REH1_plustet1.fa
    jobid: 15
    wildcards: sample_id=CR3_REH1_plustet1

./tools/fastx/0.0.13/fastx_collapser -i outputs/trimmed/CR3_REH1_plustet1.fa -o outputs/collapse/CR3_REH1_plustet1.fa -v
Submitted job 15 with external jobid 'Submitted batch job 452537 on cluster faculty'.

[Tue Oct 22 16:54:24 2019]
rule collapse:
    input: outputs/trimmed/CR4_3B_MRB7260_mintet2.fa
    output: outputs/collapse/CR4_3B_MRB7260_mintet2.fa
    jobid: 18
    wildcards: sample_id=CR4_3B_MRB7260_mintet2

./tools/fastx/0.0.13/fastx_collapser -i outputs/trimmed/CR4_3B_MRB7260_mintet2.fa -o outputs/collapse/CR4_3B_MRB7260_mintet2.fa -v
Submitted job 18 with external jobid 'Submitted batch job 452538 on cluster faculty'.

[Tue Oct 22 16:54:25 2019]
rule collapse:
    input: outputs/trimmed/CR4_3B_MRB7260_plustet2.fa
    output: outputs/collapse/CR4_3B_MRB7260_plustet2.fa
    jobid: 20
    wildcards: sample_id=CR4_3B_MRB7260_plustet2

./tools/fastx/0.0.13/fastx_collapser -i outputs/trimmed/CR4_3B_MRB7260_plustet2.fa -o outputs/collapse/CR4_3B_MRB7260_plustet2.fa -v
Submitted job 20 with external jobid 'Submitted batch job 452539 on cluster faculty'.
[Tue Oct 22 16:54:25 2019]
Finished job 46.
102 of 127 steps (80%) done

[Tue Oct 22 16:54:25 2019]
rule collapse:
    input: outputs/trimmed/CR3_REH1_mintet2.fa
    output: outputs/collapse/CR3_REH1_mintet2.fa
    jobid: 14
    wildcards: sample_id=CR3_REH1_mintet2

./tools/fastx/0.0.13/fastx_collapser -i outputs/trimmed/CR3_REH1_mintet2.fa -o outputs/collapse/CR3_REH1_mintet2.fa -v
[Tue Oct 22 16:54:25 2019]
Finished job 8.
103 of 127 steps (81%) done
[Tue Oct 22 16:54:25 2019]
Finished job 23.
104 of 127 steps (82%) done
Submitted job 14 with external jobid 'Submitted batch job 452540 on cluster faculty'.
Waiting at most 120 seconds for missing files.
[Tue Oct 22 16:54:55 2019]
Finished job 31.
105 of 127 steps (83%) done
[Tue Oct 22 16:54:55 2019]
Finished job 15.
106 of 127 steps (83%) done
[Tue Oct 22 16:54:55 2019]
Finished job 18.
107 of 127 steps (84%) done
[Tue Oct 22 16:54:55 2019]
Finished job 20.
108 of 127 steps (85%) done
[Tue Oct 22 16:54:55 2019]
Finished job 37.
109 of 127 steps (86%) done

[Tue Oct 22 16:54:55 2019]
rule collapse:
    input: outputs/trimmed/A6_3B_REH1_mintet1.fa
    output: outputs/collapse/A6_3B_REH1_mintet1.fa
    jobid: 5
    wildcards: sample_id=A6_3B_REH1_mintet1

./tools/fastx/0.0.13/fastx_collapser -i outputs/trimmed/A6_3B_REH1_mintet1.fa -o outputs/collapse/A6_3B_REH1_mintet1.fa -v
[Tue Oct 22 16:54:55 2019]
Finished job 14.
110 of 127 steps (87%) done
Submitted job 5 with external jobid 'Submitted batch job 452542 on cluster faculty'.
Waiting at most 120 seconds for missing files.
[Tue Oct 22 16:55:25 2019]
Finished job 5.
111 of 127 steps (87%) done
[Tue Oct 22 17:03:46 2019]
Finished job 141.
112 of 127 steps (88%) done

[Tue Oct 22 17:03:46 2019]
rule filter:
    input: outputs/join/CR3_REH1_mintet1.assembled.fastq
    output: outputs/filter/CR3_REH1_mintet1.fq
    jobid: 109
    wildcards: sample_id=CR3_REH1_mintet1

tools/fastx/0.0.13/fastq_quality_filter -i outputs/join/CR3_REH1_mintet1.assembled.fastq -o outputs/filter/CR3_REH1_mintet1.fq -q 30 -p 90 -Q33 -v
Submitted job 109 with external jobid 'Submitted batch job 452565 on cluster faculty'.
[Tue Oct 22 17:04:56 2019]
Finished job 158.
113 of 127 steps (89%) done

[Tue Oct 22 17:04:56 2019]
rule filter:
    input: outputs/join/RPS12_REH1_mintet2.assembled.fastq
    output: outputs/filter/RPS12_REH1_mintet2.fq
    jobid: 126
    wildcards: sample_id=RPS12_REH1_mintet2

tools/fastx/0.0.13/fastq_quality_filter -i outputs/join/RPS12_REH1_mintet2.assembled.fastq -o outputs/filter/RPS12_REH1_mintet2.fq -q 30 -p 90 -Q33 -v
Submitted job 126 with external jobid 'Submitted batch job 452570 on cluster faculty'.
[Tue Oct 22 17:05:36 2019]
Finished job 157.
114 of 127 steps (90%) done

[Tue Oct 22 17:05:36 2019]
rule filter:
    input: outputs/join/RPS12_REH1_mintet1.assembled.fastq
    output: outputs/filter/RPS12_REH1_mintet1.fq
    jobid: 125
    wildcards: sample_id=RPS12_REH1_mintet1

tools/fastx/0.0.13/fastq_quality_filter -i outputs/join/RPS12_REH1_mintet1.assembled.fastq -o outputs/filter/RPS12_REH1_mintet1.fq -q 30 -p 90 -Q33 -v
[Tue Oct 22 17:05:36 2019]
Finished job 109.
115 of 127 steps (91%) done
Submitted job 125 with external jobid 'Submitted batch job 452573 on cluster faculty'.

[Tue Oct 22 17:05:36 2019]
rule fq_2_fa:
    input: outputs/filter/CR3_REH1_mintet1.fq
    output: outputs/fq_2_fa/CR3_REH1_mintet1.fa
    jobid: 77
    wildcards: sample_id=CR3_REH1_mintet1

tools/fastx/0.0.13/fastq_to_fasta -i outputs/filter/CR3_REH1_mintet1.fq -o outputs/fq_2_fa/CR3_REH1_mintet1.fa -n -v -Q33
Submitted job 77 with external jobid 'Submitted batch job 452574 on cluster faculty'.
[Tue Oct 22 17:06:46 2019]
Finished job 126.
116 of 127 steps (91%) done

[Tue Oct 22 17:06:46 2019]
rule fq_2_fa:
    input: outputs/filter/RPS12_REH1_mintet2.fq
    output: outputs/fq_2_fa/RPS12_REH1_mintet2.fa
    jobid: 94
    wildcards: sample_id=RPS12_REH1_mintet2

tools/fastx/0.0.13/fastq_to_fasta -i outputs/filter/RPS12_REH1_mintet2.fq -o outputs/fq_2_fa/RPS12_REH1_mintet2.fa -n -v -Q33
[Tue Oct 22 17:06:46 2019]
Finished job 77.
117 of 127 steps (92%) done
Submitted job 94 with external jobid 'Submitted batch job 452584 on cluster faculty'.

[Tue Oct 22 17:06:46 2019]
rule trim:
    input: outputs/fq_2_fa/CR3_REH1_mintet1.fa
    output: outputs/trimmed/CR3_REH1_mintet1.fa
    jobid: 45
    wildcards: sample_id=CR3_REH1_mintet1

./tools/cutadapt/1.16/cutadapt/bin/cutadapt -m 15 -g AGAAATATAAATATGTGTATGATATAT -a AAGTATGCAAATAATTTTTGT -n 2 outputs/fq_2_fa/CR3_REH1_mintet1.fa > outputs/trimmed/CR3_REH1_mintet1.fa 2>outputs/trimmed/CR3_REH1_mintet1.fa.stats
Submitted job 45 with external jobid 'Submitted batch job 452585 on cluster faculty'.
[Tue Oct 22 17:07:26 2019]
Finished job 125.
118 of 127 steps (93%) done

[Tue Oct 22 17:07:26 2019]
rule fq_2_fa:
    input: outputs/filter/RPS12_REH1_mintet1.fq
    output: outputs/fq_2_fa/RPS12_REH1_mintet1.fa
    jobid: 93
    wildcards: sample_id=RPS12_REH1_mintet1

tools/fastx/0.0.13/fastq_to_fasta -i outputs/filter/RPS12_REH1_mintet1.fq -o outputs/fq_2_fa/RPS12_REH1_mintet1.fa -n -v -Q33
Waiting at most 120 seconds for missing files.
Submitted job 93 with external jobid 'Submitted batch job 452589 on cluster faculty'.
[Tue Oct 22 17:07:47 2019]
Finished job 45.
119 of 127 steps (94%) done

[Tue Oct 22 17:07:47 2019]
rule collapse:
    input: outputs/trimmed/CR3_REH1_mintet1.fa
    output: outputs/collapse/CR3_REH1_mintet1.fa
    jobid: 13
    wildcards: sample_id=CR3_REH1_mintet1

./tools/fastx/0.0.13/fastx_collapser -i outputs/trimmed/CR3_REH1_mintet1.fa -o outputs/collapse/CR3_REH1_mintet1.fa -v
Submitted job 13 with external jobid 'Submitted batch job 452590 on cluster faculty'.
[Tue Oct 22 17:07:58 2019]
Finished job 94.
120 of 127 steps (94%) done

[Tue Oct 22 17:07:58 2019]
rule trim:
    input: outputs/fq_2_fa/RPS12_REH1_mintet2.fa
    output: outputs/trimmed/RPS12_REH1_mintet2.fa
    jobid: 62
    wildcards: sample_id=RPS12_REH1_mintet2

./tools/cutadapt/1.16/cutadapt/bin/cutadapt -m 15 -g CTAATACACTTTTGATAACAAAC -a AGATATAAGATATGTTTTT -n 2 outputs/fq_2_fa/RPS12_REH1_mintet2.fa > outputs/trimmed/RPS12_REH1_mintet2.fa 2>outputs/trimmed/RPS12_REH1_mintet2.fa.stats
Waiting at most 120 seconds for missing files.
Submitted job 62 with external jobid 'Submitted batch job 452591 on cluster faculty'.
[Tue Oct 22 17:08:18 2019]
Finished job 13.
121 of 127 steps (95%) done
[Tue Oct 22 17:08:28 2019]
Finished job 93.
122 of 127 steps (96%) done

[Tue Oct 22 17:08:28 2019]
rule trim:
    input: outputs/fq_2_fa/RPS12_REH1_mintet1.fa
    output: outputs/trimmed/RPS12_REH1_mintet1.fa
    jobid: 61
    wildcards: sample_id=RPS12_REH1_mintet1

./tools/cutadapt/1.16/cutadapt/bin/cutadapt -m 15 -g CTAATACACTTTTGATAACAAAC -a AGATATAAGATATGTTTTT -n 2 outputs/fq_2_fa/RPS12_REH1_mintet1.fa > outputs/trimmed/RPS12_REH1_mintet1.fa 2>outputs/trimmed/RPS12_REH1_mintet1.fa.stats
Submitted job 61 with external jobid 'Submitted batch job 452592 on cluster faculty'.
[Tue Oct 22 17:08:38 2019]
Finished job 62.
123 of 127 steps (97%) done

[Tue Oct 22 17:08:38 2019]
rule collapse:
    input: outputs/trimmed/RPS12_REH1_mintet2.fa
    output: outputs/collapse/RPS12_REH1_mintet2.fa
    jobid: 30
    wildcards: sample_id=RPS12_REH1_mintet2

./tools/fastx/0.0.13/fastx_collapser -i outputs/trimmed/RPS12_REH1_mintet2.fa -o outputs/collapse/RPS12_REH1_mintet2.fa -v
Submitted job 30 with external jobid 'Submitted batch job 452593 on cluster faculty'.
[Tue Oct 22 17:08:48 2019]
Finished job 30.
124 of 127 steps (98%) done
[Tue Oct 22 17:09:08 2019]
Finished job 61.
125 of 127 steps (98%) done

[Tue Oct 22 17:09:08 2019]
rule collapse:
    input: outputs/trimmed/RPS12_REH1_mintet1.fa
    output: outputs/collapse/RPS12_REH1_mintet1.fa
    jobid: 29
    wildcards: sample_id=RPS12_REH1_mintet1

./tools/fastx/0.0.13/fastx_collapser -i outputs/trimmed/RPS12_REH1_mintet1.fa -o outputs/collapse/RPS12_REH1_mintet1.fa -v
Submitted job 29 with external jobid 'Submitted batch job 452596 on cluster faculty'.
[Tue Oct 22 17:09:18 2019]
Finished job 29.
126 of 127 steps (99%) done

[Tue Oct 22 17:09:18 2019]
localrule all:
    input: outputs/collapse/A6_3B_MRB7260_mintet1.fa, outputs/collapse/A6_3B_MRB7260_mintet2.fa, outputs/collapse/A6_3B_MRB7260_plustet1.fa, outputs/collapse/A6_3B_MRB7260_plustet2.fa, outputs/collapse/A6_3B_REH1_mintet1.fa, outputs/collapse/A6_3B_REH1_mintet2.fa, outputs/collapse/A6_3B_REH1_plustet1.fa, outputs/collapse/A6_3B_REH1_plustet2.fa, outputs/collapse/COIII_3B_MRB7260_mintet1.fa, outputs/collapse/COIII_3B_MRB7260_mintet2.fa, outputs/collapse/COIII_3B_MRB7260_plustet1.fa, outputs/collapse/COIII_3B_MRB7260_plustet2.fa, outputs/collapse/CR3_REH1_mintet1.fa, outputs/collapse/CR3_REH1_mintet2.fa, outputs/collapse/CR3_REH1_plustet1.fa, outputs/collapse/CR3_REH1_plustet2.fa, outputs/collapse/CR4_3B_MRB7260_mintet1.fa, outputs/collapse/CR4_3B_MRB7260_mintet2.fa, outputs/collapse/CR4_3B_MRB7260_plustet1.fa, outputs/collapse/CR4_3B_MRB7260_plustet2.fa, outputs/collapse/ND8_3B_MRB7260_mintet1.fa, outputs/collapse/ND8_3B_MRB7260_mintet2.fa, outputs/collapse/ND8_3B_MRB7260_plustet1.fa, outputs/collapse/ND8_3B_MRB7260_plustet2.fa, outputs/collapse/ND9_3B_MRB7260_mintet1.fa, outputs/collapse/ND9_3B_MRB7260_mintet2.fa, outputs/collapse/ND9_3B_MRB7260_plustet1.fa, outputs/collapse/ND9_3B_MRB7260_plustet2.fa, outputs/collapse/RPS12_REH1_mintet1.fa, outputs/collapse/RPS12_REH1_mintet2.fa, outputs/collapse/RPS12_REH1_plustet1.fa, outputs/collapse/RPS12_REH1_plustet2.fa
    jobid: 0

[Tue Oct 22 17:09:18 2019]
Finished job 0.
127 of 127 steps (100%) done
Complete log: /projects/academic/lread/core-sequencing-runs/treat-scripting/development/treat-virtualenv/.snakemake/log/2019-10-22T165026.510418.snakemake.log
