Building DAG of jobs...
Using shell: /usr/bin/bash
Provided cluster nodes: 100
Job counts:
	count	jobs
	1	all
	32	collapse
	32	filter
	32	fq_2_fa
	32	join
	32	trim
	32	unzip
	193

[Tue Oct 22 13:40:28 2019]
rule unzip:
    input: ../C9K8C/fastq/CR3_REH1_plustet1_S30_L001_R1_001.fastq.gz, ../C9K8C/fastq/CR3_REH1_plustet1_S30_L001_R2_001.fastq.gz, mkdir.done
    output: outputs/unzip/CR3_REH1_plustet1_R1.fq, outputs/unzip/CR3_REH1_plustet1_R2.fq
    jobid: 175
    wildcards: sample_id=CR3_REH1_plustet1

gunzip -c ../C9K8C/fastq/CR3_REH1_plustet1_S30_L001_R1_001.fastq.gz > outputs/unzip/CR3_REH1_plustet1_R1.fq && gunzip -c ../C9K8C/fastq/CR3_REH1_plustet1_S30_L001_R2_001.fastq.gz > outputs/unzip/CR3_REH1_plustet1_R2.fq
Error submitting jobscript (exit code 1):


[Tue Oct 22 13:40:37 2019]
rule unzip:
    input: ../C9K8C/fastq/ND9_3B_MRB7260_plustet2_S20_L001_R1_001.fastq.gz, ../C9K8C/fastq/ND9_3B_MRB7260_plustet2_S20_L001_R2_001.fastq.gz, mkdir.done
    output: outputs/unzip/ND9_3B_MRB7260_plustet2_R1.fq, outputs/unzip/ND9_3B_MRB7260_plustet2_R2.fq
    jobid: 188
    wildcards: sample_id=ND9_3B_MRB7260_plustet2

gunzip -c ../C9K8C/fastq/ND9_3B_MRB7260_plustet2_S20_L001_R1_001.fastq.gz > outputs/unzip/ND9_3B_MRB7260_plustet2_R1.fq && gunzip -c ../C9K8C/fastq/ND9_3B_MRB7260_plustet2_S20_L001_R2_001.fastq.gz > outputs/unzip/ND9_3B_MRB7260_plustet2_R2.fq
Error submitting jobscript (exit code 1):


[Tue Oct 22 13:40:37 2019]
rule unzip:
    input: ../C9K8C/fastq/A63B_MRB7260_mintet1_S1_L001_R1_001.fastq.gz, ../C9K8C/fastq/A63B_MRB7260_mintet1_S1_L001_R2_001.fastq.gz, mkdir.done
    output: outputs/unzip/A6_3B_MRB7260_mintet1_R1.fq, outputs/unzip/A6_3B_MRB7260_mintet1_R2.fq
    jobid: 161
    wildcards: sample_id=A6_3B_MRB7260_mintet1

gunzip -c ../C9K8C/fastq/A63B_MRB7260_mintet1_S1_L001_R1_001.fastq.gz > outputs/unzip/A6_3B_MRB7260_mintet1_R1.fq && gunzip -c ../C9K8C/fastq/A63B_MRB7260_mintet1_S1_L001_R2_001.fastq.gz > outputs/unzip/A6_3B_MRB7260_mintet1_R2.fq
Error submitting jobscript (exit code 1):


[Tue Oct 22 13:40:37 2019]
rule unzip:
    input: ../C9K8C/fastq/RPS12_REH1_plustet1_S26_L001_R1_001.fastq.gz, ../C9K8C/fastq/RPS12_REH1_plustet1_S26_L001_R2_001.fastq.gz, mkdir.done
    output: outputs/unzip/RPS12_REH1_plustet1_R1.fq, outputs/unzip/RPS12_REH1_plustet1_R2.fq
    jobid: 191
    wildcards: sample_id=RPS12_REH1_plustet1

gunzip -c ../C9K8C/fastq/RPS12_REH1_plustet1_S26_L001_R1_001.fastq.gz > outputs/unzip/RPS12_REH1_plustet1_R1.fq && gunzip -c ../C9K8C/fastq/RPS12_REH1_plustet1_S26_L001_R2_001.fastq.gz > outputs/unzip/RPS12_REH1_plustet1_R2.fq
Error submitting jobscript (exit code 1):


[Tue Oct 22 13:40:37 2019]
rule unzip:
    input: ../C9K8C/fastq/RPS12_REH1_mintet2_S27_L001_R1_001.fastq.gz, ../C9K8C/fastq/RPS12_REH1_mintet2_S27_L001_R2_001.fastq.gz, mkdir.done
    output: outputs/unzip/RPS12_REH1_mintet2_R1.fq, outputs/unzip/RPS12_REH1_mintet2_R2.fq
    jobid: 190
    wildcards: sample_id=RPS12_REH1_mintet2

gunzip -c ../C9K8C/fastq/RPS12_REH1_mintet2_S27_L001_R1_001.fastq.gz > outputs/unzip/RPS12_REH1_mintet2_R1.fq && gunzip -c ../C9K8C/fastq/RPS12_REH1_mintet2_S27_L001_R2_001.fastq.gz > outputs/unzip/RPS12_REH1_mintet2_R2.fq
Error submitting jobscript (exit code 1):


[Tue Oct 22 13:40:37 2019]
rule unzip:
    input: ../C9K8C/fastq/A63B_MRB7260_plustet2_S4_L001_R1_001.fastq.gz, ../C9K8C/fastq/A63B_MRB7260_plustet2_S4_L001_R2_001.fastq.gz, mkdir.done
    output: outputs/unzip/A6_3B_MRB7260_plustet2_R1.fq, outputs/unzip/A6_3B_MRB7260_plustet2_R2.fq
    jobid: 164
    wildcards: sample_id=A6_3B_MRB7260_plustet2

gunzip -c ../C9K8C/fastq/A63B_MRB7260_plustet2_S4_L001_R1_001.fastq.gz > outputs/unzip/A6_3B_MRB7260_plustet2_R1.fq && gunzip -c ../C9K8C/fastq/A63B_MRB7260_plustet2_S4_L001_R2_001.fastq.gz > outputs/unzip/A6_3B_MRB7260_plustet2_R2.fq
Error submitting jobscript (exit code 1):


[Tue Oct 22 13:40:37 2019]
rule unzip:
    input: ../C9K8C/fastq/ND9_3B_MRB7260_mintet2_S19_L001_R1_001.fastq.gz, ../C9K8C/fastq/ND9_3B_MRB7260_mintet2_S19_L001_R2_001.fastq.gz, mkdir.done
    output: outputs/unzip/ND9_3B_MRB7260_mintet2_R1.fq, outputs/unzip/ND9_3B_MRB7260_mintet2_R2.fq
    jobid: 186
    wildcards: sample_id=ND9_3B_MRB7260_mintet2

gunzip -c ../C9K8C/fastq/ND9_3B_MRB7260_mintet2_S19_L001_R1_001.fastq.gz > outputs/unzip/ND9_3B_MRB7260_mintet2_R1.fq && gunzip -c ../C9K8C/fastq/ND9_3B_MRB7260_mintet2_S19_L001_R2_001.fastq.gz > outputs/unzip/ND9_3B_MRB7260_mintet2_R2.fq
Error submitting jobscript (exit code 1):


[Tue Oct 22 13:40:37 2019]
rule unzip:
    input: ../C9K8C/fastq/A63B_MRB7260_mintet2_S3_L001_R1_001.fastq.gz, ../C9K8C/fastq/A63B_MRB7260_mintet2_S3_L001_R2_001.fastq.gz, mkdir.done
    output: outputs/unzip/A6_3B_MRB7260_mintet2_R1.fq, outputs/unzip/A6_3B_MRB7260_mintet2_R2.fq
    jobid: 162
    wildcards: sample_id=A6_3B_MRB7260_mintet2

gunzip -c ../C9K8C/fastq/A63B_MRB7260_mintet2_S3_L001_R1_001.fastq.gz > outputs/unzip/A6_3B_MRB7260_mintet2_R1.fq && gunzip -c ../C9K8C/fastq/A63B_MRB7260_mintet2_S3_L001_R2_001.fastq.gz > outputs/unzip/A6_3B_MRB7260_mintet2_R2.fq
Error submitting jobscript (exit code 1):


[Tue Oct 22 13:40:37 2019]
rule unzip:
    input: ../C9K8C/fastq/A63B_REH1_plustet2_S24_L001_R1_001.fastq.gz, ../C9K8C/fastq/A63B_REH1_plustet2_S24_L001_R2_001.fastq.gz, mkdir.done
    output: outputs/unzip/A6_3B_REH1_plustet2_R1.fq, outputs/unzip/A6_3B_REH1_plustet2_R2.fq
    jobid: 168
    wildcards: sample_id=A6_3B_REH1_plustet2

gunzip -c ../C9K8C/fastq/A63B_REH1_plustet2_S24_L001_R1_001.fastq.gz > outputs/unzip/A6_3B_REH1_plustet2_R1.fq && gunzip -c ../C9K8C/fastq/A63B_REH1_plustet2_S24_L001_R2_001.fastq.gz > outputs/unzip/A6_3B_REH1_plustet2_R2.fq
Error submitting jobscript (exit code 1):


[Tue Oct 22 13:40:42 2019]
rule unzip:
    input: ../C9K8C/fastq/CR4_3B_MRB7260_mintet2_S11_L001_R1_001.fastq.gz, ../C9K8C/fastq/CR4_3B_MRB7260_mintet2_S11_L001_R2_001.fastq.gz, mkdir.done
    output: outputs/unzip/CR4_3B_MRB7260_mintet2_R1.fq, outputs/unzip/CR4_3B_MRB7260_mintet2_R2.fq
    jobid: 178
    wildcards: sample_id=CR4_3B_MRB7260_mintet2

gunzip -c ../C9K8C/fastq/CR4_3B_MRB7260_mintet2_S11_L001_R1_001.fastq.gz > outputs/unzip/CR4_3B_MRB7260_mintet2_R1.fq && gunzip -c ../C9K8C/fastq/CR4_3B_MRB7260_mintet2_S11_L001_R2_001.fastq.gz > outputs/unzip/CR4_3B_MRB7260_mintet2_R2.fq
Error submitting jobscript (exit code 1):


[Tue Oct 22 13:40:46 2019]
rule unzip:
    input: ../C9K8C/fastq/ND9_3B_MRB7260_mintet1_S17_L001_R1_001.fastq.gz, ../C9K8C/fastq/ND9_3B_MRB7260_mintet1_S17_L001_R2_001.fastq.gz, mkdir.done
    output: outputs/unzip/ND9_3B_MRB7260_mintet1_R1.fq, outputs/unzip/ND9_3B_MRB7260_mintet1_R2.fq
    jobid: 185
    wildcards: sample_id=ND9_3B_MRB7260_mintet1

gunzip -c ../C9K8C/fastq/ND9_3B_MRB7260_mintet1_S17_L001_R1_001.fastq.gz > outputs/unzip/ND9_3B_MRB7260_mintet1_R1.fq && gunzip -c ../C9K8C/fastq/ND9_3B_MRB7260_mintet1_S17_L001_R2_001.fastq.gz > outputs/unzip/ND9_3B_MRB7260_mintet1_R2.fq
Error submitting jobscript (exit code 1):


[Tue Oct 22 13:40:46 2019]
rule unzip:
    input: ../C9K8C/fastq/RPS12_REH1_mintet1_S25_L001_R1_001.fastq.gz, ../C9K8C/fastq/RPS12_REH1_mintet1_S25_L001_R2_001.fastq.gz, mkdir.done
    output: outputs/unzip/RPS12_REH1_mintet1_R1.fq, outputs/unzip/RPS12_REH1_mintet1_R2.fq
    jobid: 189
    wildcards: sample_id=RPS12_REH1_mintet1

gunzip -c ../C9K8C/fastq/RPS12_REH1_mintet1_S25_L001_R1_001.fastq.gz > outputs/unzip/RPS12_REH1_mintet1_R1.fq && gunzip -c ../C9K8C/fastq/RPS12_REH1_mintet1_S25_L001_R2_001.fastq.gz > outputs/unzip/RPS12_REH1_mintet1_R2.fq
Error submitting jobscript (exit code 1):


[Tue Oct 22 13:40:46 2019]
rule unzip:
    input: ../C9K8C/fastq/ND8_3B_MRB7260_plustet1_S14_L001_R1_001.fastq.gz, ../C9K8C/fastq/ND8_3B_MRB7260_plustet1_S14_L001_R2_001.fastq.gz, mkdir.done
    output: outputs/unzip/ND8_3B_MRB7260_plustet1_R1.fq, outputs/unzip/ND8_3B_MRB7260_plustet1_R2.fq
    jobid: 183
    wildcards: sample_id=ND8_3B_MRB7260_plustet1

gunzip -c ../C9K8C/fastq/ND8_3B_MRB7260_plustet1_S14_L001_R1_001.fastq.gz > outputs/unzip/ND8_3B_MRB7260_plustet1_R1.fq && gunzip -c ../C9K8C/fastq/ND8_3B_MRB7260_plustet1_S14_L001_R2_001.fastq.gz > outputs/unzip/ND8_3B_MRB7260_plustet1_R2.fq
Error submitting jobscript (exit code 1):


[Tue Oct 22 13:40:46 2019]
rule unzip:
    input: ../C9K8C/fastq/ND8_3B_MRB7260_mintet2_S15_L001_R1_001.fastq.gz, ../C9K8C/fastq/ND8_3B_MRB7260_mintet2_S15_L001_R2_001.fastq.gz, mkdir.done
    output: outputs/unzip/ND8_3B_MRB7260_mintet2_R1.fq, outputs/unzip/ND8_3B_MRB7260_mintet2_R2.fq
    jobid: 182
    wildcards: sample_id=ND8_3B_MRB7260_mintet2

gunzip -c ../C9K8C/fastq/ND8_3B_MRB7260_mintet2_S15_L001_R1_001.fastq.gz > outputs/unzip/ND8_3B_MRB7260_mintet2_R1.fq && gunzip -c ../C9K8C/fastq/ND8_3B_MRB7260_mintet2_S15_L001_R2_001.fastq.gz > outputs/unzip/ND8_3B_MRB7260_mintet2_R2.fq
Error submitting jobscript (exit code 1):


[Tue Oct 22 13:40:46 2019]
rule unzip:
    input: ../C9K8C/fastq/RPS12_REH1_plustet2_S28_L001_R1_001.fastq.gz, ../C9K8C/fastq/RPS12_REH1_plustet2_S28_L001_R2_001.fastq.gz, mkdir.done
    output: outputs/unzip/RPS12_REH1_plustet2_R1.fq, outputs/unzip/RPS12_REH1_plustet2_R2.fq
    jobid: 192
    wildcards: sample_id=RPS12_REH1_plustet2

gunzip -c ../C9K8C/fastq/RPS12_REH1_plustet2_S28_L001_R1_001.fastq.gz > outputs/unzip/RPS12_REH1_plustet2_R1.fq && gunzip -c ../C9K8C/fastq/RPS12_REH1_plustet2_S28_L001_R2_001.fastq.gz > outputs/unzip/RPS12_REH1_plustet2_R2.fq
Error submitting jobscript (exit code 1):


[Tue Oct 22 13:40:46 2019]
rule unzip:
    input: ../C9K8C/fastq/CR3_REH1_mintet2_S31_L001_R1_001.fastq.gz, ../C9K8C/fastq/CR3_REH1_mintet2_S31_L001_R2_001.fastq.gz, mkdir.done
    output: outputs/unzip/CR3_REH1_mintet2_R1.fq, outputs/unzip/CR3_REH1_mintet2_R2.fq
    jobid: 174
    wildcards: sample_id=CR3_REH1_mintet2

gunzip -c ../C9K8C/fastq/CR3_REH1_mintet2_S31_L001_R1_001.fastq.gz > outputs/unzip/CR3_REH1_mintet2_R1.fq && gunzip -c ../C9K8C/fastq/CR3_REH1_mintet2_S31_L001_R2_001.fastq.gz > outputs/unzip/CR3_REH1_mintet2_R2.fq
Error submitting jobscript (exit code 1):


[Tue Oct 22 13:40:46 2019]
rule unzip:
    input: ../C9K8C/fastq/ND8_3B_MRB7260_plustet2_S16_L001_R1_001.fastq.gz, ../C9K8C/fastq/ND8_3B_MRB7260_plustet2_S16_L001_R2_001.fastq.gz, mkdir.done
    output: outputs/unzip/ND8_3B_MRB7260_plustet2_R1.fq, outputs/unzip/ND8_3B_MRB7260_plustet2_R2.fq
    jobid: 184
    wildcards: sample_id=ND8_3B_MRB7260_plustet2

gunzip -c ../C9K8C/fastq/ND8_3B_MRB7260_plustet2_S16_L001_R1_001.fastq.gz > outputs/unzip/ND8_3B_MRB7260_plustet2_R1.fq && gunzip -c ../C9K8C/fastq/ND8_3B_MRB7260_plustet2_S16_L001_R2_001.fastq.gz > outputs/unzip/ND8_3B_MRB7260_plustet2_R2.fq
Error submitting jobscript (exit code 1):


[Tue Oct 22 13:40:46 2019]
rule unzip:
    input: ../C9K8C/fastq/A63B_REH1_plustet1_S22_L001_R1_001.fastq.gz, ../C9K8C/fastq/A63B_REH1_plustet1_S22_L001_R2_001.fastq.gz, mkdir.done
    output: outputs/unzip/A6_3B_REH1_plustet1_R1.fq, outputs/unzip/A6_3B_REH1_plustet1_R2.fq
    jobid: 167
    wildcards: sample_id=A6_3B_REH1_plustet1

gunzip -c ../C9K8C/fastq/A63B_REH1_plustet1_S22_L001_R1_001.fastq.gz > outputs/unzip/A6_3B_REH1_plustet1_R1.fq && gunzip -c ../C9K8C/fastq/A63B_REH1_plustet1_S22_L001_R2_001.fastq.gz > outputs/unzip/A6_3B_REH1_plustet1_R2.fq
Error submitting jobscript (exit code 1):


[Tue Oct 22 13:40:46 2019]
rule unzip:
    input: ../C9K8C/fastq/COIII_3B_MRB7260_plustet1_S6_L001_R1_001.fastq.gz, ../C9K8C/fastq/COIII_3B_MRB7260_plustet1_S6_L001_R2_001.fastq.gz, mkdir.done
    output: outputs/unzip/COIII_3B_MRB7260_plustet1_R1.fq, outputs/unzip/COIII_3B_MRB7260_plustet1_R2.fq
    jobid: 171
    wildcards: sample_id=COIII_3B_MRB7260_plustet1

gunzip -c ../C9K8C/fastq/COIII_3B_MRB7260_plustet1_S6_L001_R1_001.fastq.gz > outputs/unzip/COIII_3B_MRB7260_plustet1_R1.fq && gunzip -c ../C9K8C/fastq/COIII_3B_MRB7260_plustet1_S6_L001_R2_001.fastq.gz > outputs/unzip/COIII_3B_MRB7260_plustet1_R2.fq
Error submitting jobscript (exit code 1):


[Tue Oct 22 13:40:47 2019]
rule unzip:
    input: ../C9K8C/fastq/CR3_REH1_mintet1_S29_L001_R1_001.fastq.gz, ../C9K8C/fastq/CR3_REH1_mintet1_S29_L001_R2_001.fastq.gz, mkdir.done
    output: outputs/unzip/CR3_REH1_mintet1_R1.fq, outputs/unzip/CR3_REH1_mintet1_R2.fq
    jobid: 173
    wildcards: sample_id=CR3_REH1_mintet1

gunzip -c ../C9K8C/fastq/CR3_REH1_mintet1_S29_L001_R1_001.fastq.gz > outputs/unzip/CR3_REH1_mintet1_R1.fq && gunzip -c ../C9K8C/fastq/CR3_REH1_mintet1_S29_L001_R2_001.fastq.gz > outputs/unzip/CR3_REH1_mintet1_R2.fq
Error submitting jobscript (exit code 1):


[Tue Oct 22 13:40:47 2019]
rule unzip:
    input: ../C9K8C/fastq/ND9_3B_MRB7260_plustet1_S18_L001_R1_001.fastq.gz, ../C9K8C/fastq/ND9_3B_MRB7260_plustet1_S18_L001_R2_001.fastq.gz, mkdir.done
    output: outputs/unzip/ND9_3B_MRB7260_plustet1_R1.fq, outputs/unzip/ND9_3B_MRB7260_plustet1_R2.fq
    jobid: 187
    wildcards: sample_id=ND9_3B_MRB7260_plustet1

gunzip -c ../C9K8C/fastq/ND9_3B_MRB7260_plustet1_S18_L001_R1_001.fastq.gz > outputs/unzip/ND9_3B_MRB7260_plustet1_R1.fq && gunzip -c ../C9K8C/fastq/ND9_3B_MRB7260_plustet1_S18_L001_R2_001.fastq.gz > outputs/unzip/ND9_3B_MRB7260_plustet1_R2.fq
Error submitting jobscript (exit code 1):


[Tue Oct 22 13:40:47 2019]
rule unzip:
    input: ../C9K8C/fastq/A63B_REH1_mintet2_S23_L001_R1_001.fastq.gz, ../C9K8C/fastq/A63B_REH1_mintet2_S23_L001_R2_001.fastq.gz, mkdir.done
    output: outputs/unzip/A6_3B_REH1_mintet2_R1.fq, outputs/unzip/A6_3B_REH1_mintet2_R2.fq
    jobid: 166
    wildcards: sample_id=A6_3B_REH1_mintet2

gunzip -c ../C9K8C/fastq/A63B_REH1_mintet2_S23_L001_R1_001.fastq.gz > outputs/unzip/A6_3B_REH1_mintet2_R1.fq && gunzip -c ../C9K8C/fastq/A63B_REH1_mintet2_S23_L001_R2_001.fastq.gz > outputs/unzip/A6_3B_REH1_mintet2_R2.fq
Error submitting jobscript (exit code 1):


[Tue Oct 22 13:40:47 2019]
rule unzip:
    input: ../C9K8C/fastq/ND8_3B_MRB7260_mintet1_S13_L001_R1_001.fastq.gz, ../C9K8C/fastq/ND8_3B_MRB7260_mintet1_S13_L001_R2_001.fastq.gz, mkdir.done
    output: outputs/unzip/ND8_3B_MRB7260_mintet1_R1.fq, outputs/unzip/ND8_3B_MRB7260_mintet1_R2.fq
    jobid: 181
    wildcards: sample_id=ND8_3B_MRB7260_mintet1

gunzip -c ../C9K8C/fastq/ND8_3B_MRB7260_mintet1_S13_L001_R1_001.fastq.gz > outputs/unzip/ND8_3B_MRB7260_mintet1_R1.fq && gunzip -c ../C9K8C/fastq/ND8_3B_MRB7260_mintet1_S13_L001_R2_001.fastq.gz > outputs/unzip/ND8_3B_MRB7260_mintet1_R2.fq
Error submitting jobscript (exit code 1):


[Tue Oct 22 13:40:47 2019]
rule unzip:
    input: ../C9K8C/fastq/A63B_REH1_mintet1_S21_L001_R1_001.fastq.gz, ../C9K8C/fastq/A63B_REH1_mintet1_S21_L001_R2_001.fastq.gz, mkdir.done
    output: outputs/unzip/A6_3B_REH1_mintet1_R1.fq, outputs/unzip/A6_3B_REH1_mintet1_R2.fq
    jobid: 165
    wildcards: sample_id=A6_3B_REH1_mintet1

gunzip -c ../C9K8C/fastq/A63B_REH1_mintet1_S21_L001_R1_001.fastq.gz > outputs/unzip/A6_3B_REH1_mintet1_R1.fq && gunzip -c ../C9K8C/fastq/A63B_REH1_mintet1_S21_L001_R2_001.fastq.gz > outputs/unzip/A6_3B_REH1_mintet1_R2.fq
Error submitting jobscript (exit code 1):


[Tue Oct 22 13:40:47 2019]
rule unzip:
    input: ../C9K8C/fastq/CR4_3B_MRB7260_plustet2_S12_L001_R1_001.fastq.gz, ../C9K8C/fastq/CR4_3B_MRB7260_plustet2_S12_L001_R2_001.fastq.gz, mkdir.done
    output: outputs/unzip/CR4_3B_MRB7260_plustet2_R1.fq, outputs/unzip/CR4_3B_MRB7260_plustet2_R2.fq
    jobid: 180
    wildcards: sample_id=CR4_3B_MRB7260_plustet2

gunzip -c ../C9K8C/fastq/CR4_3B_MRB7260_plustet2_S12_L001_R1_001.fastq.gz > outputs/unzip/CR4_3B_MRB7260_plustet2_R1.fq && gunzip -c ../C9K8C/fastq/CR4_3B_MRB7260_plustet2_S12_L001_R2_001.fastq.gz > outputs/unzip/CR4_3B_MRB7260_plustet2_R2.fq
Error submitting jobscript (exit code 1):


[Tue Oct 22 13:40:47 2019]
rule unzip:
    input: ../C9K8C/fastq/COIII_3B_MRB7260_mintet2_S7_L001_R1_001.fastq.gz, ../C9K8C/fastq/COIII_3B_MRB7260_mintet2_S7_L001_R2_001.fastq.gz, mkdir.done
    output: outputs/unzip/COIII_3B_MRB7260_mintet2_R1.fq, outputs/unzip/COIII_3B_MRB7260_mintet2_R2.fq
    jobid: 170
    wildcards: sample_id=COIII_3B_MRB7260_mintet2

gunzip -c ../C9K8C/fastq/COIII_3B_MRB7260_mintet2_S7_L001_R1_001.fastq.gz > outputs/unzip/COIII_3B_MRB7260_mintet2_R1.fq && gunzip -c ../C9K8C/fastq/COIII_3B_MRB7260_mintet2_S7_L001_R2_001.fastq.gz > outputs/unzip/COIII_3B_MRB7260_mintet2_R2.fq
Error submitting jobscript (exit code 1):


[Tue Oct 22 13:40:47 2019]
rule unzip:
    input: ../C9K8C/fastq/CR3_REH1_plustet2_S32_L001_R1_001.fastq.gz, ../C9K8C/fastq/CR3_REH1_plustet2_S32_L001_R2_001.fastq.gz, mkdir.done
    output: outputs/unzip/CR3_REH1_plustet2_R1.fq, outputs/unzip/CR3_REH1_plustet2_R2.fq
    jobid: 176
    wildcards: sample_id=CR3_REH1_plustet2

gunzip -c ../C9K8C/fastq/CR3_REH1_plustet2_S32_L001_R1_001.fastq.gz > outputs/unzip/CR3_REH1_plustet2_R1.fq && gunzip -c ../C9K8C/fastq/CR3_REH1_plustet2_S32_L001_R2_001.fastq.gz > outputs/unzip/CR3_REH1_plustet2_R2.fq
Error submitting jobscript (exit code 1):


[Tue Oct 22 13:40:47 2019]
rule unzip:
    input: ../C9K8C/fastq/CR4_3B_MRB7260_plustet1_S10_L001_R1_001.fastq.gz, ../C9K8C/fastq/CR4_3B_MRB7260_plustet1_S10_L001_R2_001.fastq.gz, mkdir.done
    output: outputs/unzip/CR4_3B_MRB7260_plustet1_R1.fq, outputs/unzip/CR4_3B_MRB7260_plustet1_R2.fq
    jobid: 179
    wildcards: sample_id=CR4_3B_MRB7260_plustet1

gunzip -c ../C9K8C/fastq/CR4_3B_MRB7260_plustet1_S10_L001_R1_001.fastq.gz > outputs/unzip/CR4_3B_MRB7260_plustet1_R1.fq && gunzip -c ../C9K8C/fastq/CR4_3B_MRB7260_plustet1_S10_L001_R2_001.fastq.gz > outputs/unzip/CR4_3B_MRB7260_plustet1_R2.fq
Error submitting jobscript (exit code 1):


[Tue Oct 22 13:40:47 2019]
rule unzip:
    input: ../C9K8C/fastq/COIII_3B_MRB7260_plustet2_S8_L001_R1_001.fastq.gz, ../C9K8C/fastq/COIII_3B_MRB7260_plustet2_S8_L001_R2_001.fastq.gz, mkdir.done
    output: outputs/unzip/COIII_3B_MRB7260_plustet2_R1.fq, outputs/unzip/COIII_3B_MRB7260_plustet2_R2.fq
    jobid: 172
    wildcards: sample_id=COIII_3B_MRB7260_plustet2

gunzip -c ../C9K8C/fastq/COIII_3B_MRB7260_plustet2_S8_L001_R1_001.fastq.gz > outputs/unzip/COIII_3B_MRB7260_plustet2_R1.fq && gunzip -c ../C9K8C/fastq/COIII_3B_MRB7260_plustet2_S8_L001_R2_001.fastq.gz > outputs/unzip/COIII_3B_MRB7260_plustet2_R2.fq
Error submitting jobscript (exit code 1):


[Tue Oct 22 13:40:48 2019]
rule unzip:
    input: ../C9K8C/fastq/CR4_3B_MRB7260_mintet1_S9_L001_R1_001.fastq.gz, ../C9K8C/fastq/CR4_3B_MRB7260_mintet1_S9_L001_R2_001.fastq.gz, mkdir.done
    output: outputs/unzip/CR4_3B_MRB7260_mintet1_R1.fq, outputs/unzip/CR4_3B_MRB7260_mintet1_R2.fq
    jobid: 177
    wildcards: sample_id=CR4_3B_MRB7260_mintet1

gunzip -c ../C9K8C/fastq/CR4_3B_MRB7260_mintet1_S9_L001_R1_001.fastq.gz > outputs/unzip/CR4_3B_MRB7260_mintet1_R1.fq && gunzip -c ../C9K8C/fastq/CR4_3B_MRB7260_mintet1_S9_L001_R2_001.fastq.gz > outputs/unzip/CR4_3B_MRB7260_mintet1_R2.fq
Error submitting jobscript (exit code 1):


[Tue Oct 22 13:40:48 2019]
rule unzip:
    input: ../C9K8C/fastq/A63B_MRB7260_plustet1_S2_L001_R1_001.fastq.gz, ../C9K8C/fastq/A63B_MRB7260_plustet1_S2_L001_R2_001.fastq.gz, mkdir.done
    output: outputs/unzip/A6_3B_MRB7260_plustet1_R1.fq, outputs/unzip/A6_3B_MRB7260_plustet1_R2.fq
    jobid: 163
    wildcards: sample_id=A6_3B_MRB7260_plustet1

gunzip -c ../C9K8C/fastq/A63B_MRB7260_plustet1_S2_L001_R1_001.fastq.gz > outputs/unzip/A6_3B_MRB7260_plustet1_R1.fq && gunzip -c ../C9K8C/fastq/A63B_MRB7260_plustet1_S2_L001_R2_001.fastq.gz > outputs/unzip/A6_3B_MRB7260_plustet1_R2.fq
Error submitting jobscript (exit code 1):


[Tue Oct 22 13:40:48 2019]
rule unzip:
    input: ../C9K8C/fastq/COIII_3B_MRB7260_mintet1_S5_L001_R1_001.fastq.gz, ../C9K8C/fastq/COIII_3B_MRB7260_mintet1_S5_L001_R2_001.fastq.gz, mkdir.done
    output: outputs/unzip/COIII_3B_MRB7260_mintet1_R1.fq, outputs/unzip/COIII_3B_MRB7260_mintet1_R2.fq
    jobid: 169
    wildcards: sample_id=COIII_3B_MRB7260_mintet1

gunzip -c ../C9K8C/fastq/COIII_3B_MRB7260_mintet1_S5_L001_R1_001.fastq.gz > outputs/unzip/COIII_3B_MRB7260_mintet1_R1.fq && gunzip -c ../C9K8C/fastq/COIII_3B_MRB7260_mintet1_S5_L001_R2_001.fastq.gz > outputs/unzip/COIII_3B_MRB7260_mintet1_R2.fq
Error submitting jobscript (exit code 1):

Shutting down, this might take some time.
Terminating processes on user request, this might take some time.
Will exit after finishing currently running jobs.
Cancelling snakemake on user request.
