Building DAG of jobs...
Using shell: /usr/bin/bash
Provided cluster nodes: 100
Job counts:
	count	jobs
	1	all
	32	collapse
	32	filter
	32	fq_2_fa
	32	join
	32	trim
	161

[Tue Oct 22 16:38:02 2019]
rule join:
    input: outputs/unzip/ND9_3B_MRB7260_plustet2_R1.fq, outputs/unzip/ND9_3B_MRB7260_plustet2_R2.fq
    output: outputs/join/ND9_3B_MRB7260_plustet2.assembled.fastq
    jobid: 156
    wildcards: sample_id=ND9_3B_MRB7260_plustet2

tools/pear/0.9.6/pear -f outputs/unzip/ND9_3B_MRB7260_plustet2_R1.fq -r outputs/unzip/ND9_3B_MRB7260_plustet2_R2.fq -o outputs/join/ND9_3B_MRB7260_plustet2
Submitted job 156 with external jobid 'Submitted batch job 452317 on cluster faculty'.

[Tue Oct 22 16:38:02 2019]
rule join:
    input: outputs/unzip/ND9_3B_MRB7260_mintet2_R1.fq, outputs/unzip/ND9_3B_MRB7260_mintet2_R2.fq
    output: outputs/join/ND9_3B_MRB7260_mintet2.assembled.fastq
    jobid: 154
    wildcards: sample_id=ND9_3B_MRB7260_mintet2

tools/pear/0.9.6/pear -f outputs/unzip/ND9_3B_MRB7260_mintet2_R1.fq -r outputs/unzip/ND9_3B_MRB7260_mintet2_R2.fq -o outputs/join/ND9_3B_MRB7260_mintet2
Submitted job 154 with external jobid 'Submitted batch job 452318 on cluster faculty'.

[Tue Oct 22 16:38:02 2019]
rule join:
    input: outputs/unzip/COIII_3B_MRB7260_plustet2_R1.fq, outputs/unzip/COIII_3B_MRB7260_plustet2_R2.fq
    output: outputs/join/COIII_3B_MRB7260_plustet2.assembled.fastq
    jobid: 140
    wildcards: sample_id=COIII_3B_MRB7260_plustet2

tools/pear/0.9.6/pear -f outputs/unzip/COIII_3B_MRB7260_plustet2_R1.fq -r outputs/unzip/COIII_3B_MRB7260_plustet2_R2.fq -o outputs/join/COIII_3B_MRB7260_plustet2
Submitted job 140 with external jobid 'Submitted batch job 452319 on cluster faculty'.

[Tue Oct 22 16:38:02 2019]
rule join:
    input: outputs/unzip/A6_3B_MRB7260_mintet1_R1.fq, outputs/unzip/A6_3B_MRB7260_mintet1_R2.fq
    output: outputs/join/A6_3B_MRB7260_mintet1.assembled.fastq
    jobid: 129
    wildcards: sample_id=A6_3B_MRB7260_mintet1

tools/pear/0.9.6/pear -f outputs/unzip/A6_3B_MRB7260_mintet1_R1.fq -r outputs/unzip/A6_3B_MRB7260_mintet1_R2.fq -o outputs/join/A6_3B_MRB7260_mintet1
Submitted job 129 with external jobid 'Submitted batch job 452320 on cluster faculty'.

[Tue Oct 22 16:38:03 2019]
rule join:
    input: outputs/unzip/RPS12_REH1_plustet1_R1.fq, outputs/unzip/RPS12_REH1_plustet1_R2.fq
    output: outputs/join/RPS12_REH1_plustet1.assembled.fastq
    jobid: 159
    wildcards: sample_id=RPS12_REH1_plustet1

tools/pear/0.9.6/pear -f outputs/unzip/RPS12_REH1_plustet1_R1.fq -r outputs/unzip/RPS12_REH1_plustet1_R2.fq -o outputs/join/RPS12_REH1_plustet1
Submitted job 159 with external jobid 'Submitted batch job 452321 on cluster faculty'.

[Tue Oct 22 16:38:03 2019]
rule join:
    input: outputs/unzip/COIII_3B_MRB7260_plustet1_R1.fq, outputs/unzip/COIII_3B_MRB7260_plustet1_R2.fq
    output: outputs/join/COIII_3B_MRB7260_plustet1.assembled.fastq
    jobid: 139
    wildcards: sample_id=COIII_3B_MRB7260_plustet1

tools/pear/0.9.6/pear -f outputs/unzip/COIII_3B_MRB7260_plustet1_R1.fq -r outputs/unzip/COIII_3B_MRB7260_plustet1_R2.fq -o outputs/join/COIII_3B_MRB7260_plustet1
Submitted job 139 with external jobid 'Submitted batch job 452322 on cluster faculty'.

[Tue Oct 22 16:38:03 2019]
rule join:
    input: outputs/unzip/A6_3B_REH1_mintet2_R1.fq, outputs/unzip/A6_3B_REH1_mintet2_R2.fq
    output: outputs/join/A6_3B_REH1_mintet2.assembled.fastq
    jobid: 134
    wildcards: sample_id=A6_3B_REH1_mintet2

tools/pear/0.9.6/pear -f outputs/unzip/A6_3B_REH1_mintet2_R1.fq -r outputs/unzip/A6_3B_REH1_mintet2_R2.fq -o outputs/join/A6_3B_REH1_mintet2
Submitted job 134 with external jobid 'Submitted batch job 452323 on cluster faculty'.

[Tue Oct 22 16:38:03 2019]
rule join:
    input: outputs/unzip/ND8_3B_MRB7260_plustet1_R1.fq, outputs/unzip/ND8_3B_MRB7260_plustet1_R2.fq
    output: outputs/join/ND8_3B_MRB7260_plustet1.assembled.fastq
    jobid: 151
    wildcards: sample_id=ND8_3B_MRB7260_plustet1

tools/pear/0.9.6/pear -f outputs/unzip/ND8_3B_MRB7260_plustet1_R1.fq -r outputs/unzip/ND8_3B_MRB7260_plustet1_R2.fq -o outputs/join/ND8_3B_MRB7260_plustet1
Submitted job 151 with external jobid 'Submitted batch job 452324 on cluster faculty'.

[Tue Oct 22 16:38:03 2019]
rule join:
    input: outputs/unzip/A6_3B_REH1_plustet1_R1.fq, outputs/unzip/A6_3B_REH1_plustet1_R2.fq
    output: outputs/join/A6_3B_REH1_plustet1.assembled.fastq
    jobid: 135
    wildcards: sample_id=A6_3B_REH1_plustet1

tools/pear/0.9.6/pear -f outputs/unzip/A6_3B_REH1_plustet1_R1.fq -r outputs/unzip/A6_3B_REH1_plustet1_R2.fq -o outputs/join/A6_3B_REH1_plustet1
Submitted job 135 with external jobid 'Submitted batch job 452325 on cluster faculty'.

[Tue Oct 22 16:38:03 2019]
rule join:
    input: outputs/unzip/COIII_3B_MRB7260_mintet2_R1.fq, outputs/unzip/COIII_3B_MRB7260_mintet2_R2.fq
    output: outputs/join/COIII_3B_MRB7260_mintet2.assembled.fastq
    jobid: 138
    wildcards: sample_id=COIII_3B_MRB7260_mintet2

tools/pear/0.9.6/pear -f outputs/unzip/COIII_3B_MRB7260_mintet2_R1.fq -r outputs/unzip/COIII_3B_MRB7260_mintet2_R2.fq -o outputs/join/COIII_3B_MRB7260_mintet2
Submitted job 138 with external jobid 'Submitted batch job 452326 on cluster faculty'.

[Tue Oct 22 16:38:03 2019]
rule join:
    input: outputs/unzip/CR4_3B_MRB7260_plustet2_R1.fq, outputs/unzip/CR4_3B_MRB7260_plustet2_R2.fq
    output: outputs/join/CR4_3B_MRB7260_plustet2.assembled.fastq
    jobid: 148
    wildcards: sample_id=CR4_3B_MRB7260_plustet2

tools/pear/0.9.6/pear -f outputs/unzip/CR4_3B_MRB7260_plustet2_R1.fq -r outputs/unzip/CR4_3B_MRB7260_plustet2_R2.fq -o outputs/join/CR4_3B_MRB7260_plustet2
Submitted job 148 with external jobid 'Submitted batch job 452327 on cluster faculty'.

[Tue Oct 22 16:38:04 2019]
rule join:
    input: outputs/unzip/ND9_3B_MRB7260_mintet1_R1.fq, outputs/unzip/ND9_3B_MRB7260_mintet1_R2.fq
    output: outputs/join/ND9_3B_MRB7260_mintet1.assembled.fastq
    jobid: 153
    wildcards: sample_id=ND9_3B_MRB7260_mintet1

tools/pear/0.9.6/pear -f outputs/unzip/ND9_3B_MRB7260_mintet1_R1.fq -r outputs/unzip/ND9_3B_MRB7260_mintet1_R2.fq -o outputs/join/ND9_3B_MRB7260_mintet1
Submitted job 153 with external jobid 'Submitted batch job 452328 on cluster faculty'.

[Tue Oct 22 16:38:04 2019]
rule join:
    input: outputs/unzip/RPS12_REH1_mintet1_R1.fq, outputs/unzip/RPS12_REH1_mintet1_R2.fq
    output: outputs/join/RPS12_REH1_mintet1.assembled.fastq
    jobid: 157
    wildcards: sample_id=RPS12_REH1_mintet1

tools/pear/0.9.6/pear -f outputs/unzip/RPS12_REH1_mintet1_R1.fq -r outputs/unzip/RPS12_REH1_mintet1_R2.fq -o outputs/join/RPS12_REH1_mintet1
Submitted job 157 with external jobid 'Submitted batch job 452329 on cluster faculty'.

[Tue Oct 22 16:38:04 2019]
rule join:
    input: outputs/unzip/A6_3B_MRB7260_plustet2_R1.fq, outputs/unzip/A6_3B_MRB7260_plustet2_R2.fq
    output: outputs/join/A6_3B_MRB7260_plustet2.assembled.fastq
    jobid: 132
    wildcards: sample_id=A6_3B_MRB7260_plustet2

tools/pear/0.9.6/pear -f outputs/unzip/A6_3B_MRB7260_plustet2_R1.fq -r outputs/unzip/A6_3B_MRB7260_plustet2_R2.fq -o outputs/join/A6_3B_MRB7260_plustet2
Submitted job 132 with external jobid 'Submitted batch job 452330 on cluster faculty'.

[Tue Oct 22 16:38:04 2019]
rule join:
    input: outputs/unzip/CR3_REH1_mintet1_R1.fq, outputs/unzip/CR3_REH1_mintet1_R2.fq
    output: outputs/join/CR3_REH1_mintet1.assembled.fastq
    jobid: 141
    wildcards: sample_id=CR3_REH1_mintet1

tools/pear/0.9.6/pear -f outputs/unzip/CR3_REH1_mintet1_R1.fq -r outputs/unzip/CR3_REH1_mintet1_R2.fq -o outputs/join/CR3_REH1_mintet1
Submitted job 141 with external jobid 'Submitted batch job 452331 on cluster faculty'.

[Tue Oct 22 16:38:04 2019]
rule join:
    input: outputs/unzip/CR4_3B_MRB7260_mintet1_R1.fq, outputs/unzip/CR4_3B_MRB7260_mintet1_R2.fq
    output: outputs/join/CR4_3B_MRB7260_mintet1.assembled.fastq
    jobid: 145
    wildcards: sample_id=CR4_3B_MRB7260_mintet1

tools/pear/0.9.6/pear -f outputs/unzip/CR4_3B_MRB7260_mintet1_R1.fq -r outputs/unzip/CR4_3B_MRB7260_mintet1_R2.fq -o outputs/join/CR4_3B_MRB7260_mintet1
Submitted job 145 with external jobid 'Submitted batch job 452332 on cluster faculty'.

[Tue Oct 22 16:38:04 2019]
rule join:
    input: outputs/unzip/ND8_3B_MRB7260_mintet1_R1.fq, outputs/unzip/ND8_3B_MRB7260_mintet1_R2.fq
    output: outputs/join/ND8_3B_MRB7260_mintet1.assembled.fastq
    jobid: 149
    wildcards: sample_id=ND8_3B_MRB7260_mintet1

tools/pear/0.9.6/pear -f outputs/unzip/ND8_3B_MRB7260_mintet1_R1.fq -r outputs/unzip/ND8_3B_MRB7260_mintet1_R2.fq -o outputs/join/ND8_3B_MRB7260_mintet1
Submitted job 149 with external jobid 'Submitted batch job 452333 on cluster faculty'.

[Tue Oct 22 16:38:04 2019]
rule join:
    input: outputs/unzip/RPS12_REH1_plustet2_R1.fq, outputs/unzip/RPS12_REH1_plustet2_R2.fq
    output: outputs/join/RPS12_REH1_plustet2.assembled.fastq
    jobid: 160
    wildcards: sample_id=RPS12_REH1_plustet2

tools/pear/0.9.6/pear -f outputs/unzip/RPS12_REH1_plustet2_R1.fq -r outputs/unzip/RPS12_REH1_plustet2_R2.fq -o outputs/join/RPS12_REH1_plustet2
Submitted job 160 with external jobid 'Submitted batch job 452334 on cluster faculty'.

[Tue Oct 22 16:38:05 2019]
rule join:
    input: outputs/unzip/A6_3B_REH1_mintet1_R1.fq, outputs/unzip/A6_3B_REH1_mintet1_R2.fq
    output: outputs/join/A6_3B_REH1_mintet1.assembled.fastq
    jobid: 133
    wildcards: sample_id=A6_3B_REH1_mintet1

tools/pear/0.9.6/pear -f outputs/unzip/A6_3B_REH1_mintet1_R1.fq -r outputs/unzip/A6_3B_REH1_mintet1_R2.fq -o outputs/join/A6_3B_REH1_mintet1
Submitted job 133 with external jobid 'Submitted batch job 452335 on cluster faculty'.

[Tue Oct 22 16:38:05 2019]
rule join:
    input: outputs/unzip/CR4_3B_MRB7260_plustet1_R1.fq, outputs/unzip/CR4_3B_MRB7260_plustet1_R2.fq
    output: outputs/join/CR4_3B_MRB7260_plustet1.assembled.fastq
    jobid: 147
    wildcards: sample_id=CR4_3B_MRB7260_plustet1

tools/pear/0.9.6/pear -f outputs/unzip/CR4_3B_MRB7260_plustet1_R1.fq -r outputs/unzip/CR4_3B_MRB7260_plustet1_R2.fq -o outputs/join/CR4_3B_MRB7260_plustet1
Submitted job 147 with external jobid 'Submitted batch job 452336 on cluster faculty'.

[Tue Oct 22 16:38:05 2019]
rule join:
    input: outputs/unzip/ND8_3B_MRB7260_mintet2_R1.fq, outputs/unzip/ND8_3B_MRB7260_mintet2_R2.fq
    output: outputs/join/ND8_3B_MRB7260_mintet2.assembled.fastq
    jobid: 150
    wildcards: sample_id=ND8_3B_MRB7260_mintet2

tools/pear/0.9.6/pear -f outputs/unzip/ND8_3B_MRB7260_mintet2_R1.fq -r outputs/unzip/ND8_3B_MRB7260_mintet2_R2.fq -o outputs/join/ND8_3B_MRB7260_mintet2
Submitted job 150 with external jobid 'Submitted batch job 452337 on cluster faculty'.

[Tue Oct 22 16:38:05 2019]
rule join:
    input: outputs/unzip/COIII_3B_MRB7260_mintet1_R1.fq, outputs/unzip/COIII_3B_MRB7260_mintet1_R2.fq
    output: outputs/join/COIII_3B_MRB7260_mintet1.assembled.fastq
    jobid: 137
    wildcards: sample_id=COIII_3B_MRB7260_mintet1

tools/pear/0.9.6/pear -f outputs/unzip/COIII_3B_MRB7260_mintet1_R1.fq -r outputs/unzip/COIII_3B_MRB7260_mintet1_R2.fq -o outputs/join/COIII_3B_MRB7260_mintet1
Submitted job 137 with external jobid 'Submitted batch job 452338 on cluster faculty'.

[Tue Oct 22 16:38:05 2019]
rule join:
    input: outputs/unzip/A6_3B_MRB7260_plustet1_R1.fq, outputs/unzip/A6_3B_MRB7260_plustet1_R2.fq
    output: outputs/join/A6_3B_MRB7260_plustet1.assembled.fastq
    jobid: 131
    wildcards: sample_id=A6_3B_MRB7260_plustet1

tools/pear/0.9.6/pear -f outputs/unzip/A6_3B_MRB7260_plustet1_R1.fq -r outputs/unzip/A6_3B_MRB7260_plustet1_R2.fq -o outputs/join/A6_3B_MRB7260_plustet1
Submitted job 131 with external jobid 'Submitted batch job 452339 on cluster faculty'.

[Tue Oct 22 16:38:05 2019]
rule join:
    input: outputs/unzip/A6_3B_MRB7260_mintet2_R1.fq, outputs/unzip/A6_3B_MRB7260_mintet2_R2.fq
    output: outputs/join/A6_3B_MRB7260_mintet2.assembled.fastq
    jobid: 130
    wildcards: sample_id=A6_3B_MRB7260_mintet2

tools/pear/0.9.6/pear -f outputs/unzip/A6_3B_MRB7260_mintet2_R1.fq -r outputs/unzip/A6_3B_MRB7260_mintet2_R2.fq -o outputs/join/A6_3B_MRB7260_mintet2
Submitted job 130 with external jobid 'Submitted batch job 452340 on cluster faculty'.

[Tue Oct 22 16:38:05 2019]
rule join:
    input: outputs/unzip/A6_3B_REH1_plustet2_R1.fq, outputs/unzip/A6_3B_REH1_plustet2_R2.fq
    output: outputs/join/A6_3B_REH1_plustet2.assembled.fastq
    jobid: 136
    wildcards: sample_id=A6_3B_REH1_plustet2

tools/pear/0.9.6/pear -f outputs/unzip/A6_3B_REH1_plustet2_R1.fq -r outputs/unzip/A6_3B_REH1_plustet2_R2.fq -o outputs/join/A6_3B_REH1_plustet2
Submitted job 136 with external jobid 'Submitted batch job 452341 on cluster faculty'.

[Tue Oct 22 16:38:06 2019]
rule join:
    input: outputs/unzip/CR3_REH1_plustet1_R1.fq, outputs/unzip/CR3_REH1_plustet1_R2.fq
    output: outputs/join/CR3_REH1_plustet1.assembled.fastq
    jobid: 143
    wildcards: sample_id=CR3_REH1_plustet1

tools/pear/0.9.6/pear -f outputs/unzip/CR3_REH1_plustet1_R1.fq -r outputs/unzip/CR3_REH1_plustet1_R2.fq -o outputs/join/CR3_REH1_plustet1
Submitted job 143 with external jobid 'Submitted batch job 452342 on cluster faculty'.

[Tue Oct 22 16:38:06 2019]
rule join:
    input: outputs/unzip/RPS12_REH1_mintet2_R1.fq, outputs/unzip/RPS12_REH1_mintet2_R2.fq
    output: outputs/join/RPS12_REH1_mintet2.assembled.fastq
    jobid: 158
    wildcards: sample_id=RPS12_REH1_mintet2

tools/pear/0.9.6/pear -f outputs/unzip/RPS12_REH1_mintet2_R1.fq -r outputs/unzip/RPS12_REH1_mintet2_R2.fq -o outputs/join/RPS12_REH1_mintet2
Submitted job 158 with external jobid 'Submitted batch job 452343 on cluster faculty'.

[Tue Oct 22 16:38:06 2019]
rule join:
    input: outputs/unzip/CR3_REH1_plustet2_R1.fq, outputs/unzip/CR3_REH1_plustet2_R2.fq
    output: outputs/join/CR3_REH1_plustet2.assembled.fastq
    jobid: 144
    wildcards: sample_id=CR3_REH1_plustet2

tools/pear/0.9.6/pear -f outputs/unzip/CR3_REH1_plustet2_R1.fq -r outputs/unzip/CR3_REH1_plustet2_R2.fq -o outputs/join/CR3_REH1_plustet2
Submitted job 144 with external jobid 'Submitted batch job 452345 on cluster faculty'.

[Tue Oct 22 16:38:06 2019]
rule join:
    input: outputs/unzip/ND8_3B_MRB7260_plustet2_R1.fq, outputs/unzip/ND8_3B_MRB7260_plustet2_R2.fq
    output: outputs/join/ND8_3B_MRB7260_plustet2.assembled.fastq
    jobid: 152
    wildcards: sample_id=ND8_3B_MRB7260_plustet2

tools/pear/0.9.6/pear -f outputs/unzip/ND8_3B_MRB7260_plustet2_R1.fq -r outputs/unzip/ND8_3B_MRB7260_plustet2_R2.fq -o outputs/join/ND8_3B_MRB7260_plustet2
Submitted job 152 with external jobid 'Submitted batch job 452346 on cluster faculty'.

[Tue Oct 22 16:38:06 2019]
rule join:
    input: outputs/unzip/CR4_3B_MRB7260_mintet2_R1.fq, outputs/unzip/CR4_3B_MRB7260_mintet2_R2.fq
    output: outputs/join/CR4_3B_MRB7260_mintet2.assembled.fastq
    jobid: 146
    wildcards: sample_id=CR4_3B_MRB7260_mintet2

tools/pear/0.9.6/pear -f outputs/unzip/CR4_3B_MRB7260_mintet2_R1.fq -r outputs/unzip/CR4_3B_MRB7260_mintet2_R2.fq -o outputs/join/CR4_3B_MRB7260_mintet2
Submitted job 146 with external jobid 'Submitted batch job 452347 on cluster faculty'.

[Tue Oct 22 16:38:06 2019]
rule join:
    input: outputs/unzip/ND9_3B_MRB7260_plustet1_R1.fq, outputs/unzip/ND9_3B_MRB7260_plustet1_R2.fq
    output: outputs/join/ND9_3B_MRB7260_plustet1.assembled.fastq
    jobid: 155
    wildcards: sample_id=ND9_3B_MRB7260_plustet1

tools/pear/0.9.6/pear -f outputs/unzip/ND9_3B_MRB7260_plustet1_R1.fq -r outputs/unzip/ND9_3B_MRB7260_plustet1_R2.fq -o outputs/join/ND9_3B_MRB7260_plustet1
Submitted job 155 with external jobid 'Submitted batch job 452348 on cluster faculty'.

[Tue Oct 22 16:38:06 2019]
rule join:
    input: outputs/unzip/CR3_REH1_mintet2_R1.fq, outputs/unzip/CR3_REH1_mintet2_R2.fq
    output: outputs/join/CR3_REH1_mintet2.assembled.fastq
    jobid: 142
    wildcards: sample_id=CR3_REH1_mintet2

tools/pear/0.9.6/pear -f outputs/unzip/CR3_REH1_mintet2_R1.fq -r outputs/unzip/CR3_REH1_mintet2_R2.fq -o outputs/join/CR3_REH1_mintet2
Submitted job 142 with external jobid 'Submitted batch job 452349 on cluster faculty'.
[Tue Oct 22 16:44:30 2019]
Finished job 156.
1 of 161 steps (0.62%) done

[Tue Oct 22 16:44:30 2019]
rule filter:
    input: outputs/join/ND9_3B_MRB7260_plustet2.assembled.fastq
    output: outputs/filter/ND9_3B_MRB7260_plustet2.fq
    jobid: 124
    wildcards: sample_id=ND9_3B_MRB7260_plustet2

tools/fastx/0.0.13/fastq_quality_filter -i outputs/join/ND9_3B_MRB7260_plustet2.assembled.fastq -o outputs/filter/ND9_3B_MRB7260_plustet2.fq -q 30 -p 90 -Q33 -v
Submitted job 124 with external jobid 'Submitted batch job 452391 on cluster faculty'.
[Tue Oct 22 16:45:22 2019]
Finished job 124.
2 of 161 steps (1%) done

[Tue Oct 22 16:45:22 2019]
rule fq_2_fa:
    input: outputs/filter/ND9_3B_MRB7260_plustet2.fq
    output: outputs/fq_2_fa/ND9_3B_MRB7260_plustet2.fa
    jobid: 92
    wildcards: sample_id=ND9_3B_MRB7260_plustet2

tools/fastx/0.0.13/fastq_to_fasta -i outputs/filter/ND9_3B_MRB7260_plustet2.fq -o outputs/fq_2_fa/ND9_3B_MRB7260_plustet2.fa -n -v -Q33
[Tue Oct 22 16:45:22 2019]
Finished job 140.
3 of 161 steps (2%) done
Submitted job 92 with external jobid 'Submitted batch job 452397 on cluster faculty'.

[Tue Oct 22 16:45:22 2019]
rule filter:
    input: outputs/join/COIII_3B_MRB7260_plustet2.assembled.fastq
    output: outputs/filter/COIII_3B_MRB7260_plustet2.fq
    jobid: 108
    wildcards: sample_id=COIII_3B_MRB7260_plustet2

tools/fastx/0.0.13/fastq_quality_filter -i outputs/join/COIII_3B_MRB7260_plustet2.assembled.fastq -o outputs/filter/COIII_3B_MRB7260_plustet2.fq -q 30 -p 90 -Q33 -v
Submitted job 108 with external jobid 'Submitted batch job 452398 on cluster faculty'.
[Tue Oct 22 16:45:24 2019]
Finished job 144.
4 of 161 steps (2%) done

[Tue Oct 22 16:45:24 2019]
rule filter:
    input: outputs/join/CR3_REH1_plustet2.assembled.fastq
    output: outputs/filter/CR3_REH1_plustet2.fq
    jobid: 112
    wildcards: sample_id=CR3_REH1_plustet2

tools/fastx/0.0.13/fastq_quality_filter -i outputs/join/CR3_REH1_plustet2.assembled.fastq -o outputs/filter/CR3_REH1_plustet2.fq -q 30 -p 90 -Q33 -v
Submitted job 112 with external jobid 'Submitted batch job 452399 on cluster faculty'.
[Tue Oct 22 16:45:35 2019]
Finished job 92.
5 of 161 steps (3%) done

[Tue Oct 22 16:45:35 2019]
rule trim:
    input: outputs/fq_2_fa/ND9_3B_MRB7260_plustet2.fa
    output: outputs/trimmed/ND9_3B_MRB7260_plustet2.fa
    jobid: 60
    wildcards: sample_id=ND9_3B_MRB7260_plustet2

./tools/cutadapt/1.16/cutadapt/bin/cutadapt -m 15 -g TTGGTAGGAGGATGATTGGG -a CACCGTTGTAATTCTAAATTTC -n 2 outputs/fq_2_fa/ND9_3B_MRB7260_plustet2.fa > outputs/trimmed/ND9_3B_MRB7260_plustet2.fa 2>outputs/trimmed/ND9_3B_MRB7260_plustet2.fa.stats
Submitted job 60 with external jobid 'Submitted batch job 452400 on cluster faculty'.
Waiting at most 5 seconds for missing files.
MissingOutputException in line 64 of /projects/academic/lread/core-sequencing-runs/treat-scripting/development/treat-virtualenv/Snakefile:
Missing files after 5 seconds:
outputs/trimmed/ND9_3B_MRB7260_plustet2.fa
This might be due to filesystem latency. If that is the case, consider to increase the wait time with --latency-wait.
[Tue Oct 22 16:45:53 2019]
Finished job 108.
6 of 161 steps (4%) done
[Tue Oct 22 16:45:53 2019]
Finished job 134.
7 of 161 steps (4%) done
[Tue Oct 22 16:45:53 2019]
Finished job 135.
8 of 161 steps (5%) done
[Tue Oct 22 16:45:54 2019]
Finished job 149.
9 of 161 steps (6%) done
[Tue Oct 22 16:46:42 2019]
Finished job 112.
10 of 161 steps (6%) done
[Tue Oct 22 16:46:42 2019]
Finished job 151.
11 of 161 steps (7%) done
[Tue Oct 22 16:46:43 2019]
Finished job 145.
12 of 161 steps (7%) done
[Tue Oct 22 16:46:44 2019]
Finished job 152.
13 of 161 steps (8%) done
[Tue Oct 22 16:46:54 2019]
Finished job 159.
14 of 161 steps (9%) done
[Tue Oct 22 16:46:55 2019]
Finished job 147.
15 of 161 steps (9%) done
[Tue Oct 22 16:47:06 2019]
Finished job 154.
16 of 161 steps (10%) done
[Tue Oct 22 16:47:07 2019]
Finished job 136.
17 of 161 steps (11%) done
[Tue Oct 22 16:47:07 2019]
Finished job 146.
18 of 161 steps (11%) done
[Tue Oct 22 16:47:18 2019]
Finished job 153.
19 of 161 steps (12%) done
[Tue Oct 22 16:47:19 2019]
Finished job 150.
20 of 161 steps (12%) done
[Tue Oct 22 16:48:02 2019]
Finished job 138.
21 of 161 steps (13%) done
[Tue Oct 22 16:48:02 2019]
Finished job 160.
22 of 161 steps (14%) done
[Tue Oct 22 16:48:03 2019]
Finished job 131.
23 of 161 steps (14%) done
[Tue Oct 22 16:48:15 2019]
Finished job 155.
24 of 161 steps (15%) done
[Tue Oct 22 16:48:58 2019]
Finished job 148.
25 of 161 steps (16%) done
[Tue Oct 22 16:48:58 2019]
Finished job 132.
26 of 161 steps (16%) done
[Tue Oct 22 16:48:58 2019]
Finished job 137.
27 of 161 steps (17%) done
[Tue Oct 22 16:48:59 2019]
Finished job 142.
28 of 161 steps (17%) done
Terminating processes on user request, this might take some time.
Will exit after finishing currently running jobs.
Cancelling snakemake on user request.
