Building DAG of jobs...
Using shell: /usr/bin/bash
Provided cluster nodes: 50
Job counts:
	count	jobs
	1	all
	32	collapse
	32	trim
	65

[Tue Oct 22 15:59:29 2019]
rule trim:
    input: outputs/fq_2_fa/A6_3B_MRB7260_mintet1.fa
    output: outputs/trimmed/A6_3B_MRB7260_mintet1.fa
    jobid: 33
    wildcards: sample_id=A6_3B_MRB7260_mintet1

./tools/cutadapt/1.16/cutadapt/bin/cutadapt -m 15 -g GAAAACACCCATTTTTAGGAGG -a GGAGTTATAGAATAAGATCAAATAAG -n 2 outputs/fq_2_fa/A6_3B_MRB7260_mintet1.fa > outputs/trimmed/A6_3B_MRB7260_mintet1.fa 2>outputs/trimmed/A6_3B_MRB7260_mintet1.fa.stats
Submitted job 33 with external jobid 'Submitted batch job 452054 on cluster faculty'.

[Tue Oct 22 15:59:29 2019]
rule trim:
    input: outputs/fq_2_fa/COIII_3B_MRB7260_mintet2.fa
    output: outputs/trimmed/COIII_3B_MRB7260_mintet2.fa
    jobid: 42
    wildcards: sample_id=COIII_3B_MRB7260_mintet2

./tools/cutadapt/1.16/cutadapt/bin/cutadapt -m 15 -g GCAGAAACAAAGGGG -a GGTAGTTTGTAGGAAGTT -n 2 outputs/fq_2_fa/COIII_3B_MRB7260_mintet2.fa > outputs/trimmed/COIII_3B_MRB7260_mintet2.fa 2>outputs/trimmed/COIII_3B_MRB7260_mintet2.fa.stats
Submitted job 42 with external jobid 'Submitted batch job 452055 on cluster faculty'.

[Tue Oct 22 15:59:29 2019]
rule trim:
    input: outputs/fq_2_fa/CR3_REH1_plustet1.fa
    output: outputs/trimmed/CR3_REH1_plustet1.fa
    jobid: 47
    wildcards: sample_id=CR3_REH1_plustet1

./tools/cutadapt/1.16/cutadapt/bin/cutadapt -m 15 -g AGAAATATAAATATGTGTATGATATAT -a AAGTATGCAAATAATTTTTGT -n 2 outputs/fq_2_fa/CR3_REH1_plustet1.fa > outputs/trimmed/CR3_REH1_plustet1.fa 2>outputs/trimmed/CR3_REH1_plustet1.fa.stats
Submitted job 47 with external jobid 'Submitted batch job 452056 on cluster faculty'.

[Tue Oct 22 15:59:29 2019]
rule trim:
    input: outputs/fq_2_fa/ND8_3B_MRB7260_plustet1.fa
    output: outputs/trimmed/ND8_3B_MRB7260_plustet1.fa
    jobid: 55
    wildcards: sample_id=ND8_3B_MRB7260_plustet1

./tools/cutadapt/1.16/cutadapt/bin/cutadapt -m 15 -g GAGCAGGAGTTTTTCGGGGG -a CACGGTGAAATTAAATTTTGACTAAAT -n 2 outputs/fq_2_fa/ND8_3B_MRB7260_plustet1.fa > outputs/trimmed/ND8_3B_MRB7260_plustet1.fa 2>outputs/trimmed/ND8_3B_MRB7260_plustet1.fa.stats
Submitted job 55 with external jobid 'Submitted batch job 452057 on cluster faculty'.

[Tue Oct 22 15:59:29 2019]
rule trim:
    input: outputs/fq_2_fa/ND8_3B_MRB7260_mintet1.fa
    output: outputs/trimmed/ND8_3B_MRB7260_mintet1.fa
    jobid: 53
    wildcards: sample_id=ND8_3B_MRB7260_mintet1

./tools/cutadapt/1.16/cutadapt/bin/cutadapt -m 15 -g GAGCAGGAGTTTTTCGGGGG -a CACGGTGAAATTAAATTTTGACTAAAT -n 2 outputs/fq_2_fa/ND8_3B_MRB7260_mintet1.fa > outputs/trimmed/ND8_3B_MRB7260_mintet1.fa 2>outputs/trimmed/ND8_3B_MRB7260_mintet1.fa.stats
Submitted job 53 with external jobid 'Submitted batch job 452058 on cluster faculty'.

[Tue Oct 22 15:59:29 2019]
rule trim:
    input: outputs/fq_2_fa/RPS12_REH1_plustet2.fa
    output: outputs/trimmed/RPS12_REH1_plustet2.fa
    jobid: 64
    wildcards: sample_id=RPS12_REH1_plustet2

./tools/cutadapt/1.16/cutadapt/bin/cutadapt -m 15 -g CTAATACACTTTTGATAACAAAC -a AGATATAAGATATGTTTTT -n 2 outputs/fq_2_fa/RPS12_REH1_plustet2.fa > outputs/trimmed/RPS12_REH1_plustet2.fa 2>outputs/trimmed/RPS12_REH1_plustet2.fa.stats
Submitted job 64 with external jobid 'Submitted batch job 452059 on cluster faculty'.

[Tue Oct 22 15:59:30 2019]
rule trim:
    input: outputs/fq_2_fa/COIII_3B_MRB7260_mintet1.fa
    output: outputs/trimmed/COIII_3B_MRB7260_mintet1.fa
    jobid: 41
    wildcards: sample_id=COIII_3B_MRB7260_mintet1

./tools/cutadapt/1.16/cutadapt/bin/cutadapt -m 15 -g GCAGAAACAAAGGGG -a GGTAGTTTGTAGGAAGTT -n 2 outputs/fq_2_fa/COIII_3B_MRB7260_mintet1.fa > outputs/trimmed/COIII_3B_MRB7260_mintet1.fa 2>outputs/trimmed/COIII_3B_MRB7260_mintet1.fa.stats
Submitted job 41 with external jobid 'Submitted batch job 452060 on cluster faculty'.

[Tue Oct 22 15:59:30 2019]
rule trim:
    input: outputs/fq_2_fa/A6_3B_REH1_plustet1.fa
    output: outputs/trimmed/A6_3B_REH1_plustet1.fa
    jobid: 39
    wildcards: sample_id=A6_3B_REH1_plustet1

./tools/cutadapt/1.16/cutadapt/bin/cutadapt -m 15 -g GAAAACACCCATTTTTAGGAGG -a GGAGTTATAGAATAAGATCAAATAAG -n 2 outputs/fq_2_fa/A6_3B_REH1_plustet1.fa > outputs/trimmed/A6_3B_REH1_plustet1.fa 2>outputs/trimmed/A6_3B_REH1_plustet1.fa.stats
Submitted job 39 with external jobid 'Submitted batch job 452061 on cluster faculty'.

[Tue Oct 22 15:59:30 2019]
rule trim:
    input: outputs/fq_2_fa/ND8_3B_MRB7260_plustet2.fa
    output: outputs/trimmed/ND8_3B_MRB7260_plustet2.fa
    jobid: 56
    wildcards: sample_id=ND8_3B_MRB7260_plustet2

./tools/cutadapt/1.16/cutadapt/bin/cutadapt -m 15 -g GAGCAGGAGTTTTTCGGGGG -a CACGGTGAAATTAAATTTTGACTAAAT -n 2 outputs/fq_2_fa/ND8_3B_MRB7260_plustet2.fa > outputs/trimmed/ND8_3B_MRB7260_plustet2.fa 2>outputs/trimmed/ND8_3B_MRB7260_plustet2.fa.stats
Submitted job 56 with external jobid 'Submitted batch job 452062 on cluster faculty'.

[Tue Oct 22 15:59:30 2019]
rule trim:
    input: outputs/fq_2_fa/A6_3B_REH1_plustet2.fa
    output: outputs/trimmed/A6_3B_REH1_plustet2.fa
    jobid: 40
    wildcards: sample_id=A6_3B_REH1_plustet2

./tools/cutadapt/1.16/cutadapt/bin/cutadapt -m 15 -g GAAAACACCCATTTTTAGGAGG -a GGAGTTATAGAATAAGATCAAATAAG -n 2 outputs/fq_2_fa/A6_3B_REH1_plustet2.fa > outputs/trimmed/A6_3B_REH1_plustet2.fa 2>outputs/trimmed/A6_3B_REH1_plustet2.fa.stats
Submitted job 40 with external jobid 'Submitted batch job 452063 on cluster faculty'.

[Tue Oct 22 15:59:30 2019]
rule trim:
    input: outputs/fq_2_fa/CR3_REH1_plustet2.fa
    output: outputs/trimmed/CR3_REH1_plustet2.fa
    jobid: 48
    wildcards: sample_id=CR3_REH1_plustet2

./tools/cutadapt/1.16/cutadapt/bin/cutadapt -m 15 -g AGAAATATAAATATGTGTATGATATAT -a AAGTATGCAAATAATTTTTGT -n 2 outputs/fq_2_fa/CR3_REH1_plustet2.fa > outputs/trimmed/CR3_REH1_plustet2.fa 2>outputs/trimmed/CR3_REH1_plustet2.fa.stats
Submitted job 48 with external jobid 'Submitted batch job 452064 on cluster faculty'.

[Tue Oct 22 15:59:30 2019]
rule trim:
    input: outputs/fq_2_fa/ND9_3B_MRB7260_mintet2.fa
    output: outputs/trimmed/ND9_3B_MRB7260_mintet2.fa
    jobid: 58
    wildcards: sample_id=ND9_3B_MRB7260_mintet2

./tools/cutadapt/1.16/cutadapt/bin/cutadapt -m 15 -g TTGGTAGGAGGATGATTGGG -a CACCGTTGTAATTCTAAATTTC -n 2 outputs/fq_2_fa/ND9_3B_MRB7260_mintet2.fa > outputs/trimmed/ND9_3B_MRB7260_mintet2.fa 2>outputs/trimmed/ND9_3B_MRB7260_mintet2.fa.stats
Submitted job 58 with external jobid 'Submitted batch job 452065 on cluster faculty'.

[Tue Oct 22 15:59:30 2019]
rule trim:
    input: outputs/fq_2_fa/CR4_3B_MRB7260_mintet1.fa
    output: outputs/trimmed/CR4_3B_MRB7260_mintet1.fa
    jobid: 49
    wildcards: sample_id=CR4_3B_MRB7260_mintet1

./tools/cutadapt/1.16/cutadapt/bin/cutadapt -m 15 -g GAGTTTGATTGGGGGGTTTTAGTTGGT -a TGGTTTTATAAAATGTTTTTTCT -n 2 outputs/fq_2_fa/CR4_3B_MRB7260_mintet1.fa > outputs/trimmed/CR4_3B_MRB7260_mintet1.fa 2>outputs/trimmed/CR4_3B_MRB7260_mintet1.fa.stats
Submitted job 49 with external jobid 'Submitted batch job 452066 on cluster faculty'.

[Tue Oct 22 15:59:31 2019]
rule trim:
    input: outputs/fq_2_fa/A6_3B_MRB7260_plustet1.fa
    output: outputs/trimmed/A6_3B_MRB7260_plustet1.fa
    jobid: 35
    wildcards: sample_id=A6_3B_MRB7260_plustet1

./tools/cutadapt/1.16/cutadapt/bin/cutadapt -m 15 -g GAAAACACCCATTTTTAGGAGG -a GGAGTTATAGAATAAGATCAAATAAG -n 2 outputs/fq_2_fa/A6_3B_MRB7260_plustet1.fa > outputs/trimmed/A6_3B_MRB7260_plustet1.fa 2>outputs/trimmed/A6_3B_MRB7260_plustet1.fa.stats
Submitted job 35 with external jobid 'Submitted batch job 452067 on cluster faculty'.

[Tue Oct 22 15:59:31 2019]
rule trim:
    input: outputs/fq_2_fa/CR4_3B_MRB7260_plustet1.fa
    output: outputs/trimmed/CR4_3B_MRB7260_plustet1.fa
    jobid: 51
    wildcards: sample_id=CR4_3B_MRB7260_plustet1

./tools/cutadapt/1.16/cutadapt/bin/cutadapt -m 15 -g GAGTTTGATTGGGGGGTTTTAGTTGGT -a TGGTTTTATAAAATGTTTTTTCT -n 2 outputs/fq_2_fa/CR4_3B_MRB7260_plustet1.fa > outputs/trimmed/CR4_3B_MRB7260_plustet1.fa 2>outputs/trimmed/CR4_3B_MRB7260_plustet1.fa.stats
Submitted job 51 with external jobid 'Submitted batch job 452068 on cluster faculty'.

[Tue Oct 22 15:59:31 2019]
rule trim:
    input: outputs/fq_2_fa/RPS12_REH1_mintet2.fa
    output: outputs/trimmed/RPS12_REH1_mintet2.fa
    jobid: 62
    wildcards: sample_id=RPS12_REH1_mintet2

./tools/cutadapt/1.16/cutadapt/bin/cutadapt -m 15 -g CTAATACACTTTTGATAACAAAC -a AGATATAAGATATGTTTTT -n 2 outputs/fq_2_fa/RPS12_REH1_mintet2.fa > outputs/trimmed/RPS12_REH1_mintet2.fa 2>outputs/trimmed/RPS12_REH1_mintet2.fa.stats
Submitted job 62 with external jobid 'Submitted batch job 452069 on cluster faculty'.

[Tue Oct 22 15:59:31 2019]
rule trim:
    input: outputs/fq_2_fa/ND8_3B_MRB7260_mintet2.fa
    output: outputs/trimmed/ND8_3B_MRB7260_mintet2.fa
    jobid: 54
    wildcards: sample_id=ND8_3B_MRB7260_mintet2

./tools/cutadapt/1.16/cutadapt/bin/cutadapt -m 15 -g GAGCAGGAGTTTTTCGGGGG -a CACGGTGAAATTAAATTTTGACTAAAT -n 2 outputs/fq_2_fa/ND8_3B_MRB7260_mintet2.fa > outputs/trimmed/ND8_3B_MRB7260_mintet2.fa 2>outputs/trimmed/ND8_3B_MRB7260_mintet2.fa.stats
Submitted job 54 with external jobid 'Submitted batch job 452070 on cluster faculty'.

[Tue Oct 22 15:59:31 2019]
rule trim:
    input: outputs/fq_2_fa/COIII_3B_MRB7260_plustet1.fa
    output: outputs/trimmed/COIII_3B_MRB7260_plustet1.fa
    jobid: 43
    wildcards: sample_id=COIII_3B_MRB7260_plustet1

./tools/cutadapt/1.16/cutadapt/bin/cutadapt -m 15 -g GCAGAAACAAAGGGG -a GGTAGTTTGTAGGAAGTT -n 2 outputs/fq_2_fa/COIII_3B_MRB7260_plustet1.fa > outputs/trimmed/COIII_3B_MRB7260_plustet1.fa 2>outputs/trimmed/COIII_3B_MRB7260_plustet1.fa.stats
Submitted job 43 with external jobid 'Submitted batch job 452071 on cluster faculty'.

[Tue Oct 22 15:59:31 2019]
rule trim:
    input: outputs/fq_2_fa/A6_3B_REH1_mintet2.fa
    output: outputs/trimmed/A6_3B_REH1_mintet2.fa
    jobid: 38
    wildcards: sample_id=A6_3B_REH1_mintet2

./tools/cutadapt/1.16/cutadapt/bin/cutadapt -m 15 -g GAAAACACCCATTTTTAGGAGG -a GGAGTTATAGAATAAGATCAAATAAG -n 2 outputs/fq_2_fa/A6_3B_REH1_mintet2.fa > outputs/trimmed/A6_3B_REH1_mintet2.fa 2>outputs/trimmed/A6_3B_REH1_mintet2.fa.stats
Submitted job 38 with external jobid 'Submitted batch job 452072 on cluster faculty'.

[Tue Oct 22 15:59:31 2019]
rule trim:
    input: outputs/fq_2_fa/ND9_3B_MRB7260_plustet1.fa
    output: outputs/trimmed/ND9_3B_MRB7260_plustet1.fa
    jobid: 59
    wildcards: sample_id=ND9_3B_MRB7260_plustet1

./tools/cutadapt/1.16/cutadapt/bin/cutadapt -m 15 -g TTGGTAGGAGGATGATTGGG -a CACCGTTGTAATTCTAAATTTC -n 2 outputs/fq_2_fa/ND9_3B_MRB7260_plustet1.fa > outputs/trimmed/ND9_3B_MRB7260_plustet1.fa 2>outputs/trimmed/ND9_3B_MRB7260_plustet1.fa.stats
Submitted job 59 with external jobid 'Submitted batch job 452073 on cluster faculty'.

[Tue Oct 22 15:59:32 2019]
rule trim:
    input: outputs/fq_2_fa/COIII_3B_MRB7260_plustet2.fa
    output: outputs/trimmed/COIII_3B_MRB7260_plustet2.fa
    jobid: 44
    wildcards: sample_id=COIII_3B_MRB7260_plustet2

./tools/cutadapt/1.16/cutadapt/bin/cutadapt -m 15 -g GCAGAAACAAAGGGG -a GGTAGTTTGTAGGAAGTT -n 2 outputs/fq_2_fa/COIII_3B_MRB7260_plustet2.fa > outputs/trimmed/COIII_3B_MRB7260_plustet2.fa 2>outputs/trimmed/COIII_3B_MRB7260_plustet2.fa.stats
Submitted job 44 with external jobid 'Submitted batch job 452074 on cluster faculty'.

[Tue Oct 22 15:59:32 2019]
rule trim:
    input: outputs/fq_2_fa/CR4_3B_MRB7260_plustet2.fa
    output: outputs/trimmed/CR4_3B_MRB7260_plustet2.fa
    jobid: 52
    wildcards: sample_id=CR4_3B_MRB7260_plustet2

./tools/cutadapt/1.16/cutadapt/bin/cutadapt -m 15 -g GAGTTTGATTGGGGGGTTTTAGTTGGT -a TGGTTTTATAAAATGTTTTTTCT -n 2 outputs/fq_2_fa/CR4_3B_MRB7260_plustet2.fa > outputs/trimmed/CR4_3B_MRB7260_plustet2.fa 2>outputs/trimmed/CR4_3B_MRB7260_plustet2.fa.stats
Submitted job 52 with external jobid 'Submitted batch job 452075 on cluster faculty'.

[Tue Oct 22 15:59:32 2019]
rule trim:
    input: outputs/fq_2_fa/RPS12_REH1_plustet1.fa
    output: outputs/trimmed/RPS12_REH1_plustet1.fa
    jobid: 63
    wildcards: sample_id=RPS12_REH1_plustet1

./tools/cutadapt/1.16/cutadapt/bin/cutadapt -m 15 -g CTAATACACTTTTGATAACAAAC -a AGATATAAGATATGTTTTT -n 2 outputs/fq_2_fa/RPS12_REH1_plustet1.fa > outputs/trimmed/RPS12_REH1_plustet1.fa 2>outputs/trimmed/RPS12_REH1_plustet1.fa.stats
Submitted job 63 with external jobid 'Submitted batch job 452076 on cluster faculty'.

[Tue Oct 22 15:59:32 2019]
rule trim:
    input: outputs/fq_2_fa/CR4_3B_MRB7260_mintet2.fa
    output: outputs/trimmed/CR4_3B_MRB7260_mintet2.fa
    jobid: 50
    wildcards: sample_id=CR4_3B_MRB7260_mintet2

./tools/cutadapt/1.16/cutadapt/bin/cutadapt -m 15 -g GAGTTTGATTGGGGGGTTTTAGTTGGT -a TGGTTTTATAAAATGTTTTTTCT -n 2 outputs/fq_2_fa/CR4_3B_MRB7260_mintet2.fa > outputs/trimmed/CR4_3B_MRB7260_mintet2.fa 2>outputs/trimmed/CR4_3B_MRB7260_mintet2.fa.stats
Submitted job 50 with external jobid 'Submitted batch job 452077 on cluster faculty'.

[Tue Oct 22 15:59:32 2019]
rule trim:
    input: outputs/fq_2_fa/A6_3B_MRB7260_plustet2.fa
    output: outputs/trimmed/A6_3B_MRB7260_plustet2.fa
    jobid: 36
    wildcards: sample_id=A6_3B_MRB7260_plustet2

./tools/cutadapt/1.16/cutadapt/bin/cutadapt -m 15 -g GAAAACACCCATTTTTAGGAGG -a GGAGTTATAGAATAAGATCAAATAAG -n 2 outputs/fq_2_fa/A6_3B_MRB7260_plustet2.fa > outputs/trimmed/A6_3B_MRB7260_plustet2.fa 2>outputs/trimmed/A6_3B_MRB7260_plustet2.fa.stats
Submitted job 36 with external jobid 'Submitted batch job 452078 on cluster faculty'.

[Tue Oct 22 15:59:32 2019]
rule trim:
    input: outputs/fq_2_fa/A6_3B_MRB7260_mintet2.fa
    output: outputs/trimmed/A6_3B_MRB7260_mintet2.fa
    jobid: 34
    wildcards: sample_id=A6_3B_MRB7260_mintet2

./tools/cutadapt/1.16/cutadapt/bin/cutadapt -m 15 -g GAAAACACCCATTTTTAGGAGG -a GGAGTTATAGAATAAGATCAAATAAG -n 2 outputs/fq_2_fa/A6_3B_MRB7260_mintet2.fa > outputs/trimmed/A6_3B_MRB7260_mintet2.fa 2>outputs/trimmed/A6_3B_MRB7260_mintet2.fa.stats
Submitted job 34 with external jobid 'Submitted batch job 452079 on cluster faculty'.

[Tue Oct 22 15:59:32 2019]
rule trim:
    input: outputs/fq_2_fa/CR3_REH1_mintet1.fa
    output: outputs/trimmed/CR3_REH1_mintet1.fa
    jobid: 45
    wildcards: sample_id=CR3_REH1_mintet1

./tools/cutadapt/1.16/cutadapt/bin/cutadapt -m 15 -g AGAAATATAAATATGTGTATGATATAT -a AAGTATGCAAATAATTTTTGT -n 2 outputs/fq_2_fa/CR3_REH1_mintet1.fa > outputs/trimmed/CR3_REH1_mintet1.fa 2>outputs/trimmed/CR3_REH1_mintet1.fa.stats
Submitted job 45 with external jobid 'Submitted batch job 452080 on cluster faculty'.

[Tue Oct 22 15:59:33 2019]
rule trim:
    input: outputs/fq_2_fa/ND9_3B_MRB7260_mintet1.fa
    output: outputs/trimmed/ND9_3B_MRB7260_mintet1.fa
    jobid: 57
    wildcards: sample_id=ND9_3B_MRB7260_mintet1

./tools/cutadapt/1.16/cutadapt/bin/cutadapt -m 15 -g TTGGTAGGAGGATGATTGGG -a CACCGTTGTAATTCTAAATTTC -n 2 outputs/fq_2_fa/ND9_3B_MRB7260_mintet1.fa > outputs/trimmed/ND9_3B_MRB7260_mintet1.fa 2>outputs/trimmed/ND9_3B_MRB7260_mintet1.fa.stats
Submitted job 57 with external jobid 'Submitted batch job 452081 on cluster faculty'.

[Tue Oct 22 15:59:33 2019]
rule trim:
    input: outputs/fq_2_fa/CR3_REH1_mintet2.fa
    output: outputs/trimmed/CR3_REH1_mintet2.fa
    jobid: 46
    wildcards: sample_id=CR3_REH1_mintet2

./tools/cutadapt/1.16/cutadapt/bin/cutadapt -m 15 -g AGAAATATAAATATGTGTATGATATAT -a AAGTATGCAAATAATTTTTGT -n 2 outputs/fq_2_fa/CR3_REH1_mintet2.fa > outputs/trimmed/CR3_REH1_mintet2.fa 2>outputs/trimmed/CR3_REH1_mintet2.fa.stats
Submitted job 46 with external jobid 'Submitted batch job 452082 on cluster faculty'.

[Tue Oct 22 15:59:33 2019]
rule trim:
    input: outputs/fq_2_fa/A6_3B_REH1_mintet1.fa
    output: outputs/trimmed/A6_3B_REH1_mintet1.fa
    jobid: 37
    wildcards: sample_id=A6_3B_REH1_mintet1

./tools/cutadapt/1.16/cutadapt/bin/cutadapt -m 15 -g GAAAACACCCATTTTTAGGAGG -a GGAGTTATAGAATAAGATCAAATAAG -n 2 outputs/fq_2_fa/A6_3B_REH1_mintet1.fa > outputs/trimmed/A6_3B_REH1_mintet1.fa 2>outputs/trimmed/A6_3B_REH1_mintet1.fa.stats
Submitted job 37 with external jobid 'Submitted batch job 452083 on cluster faculty'.

[Tue Oct 22 15:59:33 2019]
rule trim:
    input: outputs/fq_2_fa/ND9_3B_MRB7260_plustet2.fa
    output: outputs/trimmed/ND9_3B_MRB7260_plustet2.fa
    jobid: 60
    wildcards: sample_id=ND9_3B_MRB7260_plustet2

./tools/cutadapt/1.16/cutadapt/bin/cutadapt -m 15 -g TTGGTAGGAGGATGATTGGG -a CACCGTTGTAATTCTAAATTTC -n 2 outputs/fq_2_fa/ND9_3B_MRB7260_plustet2.fa > outputs/trimmed/ND9_3B_MRB7260_plustet2.fa 2>outputs/trimmed/ND9_3B_MRB7260_plustet2.fa.stats
Submitted job 60 with external jobid 'Submitted batch job 452084 on cluster faculty'.

[Tue Oct 22 15:59:33 2019]
rule trim:
    input: outputs/fq_2_fa/RPS12_REH1_mintet1.fa
    output: outputs/trimmed/RPS12_REH1_mintet1.fa
    jobid: 61
    wildcards: sample_id=RPS12_REH1_mintet1

./tools/cutadapt/1.16/cutadapt/bin/cutadapt -m 15 -g CTAATACACTTTTGATAACAAAC -a AGATATAAGATATGTTTTT -n 2 outputs/fq_2_fa/RPS12_REH1_mintet1.fa > outputs/trimmed/RPS12_REH1_mintet1.fa 2>outputs/trimmed/RPS12_REH1_mintet1.fa.stats
Submitted job 61 with external jobid 'Submitted batch job 452085 on cluster faculty'.
Waiting at most 5 seconds for missing files.
MissingOutputException in line 64 of /projects/academic/lread/core-sequencing-runs/treat-scripting/development/treat-virtualenv/Snakefile:
Missing files after 5 seconds:
outputs/trimmed/A6_3B_MRB7260_mintet1.fa
This might be due to filesystem latency. If that is the case, consider to increase the wait time with --latency-wait.
Waiting at most 5 seconds for missing files.
MissingOutputException in line 64 of /projects/academic/lread/core-sequencing-runs/treat-scripting/development/treat-virtualenv/Snakefile:
Missing files after 5 seconds:
outputs/trimmed/COIII_3B_MRB7260_mintet2.fa
This might be due to filesystem latency. If that is the case, consider to increase the wait time with --latency-wait.
Waiting at most 5 seconds for missing files.
MissingOutputException in line 64 of /projects/academic/lread/core-sequencing-runs/treat-scripting/development/treat-virtualenv/Snakefile:
Missing files after 5 seconds:
outputs/trimmed/CR3_REH1_plustet1.fa
This might be due to filesystem latency. If that is the case, consider to increase the wait time with --latency-wait.
Waiting at most 5 seconds for missing files.
MissingOutputException in line 64 of /projects/academic/lread/core-sequencing-runs/treat-scripting/development/treat-virtualenv/Snakefile:
Missing files after 5 seconds:
outputs/trimmed/ND8_3B_MRB7260_plustet1.fa
This might be due to filesystem latency. If that is the case, consider to increase the wait time with --latency-wait.
Waiting at most 5 seconds for missing files.
[Tue Oct 22 16:00:28 2019]
Finished job 53.
1 of 65 steps (2%) done
[Tue Oct 22 16:00:28 2019]
Finished job 64.
2 of 65 steps (3%) done
[Tue Oct 22 16:00:28 2019]
Finished job 41.
3 of 65 steps (5%) done
[Tue Oct 22 16:00:28 2019]
Finished job 39.
4 of 65 steps (6%) done
[Tue Oct 22 16:00:28 2019]
Finished job 56.
5 of 65 steps (8%) done
[Tue Oct 22 16:00:28 2019]
Finished job 40.
6 of 65 steps (9%) done
[Tue Oct 22 16:00:28 2019]
Finished job 48.
7 of 65 steps (11%) done
[Tue Oct 22 16:00:28 2019]
Finished job 58.
8 of 65 steps (12%) done
[Tue Oct 22 16:00:28 2019]
Finished job 49.
9 of 65 steps (14%) done
[Tue Oct 22 16:00:28 2019]
Finished job 35.
10 of 65 steps (15%) done
[Tue Oct 22 16:00:29 2019]
Finished job 51.
11 of 65 steps (17%) done
[Tue Oct 22 16:00:29 2019]
Finished job 62.
12 of 65 steps (18%) done
[Tue Oct 22 16:00:29 2019]
Finished job 54.
13 of 65 steps (20%) done
[Tue Oct 22 16:00:29 2019]
Finished job 43.
14 of 65 steps (22%) done
[Tue Oct 22 16:00:29 2019]
Finished job 38.
15 of 65 steps (23%) done
[Tue Oct 22 16:00:29 2019]
Finished job 59.
16 of 65 steps (25%) done
[Tue Oct 22 16:00:29 2019]
Finished job 44.
17 of 65 steps (26%) done
[Tue Oct 22 16:00:29 2019]
Finished job 52.
18 of 65 steps (28%) done
[Tue Oct 22 16:00:29 2019]
Finished job 63.
19 of 65 steps (29%) done
[Tue Oct 22 16:00:29 2019]
Finished job 50.
20 of 65 steps (31%) done
[Tue Oct 22 16:00:30 2019]
Finished job 36.
21 of 65 steps (32%) done
[Tue Oct 22 16:00:30 2019]
Finished job 34.
22 of 65 steps (34%) done
[Tue Oct 22 16:00:30 2019]
Finished job 45.
23 of 65 steps (35%) done
[Tue Oct 22 16:00:30 2019]
Finished job 57.
24 of 65 steps (37%) done
[Tue Oct 22 16:00:30 2019]
Finished job 46.
25 of 65 steps (38%) done
[Tue Oct 22 16:00:30 2019]
Finished job 37.
26 of 65 steps (40%) done
[Tue Oct 22 16:00:30 2019]
Finished job 60.
27 of 65 steps (42%) done
[Tue Oct 22 16:00:30 2019]
Finished job 61.
28 of 65 steps (43%) done
Shutting down, this might take some time.
Exiting because a job execution failed. Look above for error message
Complete log: /projects/academic/lread/core-sequencing-runs/treat-scripting/development/treat-virtualenv/.snakemake/log/2019-10-22T155925.863188.snakemake.log
