Building DAG of jobs...
Using shell: /usr/bin/bash
Provided cluster nodes: 100
Job counts:
	count	jobs
	1	all
	32	collapse
	32	filter
	32	fq_2_fa
	32	join
	32	treat
	32	trim
	32	unzip
	225

[Thu Oct 24 11:02:13 2019]
rule unzip:
    input: ../C9K8C/fastq/A63B_MRB7260_mintet2_S3_L001_R1_001.fastq.gz, ../C9K8C/fastq/A63B_MRB7260_mintet2_S3_L001_R2_001.fastq.gz, mkdir.done
    output: outputs/unzip/A6_3B_MRB7260_mintet2_R1.fq, outputs/unzip/A6_3B_MRB7260_mintet2_R2.fq
    jobid: 194
    wildcards: sample_id=A6_3B_MRB7260_mintet2

gunzip -c ../C9K8C/fastq/A63B_MRB7260_mintet2_S3_L001_R1_001.fastq.gz > outputs/unzip/A6_3B_MRB7260_mintet2_R1.fq && gunzip -c ../C9K8C/fastq/A63B_MRB7260_mintet2_S3_L001_R2_001.fastq.gz > outputs/unzip/A6_3B_MRB7260_mintet2_R2.fq
Submitted job 194 with external jobid 'Submitted batch job 462201 on cluster faculty'.

[Thu Oct 24 11:02:13 2019]
rule unzip:
    input: ../C9K8C/fastq/CR4_3B_MRB7260_mintet1_S9_L001_R1_001.fastq.gz, ../C9K8C/fastq/CR4_3B_MRB7260_mintet1_S9_L001_R2_001.fastq.gz, mkdir.done
    output: outputs/unzip/CR4_3B_MRB7260_mintet1_R1.fq, outputs/unzip/CR4_3B_MRB7260_mintet1_R2.fq
    jobid: 209
    wildcards: sample_id=CR4_3B_MRB7260_mintet1

gunzip -c ../C9K8C/fastq/CR4_3B_MRB7260_mintet1_S9_L001_R1_001.fastq.gz > outputs/unzip/CR4_3B_MRB7260_mintet1_R1.fq && gunzip -c ../C9K8C/fastq/CR4_3B_MRB7260_mintet1_S9_L001_R2_001.fastq.gz > outputs/unzip/CR4_3B_MRB7260_mintet1_R2.fq
Submitted job 209 with external jobid 'Submitted batch job 462202 on cluster faculty'.

[Thu Oct 24 11:02:14 2019]
rule unzip:
    input: ../C9K8C/fastq/ND9_3B_MRB7260_mintet2_S19_L001_R1_001.fastq.gz, ../C9K8C/fastq/ND9_3B_MRB7260_mintet2_S19_L001_R2_001.fastq.gz, mkdir.done
    output: outputs/unzip/ND9_3B_MRB7260_mintet2_R1.fq, outputs/unzip/ND9_3B_MRB7260_mintet2_R2.fq
    jobid: 218
    wildcards: sample_id=ND9_3B_MRB7260_mintet2

gunzip -c ../C9K8C/fastq/ND9_3B_MRB7260_mintet2_S19_L001_R1_001.fastq.gz > outputs/unzip/ND9_3B_MRB7260_mintet2_R1.fq && gunzip -c ../C9K8C/fastq/ND9_3B_MRB7260_mintet2_S19_L001_R2_001.fastq.gz > outputs/unzip/ND9_3B_MRB7260_mintet2_R2.fq
Submitted job 218 with external jobid 'Submitted batch job 462203 on cluster faculty'.

[Thu Oct 24 11:02:14 2019]
rule unzip:
    input: ../C9K8C/fastq/COIII_3B_MRB7260_mintet1_S5_L001_R1_001.fastq.gz, ../C9K8C/fastq/COIII_3B_MRB7260_mintet1_S5_L001_R2_001.fastq.gz, mkdir.done
    output: outputs/unzip/COIII_3B_MRB7260_mintet1_R1.fq, outputs/unzip/COIII_3B_MRB7260_mintet1_R2.fq
    jobid: 201
    wildcards: sample_id=COIII_3B_MRB7260_mintet1

gunzip -c ../C9K8C/fastq/COIII_3B_MRB7260_mintet1_S5_L001_R1_001.fastq.gz > outputs/unzip/COIII_3B_MRB7260_mintet1_R1.fq && gunzip -c ../C9K8C/fastq/COIII_3B_MRB7260_mintet1_S5_L001_R2_001.fastq.gz > outputs/unzip/COIII_3B_MRB7260_mintet1_R2.fq
Submitted job 201 with external jobid 'Submitted batch job 462204 on cluster faculty'.

[Thu Oct 24 11:02:14 2019]
rule unzip:
    input: ../C9K8C/fastq/CR3_REH1_plustet1_S30_L001_R1_001.fastq.gz, ../C9K8C/fastq/CR3_REH1_plustet1_S30_L001_R2_001.fastq.gz, mkdir.done
    output: outputs/unzip/CR3_REH1_plustet1_R1.fq, outputs/unzip/CR3_REH1_plustet1_R2.fq
    jobid: 207
    wildcards: sample_id=CR3_REH1_plustet1

gunzip -c ../C9K8C/fastq/CR3_REH1_plustet1_S30_L001_R1_001.fastq.gz > outputs/unzip/CR3_REH1_plustet1_R1.fq && gunzip -c ../C9K8C/fastq/CR3_REH1_plustet1_S30_L001_R2_001.fastq.gz > outputs/unzip/CR3_REH1_plustet1_R2.fq
Submitted job 207 with external jobid 'Submitted batch job 462205 on cluster faculty'.

[Thu Oct 24 11:02:14 2019]
rule unzip:
    input: ../C9K8C/fastq/COIII_3B_MRB7260_plustet2_S8_L001_R1_001.fastq.gz, ../C9K8C/fastq/COIII_3B_MRB7260_plustet2_S8_L001_R2_001.fastq.gz, mkdir.done
    output: outputs/unzip/COIII_3B_MRB7260_plustet2_R1.fq, outputs/unzip/COIII_3B_MRB7260_plustet2_R2.fq
    jobid: 204
    wildcards: sample_id=COIII_3B_MRB7260_plustet2

gunzip -c ../C9K8C/fastq/COIII_3B_MRB7260_plustet2_S8_L001_R1_001.fastq.gz > outputs/unzip/COIII_3B_MRB7260_plustet2_R1.fq && gunzip -c ../C9K8C/fastq/COIII_3B_MRB7260_plustet2_S8_L001_R2_001.fastq.gz > outputs/unzip/COIII_3B_MRB7260_plustet2_R2.fq
Submitted job 204 with external jobid 'Submitted batch job 462206 on cluster faculty'.

[Thu Oct 24 11:02:14 2019]
rule unzip:
    input: ../C9K8C/fastq/A63B_REH1_mintet1_S21_L001_R1_001.fastq.gz, ../C9K8C/fastq/A63B_REH1_mintet1_S21_L001_R2_001.fastq.gz, mkdir.done
    output: outputs/unzip/A6_3B_REH1_mintet1_R1.fq, outputs/unzip/A6_3B_REH1_mintet1_R2.fq
    jobid: 197
    wildcards: sample_id=A6_3B_REH1_mintet1

gunzip -c ../C9K8C/fastq/A63B_REH1_mintet1_S21_L001_R1_001.fastq.gz > outputs/unzip/A6_3B_REH1_mintet1_R1.fq && gunzip -c ../C9K8C/fastq/A63B_REH1_mintet1_S21_L001_R2_001.fastq.gz > outputs/unzip/A6_3B_REH1_mintet1_R2.fq
Submitted job 197 with external jobid 'Submitted batch job 462207 on cluster faculty'.

[Thu Oct 24 11:02:14 2019]
rule unzip:
    input: ../C9K8C/fastq/CR3_REH1_mintet1_S29_L001_R1_001.fastq.gz, ../C9K8C/fastq/CR3_REH1_mintet1_S29_L001_R2_001.fastq.gz, mkdir.done
    output: outputs/unzip/CR3_REH1_mintet1_R1.fq, outputs/unzip/CR3_REH1_mintet1_R2.fq
    jobid: 205
    wildcards: sample_id=CR3_REH1_mintet1

gunzip -c ../C9K8C/fastq/CR3_REH1_mintet1_S29_L001_R1_001.fastq.gz > outputs/unzip/CR3_REH1_mintet1_R1.fq && gunzip -c ../C9K8C/fastq/CR3_REH1_mintet1_S29_L001_R2_001.fastq.gz > outputs/unzip/CR3_REH1_mintet1_R2.fq
Submitted job 205 with external jobid 'Submitted batch job 462208 on cluster faculty'.

[Thu Oct 24 11:02:15 2019]
rule unzip:
    input: ../C9K8C/fastq/CR4_3B_MRB7260_plustet1_S10_L001_R1_001.fastq.gz, ../C9K8C/fastq/CR4_3B_MRB7260_plustet1_S10_L001_R2_001.fastq.gz, mkdir.done
    output: outputs/unzip/CR4_3B_MRB7260_plustet1_R1.fq, outputs/unzip/CR4_3B_MRB7260_plustet1_R2.fq
    jobid: 211
    wildcards: sample_id=CR4_3B_MRB7260_plustet1

gunzip -c ../C9K8C/fastq/CR4_3B_MRB7260_plustet1_S10_L001_R1_001.fastq.gz > outputs/unzip/CR4_3B_MRB7260_plustet1_R1.fq && gunzip -c ../C9K8C/fastq/CR4_3B_MRB7260_plustet1_S10_L001_R2_001.fastq.gz > outputs/unzip/CR4_3B_MRB7260_plustet1_R2.fq
Submitted job 211 with external jobid 'Submitted batch job 462209 on cluster faculty'.

[Thu Oct 24 11:02:15 2019]
rule unzip:
    input: ../C9K8C/fastq/ND8_3B_MRB7260_plustet2_S16_L001_R1_001.fastq.gz, ../C9K8C/fastq/ND8_3B_MRB7260_plustet2_S16_L001_R2_001.fastq.gz, mkdir.done
    output: outputs/unzip/ND8_3B_MRB7260_plustet2_R1.fq, outputs/unzip/ND8_3B_MRB7260_plustet2_R2.fq
    jobid: 216
    wildcards: sample_id=ND8_3B_MRB7260_plustet2

gunzip -c ../C9K8C/fastq/ND8_3B_MRB7260_plustet2_S16_L001_R1_001.fastq.gz > outputs/unzip/ND8_3B_MRB7260_plustet2_R1.fq && gunzip -c ../C9K8C/fastq/ND8_3B_MRB7260_plustet2_S16_L001_R2_001.fastq.gz > outputs/unzip/ND8_3B_MRB7260_plustet2_R2.fq
Submitted job 216 with external jobid 'Submitted batch job 462210 on cluster faculty'.

[Thu Oct 24 11:02:15 2019]
rule unzip:
    input: ../C9K8C/fastq/CR4_3B_MRB7260_plustet2_S12_L001_R1_001.fastq.gz, ../C9K8C/fastq/CR4_3B_MRB7260_plustet2_S12_L001_R2_001.fastq.gz, mkdir.done
    output: outputs/unzip/CR4_3B_MRB7260_plustet2_R1.fq, outputs/unzip/CR4_3B_MRB7260_plustet2_R2.fq
    jobid: 212
    wildcards: sample_id=CR4_3B_MRB7260_plustet2

gunzip -c ../C9K8C/fastq/CR4_3B_MRB7260_plustet2_S12_L001_R1_001.fastq.gz > outputs/unzip/CR4_3B_MRB7260_plustet2_R1.fq && gunzip -c ../C9K8C/fastq/CR4_3B_MRB7260_plustet2_S12_L001_R2_001.fastq.gz > outputs/unzip/CR4_3B_MRB7260_plustet2_R2.fq
Submitted job 212 with external jobid 'Submitted batch job 462211 on cluster faculty'.

[Thu Oct 24 11:02:15 2019]
rule unzip:
    input: ../C9K8C/fastq/ND8_3B_MRB7260_plustet1_S14_L001_R1_001.fastq.gz, ../C9K8C/fastq/ND8_3B_MRB7260_plustet1_S14_L001_R2_001.fastq.gz, mkdir.done
    output: outputs/unzip/ND8_3B_MRB7260_plustet1_R1.fq, outputs/unzip/ND8_3B_MRB7260_plustet1_R2.fq
    jobid: 215
    wildcards: sample_id=ND8_3B_MRB7260_plustet1

gunzip -c ../C9K8C/fastq/ND8_3B_MRB7260_plustet1_S14_L001_R1_001.fastq.gz > outputs/unzip/ND8_3B_MRB7260_plustet1_R1.fq && gunzip -c ../C9K8C/fastq/ND8_3B_MRB7260_plustet1_S14_L001_R2_001.fastq.gz > outputs/unzip/ND8_3B_MRB7260_plustet1_R2.fq
Submitted job 215 with external jobid 'Submitted batch job 462212 on cluster faculty'.

[Thu Oct 24 11:02:15 2019]
rule unzip:
    input: ../C9K8C/fastq/ND9_3B_MRB7260_plustet1_S18_L001_R1_001.fastq.gz, ../C9K8C/fastq/ND9_3B_MRB7260_plustet1_S18_L001_R2_001.fastq.gz, mkdir.done
    output: outputs/unzip/ND9_3B_MRB7260_plustet1_R1.fq, outputs/unzip/ND9_3B_MRB7260_plustet1_R2.fq
    jobid: 219
    wildcards: sample_id=ND9_3B_MRB7260_plustet1

gunzip -c ../C9K8C/fastq/ND9_3B_MRB7260_plustet1_S18_L001_R1_001.fastq.gz > outputs/unzip/ND9_3B_MRB7260_plustet1_R1.fq && gunzip -c ../C9K8C/fastq/ND9_3B_MRB7260_plustet1_S18_L001_R2_001.fastq.gz > outputs/unzip/ND9_3B_MRB7260_plustet1_R2.fq
Submitted job 219 with external jobid 'Submitted batch job 462213 on cluster faculty'.

[Thu Oct 24 11:02:15 2019]
rule unzip:
    input: ../C9K8C/fastq/ND9_3B_MRB7260_mintet1_S17_L001_R1_001.fastq.gz, ../C9K8C/fastq/ND9_3B_MRB7260_mintet1_S17_L001_R2_001.fastq.gz, mkdir.done
    output: outputs/unzip/ND9_3B_MRB7260_mintet1_R1.fq, outputs/unzip/ND9_3B_MRB7260_mintet1_R2.fq
    jobid: 217
    wildcards: sample_id=ND9_3B_MRB7260_mintet1

gunzip -c ../C9K8C/fastq/ND9_3B_MRB7260_mintet1_S17_L001_R1_001.fastq.gz > outputs/unzip/ND9_3B_MRB7260_mintet1_R1.fq && gunzip -c ../C9K8C/fastq/ND9_3B_MRB7260_mintet1_S17_L001_R2_001.fastq.gz > outputs/unzip/ND9_3B_MRB7260_mintet1_R2.fq
Submitted job 217 with external jobid 'Submitted batch job 462214 on cluster faculty'.

[Thu Oct 24 11:02:16 2019]
rule unzip:
    input: ../C9K8C/fastq/RPS12_REH1_plustet1_S26_L001_R1_001.fastq.gz, ../C9K8C/fastq/RPS12_REH1_plustet1_S26_L001_R2_001.fastq.gz, mkdir.done
    output: outputs/unzip/RPS12_REH1_plustet1_R1.fq, outputs/unzip/RPS12_REH1_plustet1_R2.fq
    jobid: 223
    wildcards: sample_id=RPS12_REH1_plustet1

gunzip -c ../C9K8C/fastq/RPS12_REH1_plustet1_S26_L001_R1_001.fastq.gz > outputs/unzip/RPS12_REH1_plustet1_R1.fq && gunzip -c ../C9K8C/fastq/RPS12_REH1_plustet1_S26_L001_R2_001.fastq.gz > outputs/unzip/RPS12_REH1_plustet1_R2.fq
Submitted job 223 with external jobid 'Submitted batch job 462215 on cluster faculty'.

[Thu Oct 24 11:02:16 2019]
rule unzip:
    input: ../C9K8C/fastq/COIII_3B_MRB7260_plustet1_S6_L001_R1_001.fastq.gz, ../C9K8C/fastq/COIII_3B_MRB7260_plustet1_S6_L001_R2_001.fastq.gz, mkdir.done
    output: outputs/unzip/COIII_3B_MRB7260_plustet1_R1.fq, outputs/unzip/COIII_3B_MRB7260_plustet1_R2.fq
    jobid: 203
    wildcards: sample_id=COIII_3B_MRB7260_plustet1

gunzip -c ../C9K8C/fastq/COIII_3B_MRB7260_plustet1_S6_L001_R1_001.fastq.gz > outputs/unzip/COIII_3B_MRB7260_plustet1_R1.fq && gunzip -c ../C9K8C/fastq/COIII_3B_MRB7260_plustet1_S6_L001_R2_001.fastq.gz > outputs/unzip/COIII_3B_MRB7260_plustet1_R2.fq
Submitted job 203 with external jobid 'Submitted batch job 462216 on cluster faculty'.

[Thu Oct 24 11:02:16 2019]
rule unzip:
    input: ../C9K8C/fastq/ND8_3B_MRB7260_mintet1_S13_L001_R1_001.fastq.gz, ../C9K8C/fastq/ND8_3B_MRB7260_mintet1_S13_L001_R2_001.fastq.gz, mkdir.done
    output: outputs/unzip/ND8_3B_MRB7260_mintet1_R1.fq, outputs/unzip/ND8_3B_MRB7260_mintet1_R2.fq
    jobid: 213
    wildcards: sample_id=ND8_3B_MRB7260_mintet1

gunzip -c ../C9K8C/fastq/ND8_3B_MRB7260_mintet1_S13_L001_R1_001.fastq.gz > outputs/unzip/ND8_3B_MRB7260_mintet1_R1.fq && gunzip -c ../C9K8C/fastq/ND8_3B_MRB7260_mintet1_S13_L001_R2_001.fastq.gz > outputs/unzip/ND8_3B_MRB7260_mintet1_R2.fq
Submitted job 213 with external jobid 'Submitted batch job 462217 on cluster faculty'.

[Thu Oct 24 11:02:16 2019]
rule unzip:
    input: ../C9K8C/fastq/CR3_REH1_plustet2_S32_L001_R1_001.fastq.gz, ../C9K8C/fastq/CR3_REH1_plustet2_S32_L001_R2_001.fastq.gz, mkdir.done
    output: outputs/unzip/CR3_REH1_plustet2_R1.fq, outputs/unzip/CR3_REH1_plustet2_R2.fq
    jobid: 208
    wildcards: sample_id=CR3_REH1_plustet2

gunzip -c ../C9K8C/fastq/CR3_REH1_plustet2_S32_L001_R1_001.fastq.gz > outputs/unzip/CR3_REH1_plustet2_R1.fq && gunzip -c ../C9K8C/fastq/CR3_REH1_plustet2_S32_L001_R2_001.fastq.gz > outputs/unzip/CR3_REH1_plustet2_R2.fq
Submitted job 208 with external jobid 'Submitted batch job 462218 on cluster faculty'.

[Thu Oct 24 11:02:16 2019]
rule unzip:
    input: ../C9K8C/fastq/ND9_3B_MRB7260_plustet2_S20_L001_R1_001.fastq.gz, ../C9K8C/fastq/ND9_3B_MRB7260_plustet2_S20_L001_R2_001.fastq.gz, mkdir.done
    output: outputs/unzip/ND9_3B_MRB7260_plustet2_R1.fq, outputs/unzip/ND9_3B_MRB7260_plustet2_R2.fq
    jobid: 220
    wildcards: sample_id=ND9_3B_MRB7260_plustet2

gunzip -c ../C9K8C/fastq/ND9_3B_MRB7260_plustet2_S20_L001_R1_001.fastq.gz > outputs/unzip/ND9_3B_MRB7260_plustet2_R1.fq && gunzip -c ../C9K8C/fastq/ND9_3B_MRB7260_plustet2_S20_L001_R2_001.fastq.gz > outputs/unzip/ND9_3B_MRB7260_plustet2_R2.fq
Submitted job 220 with external jobid 'Submitted batch job 462219 on cluster faculty'.

[Thu Oct 24 11:02:16 2019]
rule unzip:
    input: ../C9K8C/fastq/A63B_REH1_plustet1_S22_L001_R1_001.fastq.gz, ../C9K8C/fastq/A63B_REH1_plustet1_S22_L001_R2_001.fastq.gz, mkdir.done
    output: outputs/unzip/A6_3B_REH1_plustet1_R1.fq, outputs/unzip/A6_3B_REH1_plustet1_R2.fq
    jobid: 199
    wildcards: sample_id=A6_3B_REH1_plustet1

gunzip -c ../C9K8C/fastq/A63B_REH1_plustet1_S22_L001_R1_001.fastq.gz > outputs/unzip/A6_3B_REH1_plustet1_R1.fq && gunzip -c ../C9K8C/fastq/A63B_REH1_plustet1_S22_L001_R2_001.fastq.gz > outputs/unzip/A6_3B_REH1_plustet1_R2.fq
Submitted job 199 with external jobid 'Submitted batch job 462220 on cluster faculty'.

[Thu Oct 24 11:02:16 2019]
rule unzip:
    input: ../C9K8C/fastq/RPS12_REH1_mintet2_S27_L001_R1_001.fastq.gz, ../C9K8C/fastq/RPS12_REH1_mintet2_S27_L001_R2_001.fastq.gz, mkdir.done
    output: outputs/unzip/RPS12_REH1_mintet2_R1.fq, outputs/unzip/RPS12_REH1_mintet2_R2.fq
    jobid: 222
    wildcards: sample_id=RPS12_REH1_mintet2

gunzip -c ../C9K8C/fastq/RPS12_REH1_mintet2_S27_L001_R1_001.fastq.gz > outputs/unzip/RPS12_REH1_mintet2_R1.fq && gunzip -c ../C9K8C/fastq/RPS12_REH1_mintet2_S27_L001_R2_001.fastq.gz > outputs/unzip/RPS12_REH1_mintet2_R2.fq
Submitted job 222 with external jobid 'Submitted batch job 462221 on cluster faculty'.

[Thu Oct 24 11:02:17 2019]
rule unzip:
    input: ../C9K8C/fastq/RPS12_REH1_plustet2_S28_L001_R1_001.fastq.gz, ../C9K8C/fastq/RPS12_REH1_plustet2_S28_L001_R2_001.fastq.gz, mkdir.done
    output: outputs/unzip/RPS12_REH1_plustet2_R1.fq, outputs/unzip/RPS12_REH1_plustet2_R2.fq
    jobid: 224
    wildcards: sample_id=RPS12_REH1_plustet2

gunzip -c ../C9K8C/fastq/RPS12_REH1_plustet2_S28_L001_R1_001.fastq.gz > outputs/unzip/RPS12_REH1_plustet2_R1.fq && gunzip -c ../C9K8C/fastq/RPS12_REH1_plustet2_S28_L001_R2_001.fastq.gz > outputs/unzip/RPS12_REH1_plustet2_R2.fq
Submitted job 224 with external jobid 'Submitted batch job 462222 on cluster faculty'.

[Thu Oct 24 11:02:17 2019]
rule unzip:
    input: ../C9K8C/fastq/CR4_3B_MRB7260_mintet2_S11_L001_R1_001.fastq.gz, ../C9K8C/fastq/CR4_3B_MRB7260_mintet2_S11_L001_R2_001.fastq.gz, mkdir.done
    output: outputs/unzip/CR4_3B_MRB7260_mintet2_R1.fq, outputs/unzip/CR4_3B_MRB7260_mintet2_R2.fq
    jobid: 210
    wildcards: sample_id=CR4_3B_MRB7260_mintet2

gunzip -c ../C9K8C/fastq/CR4_3B_MRB7260_mintet2_S11_L001_R1_001.fastq.gz > outputs/unzip/CR4_3B_MRB7260_mintet2_R1.fq && gunzip -c ../C9K8C/fastq/CR4_3B_MRB7260_mintet2_S11_L001_R2_001.fastq.gz > outputs/unzip/CR4_3B_MRB7260_mintet2_R2.fq
Submitted job 210 with external jobid 'Submitted batch job 462223 on cluster faculty'.

[Thu Oct 24 11:02:17 2019]
rule unzip:
    input: ../C9K8C/fastq/CR3_REH1_mintet2_S31_L001_R1_001.fastq.gz, ../C9K8C/fastq/CR3_REH1_mintet2_S31_L001_R2_001.fastq.gz, mkdir.done
    output: outputs/unzip/CR3_REH1_mintet2_R1.fq, outputs/unzip/CR3_REH1_mintet2_R2.fq
    jobid: 206
    wildcards: sample_id=CR3_REH1_mintet2

gunzip -c ../C9K8C/fastq/CR3_REH1_mintet2_S31_L001_R1_001.fastq.gz > outputs/unzip/CR3_REH1_mintet2_R1.fq && gunzip -c ../C9K8C/fastq/CR3_REH1_mintet2_S31_L001_R2_001.fastq.gz > outputs/unzip/CR3_REH1_mintet2_R2.fq
Submitted job 206 with external jobid 'Submitted batch job 462224 on cluster faculty'.

[Thu Oct 24 11:02:17 2019]
rule unzip:
    input: ../C9K8C/fastq/A63B_REH1_mintet2_S23_L001_R1_001.fastq.gz, ../C9K8C/fastq/A63B_REH1_mintet2_S23_L001_R2_001.fastq.gz, mkdir.done
    output: outputs/unzip/A6_3B_REH1_mintet2_R1.fq, outputs/unzip/A6_3B_REH1_mintet2_R2.fq
    jobid: 198
    wildcards: sample_id=A6_3B_REH1_mintet2

gunzip -c ../C9K8C/fastq/A63B_REH1_mintet2_S23_L001_R1_001.fastq.gz > outputs/unzip/A6_3B_REH1_mintet2_R1.fq && gunzip -c ../C9K8C/fastq/A63B_REH1_mintet2_S23_L001_R2_001.fastq.gz > outputs/unzip/A6_3B_REH1_mintet2_R2.fq
Submitted job 198 with external jobid 'Submitted batch job 462225 on cluster faculty'.

[Thu Oct 24 11:02:17 2019]
rule unzip:
    input: ../C9K8C/fastq/A63B_MRB7260_plustet1_S2_L001_R1_001.fastq.gz, ../C9K8C/fastq/A63B_MRB7260_plustet1_S2_L001_R2_001.fastq.gz, mkdir.done
    output: outputs/unzip/A6_3B_MRB7260_plustet1_R1.fq, outputs/unzip/A6_3B_MRB7260_plustet1_R2.fq
    jobid: 195
    wildcards: sample_id=A6_3B_MRB7260_plustet1

gunzip -c ../C9K8C/fastq/A63B_MRB7260_plustet1_S2_L001_R1_001.fastq.gz > outputs/unzip/A6_3B_MRB7260_plustet1_R1.fq && gunzip -c ../C9K8C/fastq/A63B_MRB7260_plustet1_S2_L001_R2_001.fastq.gz > outputs/unzip/A6_3B_MRB7260_plustet1_R2.fq
Submitted job 195 with external jobid 'Submitted batch job 462226 on cluster faculty'.

[Thu Oct 24 11:02:17 2019]
rule unzip:
    input: ../C9K8C/fastq/A63B_MRB7260_mintet1_S1_L001_R1_001.fastq.gz, ../C9K8C/fastq/A63B_MRB7260_mintet1_S1_L001_R2_001.fastq.gz, mkdir.done
    output: outputs/unzip/A6_3B_MRB7260_mintet1_R1.fq, outputs/unzip/A6_3B_MRB7260_mintet1_R2.fq
    jobid: 193
    wildcards: sample_id=A6_3B_MRB7260_mintet1

gunzip -c ../C9K8C/fastq/A63B_MRB7260_mintet1_S1_L001_R1_001.fastq.gz > outputs/unzip/A6_3B_MRB7260_mintet1_R1.fq && gunzip -c ../C9K8C/fastq/A63B_MRB7260_mintet1_S1_L001_R2_001.fastq.gz > outputs/unzip/A6_3B_MRB7260_mintet1_R2.fq
Submitted job 193 with external jobid 'Submitted batch job 462227 on cluster faculty'.

[Thu Oct 24 11:02:17 2019]
rule unzip:
    input: ../C9K8C/fastq/ND8_3B_MRB7260_mintet2_S15_L001_R1_001.fastq.gz, ../C9K8C/fastq/ND8_3B_MRB7260_mintet2_S15_L001_R2_001.fastq.gz, mkdir.done
    output: outputs/unzip/ND8_3B_MRB7260_mintet2_R1.fq, outputs/unzip/ND8_3B_MRB7260_mintet2_R2.fq
    jobid: 214
    wildcards: sample_id=ND8_3B_MRB7260_mintet2

gunzip -c ../C9K8C/fastq/ND8_3B_MRB7260_mintet2_S15_L001_R1_001.fastq.gz > outputs/unzip/ND8_3B_MRB7260_mintet2_R1.fq && gunzip -c ../C9K8C/fastq/ND8_3B_MRB7260_mintet2_S15_L001_R2_001.fastq.gz > outputs/unzip/ND8_3B_MRB7260_mintet2_R2.fq
Submitted job 214 with external jobid 'Submitted batch job 462228 on cluster faculty'.

[Thu Oct 24 11:02:18 2019]
rule unzip:
    input: ../C9K8C/fastq/RPS12_REH1_mintet1_S25_L001_R1_001.fastq.gz, ../C9K8C/fastq/RPS12_REH1_mintet1_S25_L001_R2_001.fastq.gz, mkdir.done
    output: outputs/unzip/RPS12_REH1_mintet1_R1.fq, outputs/unzip/RPS12_REH1_mintet1_R2.fq
    jobid: 221
    wildcards: sample_id=RPS12_REH1_mintet1

gunzip -c ../C9K8C/fastq/RPS12_REH1_mintet1_S25_L001_R1_001.fastq.gz > outputs/unzip/RPS12_REH1_mintet1_R1.fq && gunzip -c ../C9K8C/fastq/RPS12_REH1_mintet1_S25_L001_R2_001.fastq.gz > outputs/unzip/RPS12_REH1_mintet1_R2.fq
Submitted job 221 with external jobid 'Submitted batch job 462229 on cluster faculty'.

[Thu Oct 24 11:02:18 2019]
rule unzip:
    input: ../C9K8C/fastq/A63B_MRB7260_plustet2_S4_L001_R1_001.fastq.gz, ../C9K8C/fastq/A63B_MRB7260_plustet2_S4_L001_R2_001.fastq.gz, mkdir.done
    output: outputs/unzip/A6_3B_MRB7260_plustet2_R1.fq, outputs/unzip/A6_3B_MRB7260_plustet2_R2.fq
    jobid: 196
    wildcards: sample_id=A6_3B_MRB7260_plustet2

gunzip -c ../C9K8C/fastq/A63B_MRB7260_plustet2_S4_L001_R1_001.fastq.gz > outputs/unzip/A6_3B_MRB7260_plustet2_R1.fq && gunzip -c ../C9K8C/fastq/A63B_MRB7260_plustet2_S4_L001_R2_001.fastq.gz > outputs/unzip/A6_3B_MRB7260_plustet2_R2.fq
Submitted job 196 with external jobid 'Submitted batch job 462230 on cluster faculty'.

[Thu Oct 24 11:02:18 2019]
rule unzip:
    input: ../C9K8C/fastq/A63B_REH1_plustet2_S24_L001_R1_001.fastq.gz, ../C9K8C/fastq/A63B_REH1_plustet2_S24_L001_R2_001.fastq.gz, mkdir.done
    output: outputs/unzip/A6_3B_REH1_plustet2_R1.fq, outputs/unzip/A6_3B_REH1_plustet2_R2.fq
    jobid: 200
    wildcards: sample_id=A6_3B_REH1_plustet2

gunzip -c ../C9K8C/fastq/A63B_REH1_plustet2_S24_L001_R1_001.fastq.gz > outputs/unzip/A6_3B_REH1_plustet2_R1.fq && gunzip -c ../C9K8C/fastq/A63B_REH1_plustet2_S24_L001_R2_001.fastq.gz > outputs/unzip/A6_3B_REH1_plustet2_R2.fq
Submitted job 200 with external jobid 'Submitted batch job 462231 on cluster faculty'.

[Thu Oct 24 11:02:18 2019]
rule unzip:
    input: ../C9K8C/fastq/COIII_3B_MRB7260_mintet2_S7_L001_R1_001.fastq.gz, ../C9K8C/fastq/COIII_3B_MRB7260_mintet2_S7_L001_R2_001.fastq.gz, mkdir.done
    output: outputs/unzip/COIII_3B_MRB7260_mintet2_R1.fq, outputs/unzip/COIII_3B_MRB7260_mintet2_R2.fq
    jobid: 202
    wildcards: sample_id=COIII_3B_MRB7260_mintet2

gunzip -c ../C9K8C/fastq/COIII_3B_MRB7260_mintet2_S7_L001_R1_001.fastq.gz > outputs/unzip/COIII_3B_MRB7260_mintet2_R1.fq && gunzip -c ../C9K8C/fastq/COIII_3B_MRB7260_mintet2_S7_L001_R2_001.fastq.gz > outputs/unzip/COIII_3B_MRB7260_mintet2_R2.fq
Submitted job 202 with external jobid 'Submitted batch job 462232 on cluster faculty'.
[Thu Oct 24 11:02:53 2019]
Finished job 194.
1 of 225 steps (0.44%) done

[Thu Oct 24 11:02:53 2019]
rule join:
    input: outputs/unzip/A6_3B_MRB7260_mintet2_R1.fq, outputs/unzip/A6_3B_MRB7260_mintet2_R2.fq
    output: outputs/join/A6_3B_MRB7260_mintet2.assembled.fastq
    jobid: 162
    wildcards: sample_id=A6_3B_MRB7260_mintet2

tools/pear/0.9.6/pear -f outputs/unzip/A6_3B_MRB7260_mintet2_R1.fq -r outputs/unzip/A6_3B_MRB7260_mintet2_R2.fq -o outputs/join/A6_3B_MRB7260_mintet2
Submitted job 162 with external jobid 'Submitted batch job 462235 on cluster faculty'.
[Thu Oct 24 11:02:56 2019]
Finished job 209.
2 of 225 steps (0.89%) done

[Thu Oct 24 11:02:56 2019]
rule join:
    input: outputs/unzip/CR4_3B_MRB7260_mintet1_R1.fq, outputs/unzip/CR4_3B_MRB7260_mintet1_R2.fq
    output: outputs/join/CR4_3B_MRB7260_mintet1.assembled.fastq
    jobid: 177
    wildcards: sample_id=CR4_3B_MRB7260_mintet1

tools/pear/0.9.6/pear -f outputs/unzip/CR4_3B_MRB7260_mintet1_R1.fq -r outputs/unzip/CR4_3B_MRB7260_mintet1_R2.fq -o outputs/join/CR4_3B_MRB7260_mintet1
Submitted job 177 with external jobid 'Submitted batch job 462236 on cluster faculty'.
[Thu Oct 24 11:02:57 2019]
Finished job 218.
3 of 225 steps (1%) done

[Thu Oct 24 11:02:57 2019]
rule join:
    input: outputs/unzip/ND9_3B_MRB7260_mintet2_R1.fq, outputs/unzip/ND9_3B_MRB7260_mintet2_R2.fq
    output: outputs/join/ND9_3B_MRB7260_mintet2.assembled.fastq
    jobid: 186
    wildcards: sample_id=ND9_3B_MRB7260_mintet2

tools/pear/0.9.6/pear -f outputs/unzip/ND9_3B_MRB7260_mintet2_R1.fq -r outputs/unzip/ND9_3B_MRB7260_mintet2_R2.fq -o outputs/join/ND9_3B_MRB7260_mintet2
Submitted job 186 with external jobid 'Submitted batch job 462237 on cluster faculty'.
[Thu Oct 24 11:02:58 2019]
Finished job 201.
4 of 225 steps (2%) done

[Thu Oct 24 11:02:58 2019]
rule join:
    input: outputs/unzip/COIII_3B_MRB7260_mintet1_R1.fq, outputs/unzip/COIII_3B_MRB7260_mintet1_R2.fq
    output: outputs/join/COIII_3B_MRB7260_mintet1.assembled.fastq
    jobid: 169
    wildcards: sample_id=COIII_3B_MRB7260_mintet1

tools/pear/0.9.6/pear -f outputs/unzip/COIII_3B_MRB7260_mintet1_R1.fq -r outputs/unzip/COIII_3B_MRB7260_mintet1_R2.fq -o outputs/join/COIII_3B_MRB7260_mintet1
Submitted job 169 with external jobid 'Submitted batch job 462238 on cluster faculty'.
[Thu Oct 24 11:02:58 2019]
Finished job 207.
5 of 225 steps (2%) done

[Thu Oct 24 11:02:58 2019]
rule join:
    input: outputs/unzip/CR3_REH1_plustet1_R1.fq, outputs/unzip/CR3_REH1_plustet1_R2.fq
    output: outputs/join/CR3_REH1_plustet1.assembled.fastq
    jobid: 175
    wildcards: sample_id=CR3_REH1_plustet1

tools/pear/0.9.6/pear -f outputs/unzip/CR3_REH1_plustet1_R1.fq -r outputs/unzip/CR3_REH1_plustet1_R2.fq -o outputs/join/CR3_REH1_plustet1
[Thu Oct 24 11:02:58 2019]
Finished job 204.
6 of 225 steps (3%) done
Submitted job 175 with external jobid 'Submitted batch job 462239 on cluster faculty'.
[Thu Oct 24 11:02:59 2019]
Finished job 197.
7 of 225 steps (3%) done

[Thu Oct 24 11:02:59 2019]
rule join:
    input: outputs/unzip/A6_3B_REH1_mintet1_R1.fq, outputs/unzip/A6_3B_REH1_mintet1_R2.fq
    output: outputs/join/A6_3B_REH1_mintet1.assembled.fastq
    jobid: 165
    wildcards: sample_id=A6_3B_REH1_mintet1

tools/pear/0.9.6/pear -f outputs/unzip/A6_3B_REH1_mintet1_R1.fq -r outputs/unzip/A6_3B_REH1_mintet1_R2.fq -o outputs/join/A6_3B_REH1_mintet1
[Thu Oct 24 11:02:59 2019]
Finished job 205.
8 of 225 steps (4%) done
Submitted job 165 with external jobid 'Submitted batch job 462240 on cluster faculty'.

[Thu Oct 24 11:02:59 2019]
rule join:
    input: outputs/unzip/COIII_3B_MRB7260_plustet2_R1.fq, outputs/unzip/COIII_3B_MRB7260_plustet2_R2.fq
    output: outputs/join/COIII_3B_MRB7260_plustet2.assembled.fastq
    jobid: 172
    wildcards: sample_id=COIII_3B_MRB7260_plustet2

tools/pear/0.9.6/pear -f outputs/unzip/COIII_3B_MRB7260_plustet2_R1.fq -r outputs/unzip/COIII_3B_MRB7260_plustet2_R2.fq -o outputs/join/COIII_3B_MRB7260_plustet2
[Thu Oct 24 11:02:59 2019]
Finished job 211.
9 of 225 steps (4%) done
Submitted job 172 with external jobid 'Submitted batch job 462241 on cluster faculty'.
[Thu Oct 24 11:03:00 2019]
Finished job 216.
10 of 225 steps (4%) done

[Thu Oct 24 11:03:00 2019]
rule join:
    input: outputs/unzip/CR4_3B_MRB7260_plustet1_R1.fq, outputs/unzip/CR4_3B_MRB7260_plustet1_R2.fq
    output: outputs/join/CR4_3B_MRB7260_plustet1.assembled.fastq
    jobid: 179
    wildcards: sample_id=CR4_3B_MRB7260_plustet1

tools/pear/0.9.6/pear -f outputs/unzip/CR4_3B_MRB7260_plustet1_R1.fq -r outputs/unzip/CR4_3B_MRB7260_plustet1_R2.fq -o outputs/join/CR4_3B_MRB7260_plustet1
Submitted job 179 with external jobid 'Submitted batch job 462242 on cluster faculty'.
[Thu Oct 24 11:03:00 2019]
Finished job 212.
11 of 225 steps (5%) done

[Thu Oct 24 11:03:00 2019]
rule join:
    input: outputs/unzip/ND8_3B_MRB7260_plustet2_R1.fq, outputs/unzip/ND8_3B_MRB7260_plustet2_R2.fq
    output: outputs/join/ND8_3B_MRB7260_plustet2.assembled.fastq
    jobid: 184
    wildcards: sample_id=ND8_3B_MRB7260_plustet2

tools/pear/0.9.6/pear -f outputs/unzip/ND8_3B_MRB7260_plustet2_R1.fq -r outputs/unzip/ND8_3B_MRB7260_plustet2_R2.fq -o outputs/join/ND8_3B_MRB7260_plustet2
[Thu Oct 24 11:03:00 2019]
Finished job 215.
12 of 225 steps (5%) done
Submitted job 184 with external jobid 'Submitted batch job 462243 on cluster faculty'.

[Thu Oct 24 11:03:00 2019]
rule join:
    input: outputs/unzip/CR3_REH1_mintet1_R1.fq, outputs/unzip/CR3_REH1_mintet1_R2.fq
    output: outputs/join/CR3_REH1_mintet1.assembled.fastq
    jobid: 173
    wildcards: sample_id=CR3_REH1_mintet1

tools/pear/0.9.6/pear -f outputs/unzip/CR3_REH1_mintet1_R1.fq -r outputs/unzip/CR3_REH1_mintet1_R2.fq -o outputs/join/CR3_REH1_mintet1
[Thu Oct 24 11:03:01 2019]
Finished job 223.
13 of 225 steps (6%) done
Submitted job 173 with external jobid 'Submitted batch job 462244 on cluster faculty'.
[Thu Oct 24 11:03:01 2019]
Finished job 213.
14 of 225 steps (6%) done

[Thu Oct 24 11:03:01 2019]
rule join:
    input: outputs/unzip/CR4_3B_MRB7260_plustet2_R1.fq, outputs/unzip/CR4_3B_MRB7260_plustet2_R2.fq
    output: outputs/join/CR4_3B_MRB7260_plustet2.assembled.fastq
    jobid: 180
    wildcards: sample_id=CR4_3B_MRB7260_plustet2

tools/pear/0.9.6/pear -f outputs/unzip/CR4_3B_MRB7260_plustet2_R1.fq -r outputs/unzip/CR4_3B_MRB7260_plustet2_R2.fq -o outputs/join/CR4_3B_MRB7260_plustet2
Submitted job 180 with external jobid 'Submitted batch job 462245 on cluster faculty'.

[Thu Oct 24 11:03:01 2019]
rule join:
    input: outputs/unzip/ND8_3B_MRB7260_plustet1_R1.fq, outputs/unzip/ND8_3B_MRB7260_plustet1_R2.fq
    output: outputs/join/ND8_3B_MRB7260_plustet1.assembled.fastq
    jobid: 183
    wildcards: sample_id=ND8_3B_MRB7260_plustet1

tools/pear/0.9.6/pear -f outputs/unzip/ND8_3B_MRB7260_plustet1_R1.fq -r outputs/unzip/ND8_3B_MRB7260_plustet1_R2.fq -o outputs/join/ND8_3B_MRB7260_plustet1
[Thu Oct 24 11:03:01 2019]
Finished job 220.
15 of 225 steps (7%) done
Submitted job 183 with external jobid 'Submitted batch job 462246 on cluster faculty'.

[Thu Oct 24 11:03:02 2019]
rule join:
    input: outputs/unzip/RPS12_REH1_plustet1_R1.fq, outputs/unzip/RPS12_REH1_plustet1_R2.fq
    output: outputs/join/RPS12_REH1_plustet1.assembled.fastq
    jobid: 191
    wildcards: sample_id=RPS12_REH1_plustet1

tools/pear/0.9.6/pear -f outputs/unzip/RPS12_REH1_plustet1_R1.fq -r outputs/unzip/RPS12_REH1_plustet1_R2.fq -o outputs/join/RPS12_REH1_plustet1
[Thu Oct 24 11:03:02 2019]
Finished job 198.
16 of 225 steps (7%) done
Submitted job 191 with external jobid 'Submitted batch job 462247 on cluster faculty'.

[Thu Oct 24 11:03:02 2019]
rule join:
    input: outputs/unzip/ND8_3B_MRB7260_mintet1_R1.fq, outputs/unzip/ND8_3B_MRB7260_mintet1_R2.fq
    output: outputs/join/ND8_3B_MRB7260_mintet1.assembled.fastq
    jobid: 181
    wildcards: sample_id=ND8_3B_MRB7260_mintet1

tools/pear/0.9.6/pear -f outputs/unzip/ND8_3B_MRB7260_mintet1_R1.fq -r outputs/unzip/ND8_3B_MRB7260_mintet1_R2.fq -o outputs/join/ND8_3B_MRB7260_mintet1
Submitted job 181 with external jobid 'Submitted batch job 462248 on cluster faculty'.

[Thu Oct 24 11:03:02 2019]
rule join:
    input: outputs/unzip/ND9_3B_MRB7260_plustet2_R1.fq, outputs/unzip/ND9_3B_MRB7260_plustet2_R2.fq
    output: outputs/join/ND9_3B_MRB7260_plustet2.assembled.fastq
    jobid: 188
    wildcards: sample_id=ND9_3B_MRB7260_plustet2

tools/pear/0.9.6/pear -f outputs/unzip/ND9_3B_MRB7260_plustet2_R1.fq -r outputs/unzip/ND9_3B_MRB7260_plustet2_R2.fq -o outputs/join/ND9_3B_MRB7260_plustet2
Submitted job 188 with external jobid 'Submitted batch job 462249 on cluster faculty'.

[Thu Oct 24 11:03:03 2019]
rule join:
    input: outputs/unzip/A6_3B_REH1_mintet2_R1.fq, outputs/unzip/A6_3B_REH1_mintet2_R2.fq
    output: outputs/join/A6_3B_REH1_mintet2.assembled.fastq
    jobid: 166
    wildcards: sample_id=A6_3B_REH1_mintet2

tools/pear/0.9.6/pear -f outputs/unzip/A6_3B_REH1_mintet2_R1.fq -r outputs/unzip/A6_3B_REH1_mintet2_R2.fq -o outputs/join/A6_3B_REH1_mintet2
Submitted job 166 with external jobid 'Submitted batch job 462250 on cluster faculty'.
[Thu Oct 24 11:03:14 2019]
Finished job 219.
17 of 225 steps (8%) done

[Thu Oct 24 11:03:14 2019]
rule join:
    input: outputs/unzip/ND9_3B_MRB7260_plustet1_R1.fq, outputs/unzip/ND9_3B_MRB7260_plustet1_R2.fq
    output: outputs/join/ND9_3B_MRB7260_plustet1.assembled.fastq
    jobid: 187
    wildcards: sample_id=ND9_3B_MRB7260_plustet1

tools/pear/0.9.6/pear -f outputs/unzip/ND9_3B_MRB7260_plustet1_R1.fq -r outputs/unzip/ND9_3B_MRB7260_plustet1_R2.fq -o outputs/join/ND9_3B_MRB7260_plustet1
[Thu Oct 24 11:03:14 2019]
Finished job 217.
18 of 225 steps (8%) done
Submitted job 187 with external jobid 'Submitted batch job 462251 on cluster faculty'.
[Thu Oct 24 11:03:14 2019]
Finished job 203.
19 of 225 steps (8%) done

[Thu Oct 24 11:03:14 2019]
rule join:
    input: outputs/unzip/ND9_3B_MRB7260_mintet1_R1.fq, outputs/unzip/ND9_3B_MRB7260_mintet1_R2.fq
    output: outputs/join/ND9_3B_MRB7260_mintet1.assembled.fastq
    jobid: 185
    wildcards: sample_id=ND9_3B_MRB7260_mintet1

tools/pear/0.9.6/pear -f outputs/unzip/ND9_3B_MRB7260_mintet1_R1.fq -r outputs/unzip/ND9_3B_MRB7260_mintet1_R2.fq -o outputs/join/ND9_3B_MRB7260_mintet1
[Thu Oct 24 11:03:14 2019]
Finished job 208.
20 of 225 steps (9%) done
Submitted job 185 with external jobid 'Submitted batch job 462252 on cluster faculty'.

[Thu Oct 24 11:03:14 2019]
rule join:
    input: outputs/unzip/COIII_3B_MRB7260_plustet1_R1.fq, outputs/unzip/COIII_3B_MRB7260_plustet1_R2.fq
    output: outputs/join/COIII_3B_MRB7260_plustet1.assembled.fastq
    jobid: 171
    wildcards: sample_id=COIII_3B_MRB7260_plustet1

tools/pear/0.9.6/pear -f outputs/unzip/COIII_3B_MRB7260_plustet1_R1.fq -r outputs/unzip/COIII_3B_MRB7260_plustet1_R2.fq -o outputs/join/COIII_3B_MRB7260_plustet1
[Thu Oct 24 11:03:14 2019]
Finished job 199.
21 of 225 steps (9%) done
Submitted job 171 with external jobid 'Submitted batch job 462253 on cluster faculty'.
[Thu Oct 24 11:03:15 2019]
Finished job 222.
22 of 225 steps (10%) done

[Thu Oct 24 11:03:15 2019]
rule join:
    input: outputs/unzip/CR3_REH1_plustet2_R1.fq, outputs/unzip/CR3_REH1_plustet2_R2.fq
    output: outputs/join/CR3_REH1_plustet2.assembled.fastq
    jobid: 176
    wildcards: sample_id=CR3_REH1_plustet2

tools/pear/0.9.6/pear -f outputs/unzip/CR3_REH1_plustet2_R1.fq -r outputs/unzip/CR3_REH1_plustet2_R2.fq -o outputs/join/CR3_REH1_plustet2
Submitted job 176 with external jobid 'Submitted batch job 462254 on cluster faculty'.
[Thu Oct 24 11:03:15 2019]
Finished job 224.
23 of 225 steps (10%) done

[Thu Oct 24 11:03:15 2019]
rule join:
    input: outputs/unzip/A6_3B_REH1_plustet1_R1.fq, outputs/unzip/A6_3B_REH1_plustet1_R2.fq
    output: outputs/join/A6_3B_REH1_plustet1.assembled.fastq
    jobid: 167
    wildcards: sample_id=A6_3B_REH1_plustet1

tools/pear/0.9.6/pear -f outputs/unzip/A6_3B_REH1_plustet1_R1.fq -r outputs/unzip/A6_3B_REH1_plustet1_R2.fq -o outputs/join/A6_3B_REH1_plustet1
[Thu Oct 24 11:03:15 2019]
Finished job 210.
24 of 225 steps (11%) done
Submitted job 167 with external jobid 'Submitted batch job 462255 on cluster faculty'.
[Thu Oct 24 11:03:15 2019]
Finished job 206.
25 of 225 steps (11%) done

[Thu Oct 24 11:03:15 2019]
rule join:
    input: outputs/unzip/RPS12_REH1_mintet2_R1.fq, outputs/unzip/RPS12_REH1_mintet2_R2.fq
    output: outputs/join/RPS12_REH1_mintet2.assembled.fastq
    jobid: 190
    wildcards: sample_id=RPS12_REH1_mintet2

tools/pear/0.9.6/pear -f outputs/unzip/RPS12_REH1_mintet2_R1.fq -r outputs/unzip/RPS12_REH1_mintet2_R2.fq -o outputs/join/RPS12_REH1_mintet2
Submitted job 190 with external jobid 'Submitted batch job 462256 on cluster faculty'.
[Thu Oct 24 11:03:16 2019]
Finished job 195.
26 of 225 steps (12%) done
[Thu Oct 24 11:03:16 2019]
Finished job 193.
27 of 225 steps (12%) done

[Thu Oct 24 11:03:16 2019]
rule join:
    input: outputs/unzip/RPS12_REH1_plustet2_R1.fq, outputs/unzip/RPS12_REH1_plustet2_R2.fq
    output: outputs/join/RPS12_REH1_plustet2.assembled.fastq
    jobid: 192
    wildcards: sample_id=RPS12_REH1_plustet2

tools/pear/0.9.6/pear -f outputs/unzip/RPS12_REH1_plustet2_R1.fq -r outputs/unzip/RPS12_REH1_plustet2_R2.fq -o outputs/join/RPS12_REH1_plustet2
Submitted job 192 with external jobid 'Submitted batch job 462257 on cluster faculty'.
[Thu Oct 24 11:03:16 2019]
Finished job 214.
28 of 225 steps (12%) done

[Thu Oct 24 11:03:16 2019]
rule join:
    input: outputs/unzip/CR4_3B_MRB7260_mintet2_R1.fq, outputs/unzip/CR4_3B_MRB7260_mintet2_R2.fq
    output: outputs/join/CR4_3B_MRB7260_mintet2.assembled.fastq
    jobid: 178
    wildcards: sample_id=CR4_3B_MRB7260_mintet2

tools/pear/0.9.6/pear -f outputs/unzip/CR4_3B_MRB7260_mintet2_R1.fq -r outputs/unzip/CR4_3B_MRB7260_mintet2_R2.fq -o outputs/join/CR4_3B_MRB7260_mintet2
[Thu Oct 24 11:03:16 2019]
Finished job 221.
29 of 225 steps (13%) done
Submitted job 178 with external jobid 'Submitted batch job 462258 on cluster faculty'.

[Thu Oct 24 11:03:17 2019]
rule join:
    input: outputs/unzip/A6_3B_MRB7260_plustet1_R1.fq, outputs/unzip/A6_3B_MRB7260_plustet1_R2.fq
    output: outputs/join/A6_3B_MRB7260_plustet1.assembled.fastq
    jobid: 163
    wildcards: sample_id=A6_3B_MRB7260_plustet1

tools/pear/0.9.6/pear -f outputs/unzip/A6_3B_MRB7260_plustet1_R1.fq -r outputs/unzip/A6_3B_MRB7260_plustet1_R2.fq -o outputs/join/A6_3B_MRB7260_plustet1
[Thu Oct 24 11:03:18 2019]
Finished job 196.
30 of 225 steps (13%) done
Submitted job 163 with external jobid 'Submitted batch job 462259 on cluster faculty'.

[Thu Oct 24 11:03:19 2019]
rule join:
    input: outputs/unzip/A6_3B_MRB7260_mintet1_R1.fq, outputs/unzip/A6_3B_MRB7260_mintet1_R2.fq
    output: outputs/join/A6_3B_MRB7260_mintet1.assembled.fastq
    jobid: 161
    wildcards: sample_id=A6_3B_MRB7260_mintet1

tools/pear/0.9.6/pear -f outputs/unzip/A6_3B_MRB7260_mintet1_R1.fq -r outputs/unzip/A6_3B_MRB7260_mintet1_R2.fq -o outputs/join/A6_3B_MRB7260_mintet1
Submitted job 161 with external jobid 'Submitted batch job 462260 on cluster faculty'.

[Thu Oct 24 11:03:22 2019]
rule join:
    input: outputs/unzip/CR3_REH1_mintet2_R1.fq, outputs/unzip/CR3_REH1_mintet2_R2.fq
    output: outputs/join/CR3_REH1_mintet2.assembled.fastq
    jobid: 174
    wildcards: sample_id=CR3_REH1_mintet2

tools/pear/0.9.6/pear -f outputs/unzip/CR3_REH1_mintet2_R1.fq -r outputs/unzip/CR3_REH1_mintet2_R2.fq -o outputs/join/CR3_REH1_mintet2
[Thu Oct 24 11:03:22 2019]
Finished job 200.
31 of 225 steps (14%) done
Submitted job 174 with external jobid 'Submitted batch job 462261 on cluster faculty'.
[Thu Oct 24 11:03:25 2019]
Finished job 202.
32 of 225 steps (14%) done

[Thu Oct 24 11:03:25 2019]
rule join:
    input: outputs/unzip/ND8_3B_MRB7260_mintet2_R1.fq, outputs/unzip/ND8_3B_MRB7260_mintet2_R2.fq
    output: outputs/join/ND8_3B_MRB7260_mintet2.assembled.fastq
    jobid: 182
    wildcards: sample_id=ND8_3B_MRB7260_mintet2

tools/pear/0.9.6/pear -f outputs/unzip/ND8_3B_MRB7260_mintet2_R1.fq -r outputs/unzip/ND8_3B_MRB7260_mintet2_R2.fq -o outputs/join/ND8_3B_MRB7260_mintet2
Submitted job 182 with external jobid 'Submitted batch job 462262 on cluster faculty'.

[Thu Oct 24 11:03:27 2019]
rule join:
    input: outputs/unzip/RPS12_REH1_mintet1_R1.fq, outputs/unzip/RPS12_REH1_mintet1_R2.fq
    output: outputs/join/RPS12_REH1_mintet1.assembled.fastq
    jobid: 189
    wildcards: sample_id=RPS12_REH1_mintet1

tools/pear/0.9.6/pear -f outputs/unzip/RPS12_REH1_mintet1_R1.fq -r outputs/unzip/RPS12_REH1_mintet1_R2.fq -o outputs/join/RPS12_REH1_mintet1
Submitted job 189 with external jobid 'Submitted batch job 462263 on cluster faculty'.

[Thu Oct 24 11:03:29 2019]
rule join:
    input: outputs/unzip/A6_3B_MRB7260_plustet2_R1.fq, outputs/unzip/A6_3B_MRB7260_plustet2_R2.fq
    output: outputs/join/A6_3B_MRB7260_plustet2.assembled.fastq
    jobid: 164
    wildcards: sample_id=A6_3B_MRB7260_plustet2

tools/pear/0.9.6/pear -f outputs/unzip/A6_3B_MRB7260_plustet2_R1.fq -r outputs/unzip/A6_3B_MRB7260_plustet2_R2.fq -o outputs/join/A6_3B_MRB7260_plustet2
Submitted job 164 with external jobid 'Submitted batch job 462264 on cluster faculty'.

[Thu Oct 24 11:03:30 2019]
rule join:
    input: outputs/unzip/A6_3B_REH1_plustet2_R1.fq, outputs/unzip/A6_3B_REH1_plustet2_R2.fq
    output: outputs/join/A6_3B_REH1_plustet2.assembled.fastq
    jobid: 168
    wildcards: sample_id=A6_3B_REH1_plustet2

tools/pear/0.9.6/pear -f outputs/unzip/A6_3B_REH1_plustet2_R1.fq -r outputs/unzip/A6_3B_REH1_plustet2_R2.fq -o outputs/join/A6_3B_REH1_plustet2
Submitted job 168 with external jobid 'Submitted batch job 462265 on cluster faculty'.

[Thu Oct 24 11:03:32 2019]
rule join:
    input: outputs/unzip/COIII_3B_MRB7260_mintet2_R1.fq, outputs/unzip/COIII_3B_MRB7260_mintet2_R2.fq
    output: outputs/join/COIII_3B_MRB7260_mintet2.assembled.fastq
    jobid: 170
    wildcards: sample_id=COIII_3B_MRB7260_mintet2

tools/pear/0.9.6/pear -f outputs/unzip/COIII_3B_MRB7260_mintet2_R1.fq -r outputs/unzip/COIII_3B_MRB7260_mintet2_R2.fq -o outputs/join/COIII_3B_MRB7260_mintet2
Submitted job 170 with external jobid 'Submitted batch job 462266 on cluster faculty'.
[Thu Oct 24 11:09:31 2019]
Finished job 188.
33 of 225 steps (15%) done

[Thu Oct 24 11:09:31 2019]
rule filter:
    input: outputs/join/ND9_3B_MRB7260_plustet2.assembled.fastq
    output: outputs/filter/ND9_3B_MRB7260_plustet2.fq
    jobid: 156
    wildcards: sample_id=ND9_3B_MRB7260_plustet2

tools/fastx/0.0.13/fastq_quality_filter -i outputs/join/ND9_3B_MRB7260_plustet2.assembled.fastq -o outputs/filter/ND9_3B_MRB7260_plustet2.fq -q 0 -p 90 -Q33 -v
Submitted job 156 with external jobid 'Submitted batch job 462293 on cluster faculty'.
[Thu Oct 24 11:10:21 2019]
Finished job 156.
34 of 225 steps (15%) done

[Thu Oct 24 11:10:21 2019]
rule fq_2_fa:
    input: outputs/filter/ND9_3B_MRB7260_plustet2.fq
    output: outputs/fq_2_fa/ND9_3B_MRB7260_plustet2.fa
    jobid: 124
    wildcards: sample_id=ND9_3B_MRB7260_plustet2

tools/fastx/0.0.13/fastq_to_fasta -i outputs/filter/ND9_3B_MRB7260_plustet2.fq -o outputs/fq_2_fa/ND9_3B_MRB7260_plustet2.fa -n -v -Q33
[Thu Oct 24 11:10:21 2019]
Finished job 176.
35 of 225 steps (16%) done
Submitted job 124 with external jobid 'Submitted batch job 462299 on cluster faculty'.

[Thu Oct 24 11:10:21 2019]
rule filter:
    input: outputs/join/CR3_REH1_plustet2.assembled.fastq
    output: outputs/filter/CR3_REH1_plustet2.fq
    jobid: 144
    wildcards: sample_id=CR3_REH1_plustet2

tools/fastx/0.0.13/fastq_quality_filter -i outputs/join/CR3_REH1_plustet2.assembled.fastq -o outputs/filter/CR3_REH1_plustet2.fq -q 0 -p 90 -Q33 -v
Submitted job 144 with external jobid 'Submitted batch job 462300 on cluster faculty'.
[Thu Oct 24 11:10:22 2019]
Finished job 172.
36 of 225 steps (16%) done

[Thu Oct 24 11:10:22 2019]
rule filter:
    input: outputs/join/COIII_3B_MRB7260_plustet2.assembled.fastq
    output: outputs/filter/COIII_3B_MRB7260_plustet2.fq
    jobid: 140
    wildcards: sample_id=COIII_3B_MRB7260_plustet2

tools/fastx/0.0.13/fastq_quality_filter -i outputs/join/COIII_3B_MRB7260_plustet2.assembled.fastq -o outputs/filter/COIII_3B_MRB7260_plustet2.fq -q 0 -p 90 -Q33 -v
Submitted job 140 with external jobid 'Submitted batch job 462301 on cluster faculty'.
[Thu Oct 24 11:10:23 2019]
Finished job 181.
37 of 225 steps (16%) done

[Thu Oct 24 11:10:23 2019]
rule filter:
    input: outputs/join/ND8_3B_MRB7260_mintet1.assembled.fastq
    output: outputs/filter/ND8_3B_MRB7260_mintet1.fq
    jobid: 149
    wildcards: sample_id=ND8_3B_MRB7260_mintet1

tools/fastx/0.0.13/fastq_quality_filter -i outputs/join/ND8_3B_MRB7260_mintet1.assembled.fastq -o outputs/filter/ND8_3B_MRB7260_mintet1.fq -q 0 -p 90 -Q33 -v
Submitted job 149 with external jobid 'Submitted batch job 462302 on cluster faculty'.
Waiting at most 120 seconds for missing files.
[Thu Oct 24 11:10:38 2019]
Finished job 124.
38 of 225 steps (17%) done

[Thu Oct 24 11:10:38 2019]
rule trim:
    input: outputs/fq_2_fa/ND9_3B_MRB7260_plustet2.fa
    output: outputs/trimmed/ND9_3B_MRB7260_plustet2.fa
    jobid: 92
    wildcards: sample_id=ND9_3B_MRB7260_plustet2

./tools/cutadapt/1.16/cutadapt/bin/cutadapt -m 15 -g TTGGTAGGAGGATGATTGGG -a CACCGTTGTAATTCTAAATTTC -n 2 outputs/fq_2_fa/ND9_3B_MRB7260_plustet2.fa > outputs/trimmed/ND9_3B_MRB7260_plustet2.fa 2>outputs/trimmed/ND9_3B_MRB7260_plustet2.fa.stats
Submitted job 92 with external jobid 'Submitted batch job 462303 on cluster faculty'.
[Thu Oct 24 11:10:39 2019]
Finished job 177.
39 of 225 steps (17%) done

[Thu Oct 24 11:10:39 2019]
rule filter:
    input: outputs/join/CR4_3B_MRB7260_mintet1.assembled.fastq
    output: outputs/filter/CR4_3B_MRB7260_mintet1.fq
    jobid: 145
    wildcards: sample_id=CR4_3B_MRB7260_mintet1

tools/fastx/0.0.13/fastq_quality_filter -i outputs/join/CR4_3B_MRB7260_mintet1.assembled.fastq -o outputs/filter/CR4_3B_MRB7260_mintet1.fq -q 0 -p 90 -Q33 -v
Submitted job 145 with external jobid 'Submitted batch job 462304 on cluster faculty'.
[Thu Oct 24 11:10:51 2019]
Finished job 140.
40 of 225 steps (18%) done

[Thu Oct 24 11:10:51 2019]
rule fq_2_fa:
    input: outputs/filter/COIII_3B_MRB7260_plustet2.fq
    output: outputs/fq_2_fa/COIII_3B_MRB7260_plustet2.fa
    jobid: 108
    wildcards: sample_id=COIII_3B_MRB7260_plustet2

tools/fastx/0.0.13/fastq_to_fasta -i outputs/filter/COIII_3B_MRB7260_plustet2.fq -o outputs/fq_2_fa/COIII_3B_MRB7260_plustet2.fa -n -v -Q33
Submitted job 108 with external jobid 'Submitted batch job 462305 on cluster faculty'.
[Thu Oct 24 11:10:53 2019]
Finished job 166.
41 of 225 steps (18%) done

[Thu Oct 24 11:10:53 2019]
rule filter:
    input: outputs/join/A6_3B_REH1_mintet2.assembled.fastq
    output: outputs/filter/A6_3B_REH1_mintet2.fq
    jobid: 134
    wildcards: sample_id=A6_3B_REH1_mintet2

tools/fastx/0.0.13/fastq_quality_filter -i outputs/join/A6_3B_REH1_mintet2.assembled.fastq -o outputs/filter/A6_3B_REH1_mintet2.fq -q 0 -p 90 -Q33 -v
Submitted job 134 with external jobid 'Submitted batch job 462306 on cluster faculty'.
Waiting at most 120 seconds for missing files.
[Thu Oct 24 11:11:08 2019]
Finished job 92.
42 of 225 steps (19%) done

[Thu Oct 24 11:11:08 2019]
rule collapse:
    input: outputs/trimmed/ND9_3B_MRB7260_plustet2.fa
    output: outputs/collapse/ND9_3B_MRB7260_plustet2.fa
    jobid: 60
    wildcards: sample_id=ND9_3B_MRB7260_plustet2

./tools/fastx/0.0.13/fastx_collapser -i outputs/trimmed/ND9_3B_MRB7260_plustet2.fa -o outputs/collapse/ND9_3B_MRB7260_plustet2.fa -v
[Thu Oct 24 11:11:08 2019]
Finished job 145.
43 of 225 steps (19%) done
[Thu Oct 24 11:11:08 2019]
Finished job 144.
44 of 225 steps (20%) done
[Thu Oct 24 11:11:08 2019]
Finished job 149.
45 of 225 steps (20%) done
[Thu Oct 24 11:11:08 2019]
Finished job 167.
Submitted job 60 with external jobid 'Submitted batch job 462310 on cluster faculty'.
46 of 225 steps (20%) done

[Thu Oct 24 11:11:08 2019]
rule filter:
    input: outputs/join/A6_3B_REH1_plustet1.assembled.fastq
    output: outputs/filter/A6_3B_REH1_plustet1.fq
    jobid: 135
    wildcards: sample_id=A6_3B_REH1_plustet1

tools/fastx/0.0.13/fastq_quality_filter -i outputs/join/A6_3B_REH1_plustet1.assembled.fastq -o outputs/filter/A6_3B_REH1_plustet1.fq -q 0 -p 90 -Q33 -v
Submitted job 135 with external jobid 'Submitted batch job 462311 on cluster faculty'.

[Thu Oct 24 11:11:08 2019]
rule fq_2_fa:
    input: outputs/filter/ND8_3B_MRB7260_mintet1.fq
    output: outputs/fq_2_fa/ND8_3B_MRB7260_mintet1.fa
    jobid: 117
    wildcards: sample_id=ND8_3B_MRB7260_mintet1

tools/fastx/0.0.13/fastq_to_fasta -i outputs/filter/ND8_3B_MRB7260_mintet1.fq -o outputs/fq_2_fa/ND8_3B_MRB7260_mintet1.fa -n -v -Q33
Submitted job 117 with external jobid 'Submitted batch job 462312 on cluster faculty'.

[Thu Oct 24 11:11:09 2019]
rule fq_2_fa:
    input: outputs/filter/CR4_3B_MRB7260_mintet1.fq
    output: outputs/fq_2_fa/CR4_3B_MRB7260_mintet1.fa
    jobid: 113
    wildcards: sample_id=CR4_3B_MRB7260_mintet1

tools/fastx/0.0.13/fastq_to_fasta -i outputs/filter/CR4_3B_MRB7260_mintet1.fq -o outputs/fq_2_fa/CR4_3B_MRB7260_mintet1.fa -n -v -Q33
Submitted job 113 with external jobid 'Submitted batch job 462313 on cluster faculty'.

[Thu Oct 24 11:11:09 2019]
rule fq_2_fa:
    input: outputs/filter/CR3_REH1_plustet2.fq
    output: outputs/fq_2_fa/CR3_REH1_plustet2.fa
    jobid: 112
    wildcards: sample_id=CR3_REH1_plustet2

tools/fastx/0.0.13/fastq_to_fasta -i outputs/filter/CR3_REH1_plustet2.fq -o outputs/fq_2_fa/CR3_REH1_plustet2.fa -n -v -Q33
Submitted job 112 with external jobid 'Submitted batch job 462314 on cluster faculty'.
[Thu Oct 24 11:11:09 2019]
Finished job 179.
47 of 225 steps (21%) done

[Thu Oct 24 11:11:09 2019]
rule filter:
    input: outputs/join/CR4_3B_MRB7260_plustet1.assembled.fastq
    output: outputs/filter/CR4_3B_MRB7260_plustet1.fq
    jobid: 147
    wildcards: sample_id=CR4_3B_MRB7260_plustet1

tools/fastx/0.0.13/fastq_quality_filter -i outputs/join/CR4_3B_MRB7260_plustet1.assembled.fastq -o outputs/filter/CR4_3B_MRB7260_plustet1.fq -q 0 -p 90 -Q33 -v
Submitted job 147 with external jobid 'Submitted batch job 462315 on cluster faculty'.
[Thu Oct 24 11:11:10 2019]
Finished job 184.
48 of 225 steps (21%) done

[Thu Oct 24 11:11:10 2019]
rule filter:
    input: outputs/join/ND8_3B_MRB7260_plustet2.assembled.fastq
    output: outputs/filter/ND8_3B_MRB7260_plustet2.fq
    jobid: 152
    wildcards: sample_id=ND8_3B_MRB7260_plustet2

tools/fastx/0.0.13/fastq_quality_filter -i outputs/join/ND8_3B_MRB7260_plustet2.assembled.fastq -o outputs/filter/ND8_3B_MRB7260_plustet2.fq -q 0 -p 90 -Q33 -v
Submitted job 152 with external jobid 'Submitted batch job 462316 on cluster faculty'.
Waiting at most 120 seconds for missing files.
[Thu Oct 24 11:11:38 2019]
Finished job 60.
49 of 225 steps (22%) done

[Thu Oct 24 11:11:38 2019]
rule treat:
    input: outputs/collapse/ND9_3B_MRB7260_plustet2.fa
    output: outputs/treat/ND9_3B_MRB7260_plustet2-treat.db
    jobid: 28
    wildcards: sample_id=ND9_3B_MRB7260_plustet2

echo ND9_3B_MRB7260_plustet2
[Thu Oct 24 11:11:38 2019]
Finished job 117.
50 of 225 steps (22%) done
[Thu Oct 24 11:11:38 2019]
Finished job 113.
51 of 225 steps (23%) done
[Thu Oct 24 11:11:38 2019]
Finished job 112.
52 of 225 steps (23%) done
[Thu Oct 24 11:11:38 2019]
Submitted job 28 with external jobid 'Submitted batch job 462319 on cluster faculty'.
Finished job 147.
53 of 225 steps (24%) done

[Thu Oct 24 11:11:38 2019]
rule fq_2_fa:
    input: outputs/filter/CR4_3B_MRB7260_plustet1.fq
    output: outputs/fq_2_fa/CR4_3B_MRB7260_plustet1.fa
    jobid: 115
    wildcards: sample_id=CR4_3B_MRB7260_plustet1

tools/fastx/0.0.13/fastq_to_fasta -i outputs/filter/CR4_3B_MRB7260_plustet1.fq -o outputs/fq_2_fa/CR4_3B_MRB7260_plustet1.fa -n -v -Q33
[Thu Oct 24 11:11:38 2019]
Finished job 108.
54 of 225 steps (24%) done
[Thu Oct 24 11:11:38 2019]
Finished job 134.
55 of 225 steps (24%) done
Submitted job 115 with external jobid 'Submitted batch job 462320 on cluster faculty'.

[Thu Oct 24 11:11:39 2019]
rule trim:
    input: outputs/fq_2_fa/CR4_3B_MRB7260_mintet1.fa
    output: outputs/trimmed/CR4_3B_MRB7260_mintet1.fa
    jobid: 81
    wildcards: sample_id=CR4_3B_MRB7260_mintet1

./tools/cutadapt/1.16/cutadapt/bin/cutadapt -m 15 -g GAGTTTGATTGGGGGGTTTTAGTTGGT -a TGGTTTTATAAAATGTTTTTTCT -n 2 outputs/fq_2_fa/CR4_3B_MRB7260_mintet1.fa > outputs/trimmed/CR4_3B_MRB7260_mintet1.fa 2>outputs/trimmed/CR4_3B_MRB7260_mintet1.fa.stats
Submitted job 81 with external jobid 'Submitted batch job 462321 on cluster faculty'.

[Thu Oct 24 11:11:39 2019]
rule trim:
    input: outputs/fq_2_fa/ND8_3B_MRB7260_mintet1.fa
    output: outputs/trimmed/ND8_3B_MRB7260_mintet1.fa
    jobid: 85
    wildcards: sample_id=ND8_3B_MRB7260_mintet1

./tools/cutadapt/1.16/cutadapt/bin/cutadapt -m 15 -g GAGCAGGAGTTTTTCGGGGG -a CACGGTGAAATTAAATTTTGACTAAAT -n 2 outputs/fq_2_fa/ND8_3B_MRB7260_mintet1.fa > outputs/trimmed/ND8_3B_MRB7260_mintet1.fa 2>outputs/trimmed/ND8_3B_MRB7260_mintet1.fa.stats
Submitted job 85 with external jobid 'Submitted batch job 462322 on cluster faculty'.

[Thu Oct 24 11:11:39 2019]
rule trim:
    input: outputs/fq_2_fa/CR3_REH1_plustet2.fa
    output: outputs/trimmed/CR3_REH1_plustet2.fa
    jobid: 80
    wildcards: sample_id=CR3_REH1_plustet2

./tools/cutadapt/1.16/cutadapt/bin/cutadapt -m 15 -g AGAAATATAAATATGTGTATGATATAT -a AAGTATGCAAATAATTTTTGT -n 2 outputs/fq_2_fa/CR3_REH1_plustet2.fa > outputs/trimmed/CR3_REH1_plustet2.fa 2>outputs/trimmed/CR3_REH1_plustet2.fa.stats
Submitted job 80 with external jobid 'Submitted batch job 462323 on cluster faculty'.

[Thu Oct 24 11:11:39 2019]
rule fq_2_fa:
    input: outputs/filter/A6_3B_REH1_mintet2.fq
    output: outputs/fq_2_fa/A6_3B_REH1_mintet2.fa
    jobid: 102
    wildcards: sample_id=A6_3B_REH1_mintet2

tools/fastx/0.0.13/fastq_to_fasta -i outputs/filter/A6_3B_REH1_mintet2.fq -o outputs/fq_2_fa/A6_3B_REH1_mintet2.fa -n -v -Q33
Submitted job 102 with external jobid 'Submitted batch job 462324 on cluster faculty'.

[Thu Oct 24 11:11:39 2019]
rule trim:
    input: outputs/fq_2_fa/COIII_3B_MRB7260_plustet2.fa
    output: outputs/trimmed/COIII_3B_MRB7260_plustet2.fa
    jobid: 76
    wildcards: sample_id=COIII_3B_MRB7260_plustet2

./tools/cutadapt/1.16/cutadapt/bin/cutadapt -m 15 -g GCAGAAACAAAGGGG -a GGTAGTTTGTAGGAAGTT -n 2 outputs/fq_2_fa/COIII_3B_MRB7260_plustet2.fa > outputs/trimmed/COIII_3B_MRB7260_plustet2.fa 2>outputs/trimmed/COIII_3B_MRB7260_plustet2.fa.stats
Submitted job 76 with external jobid 'Submitted batch job 462326 on cluster faculty'.
[Thu Oct 24 11:11:40 2019]
Finished job 183.
56 of 225 steps (25%) done

[Thu Oct 24 11:11:40 2019]
rule filter:
    input: outputs/join/ND8_3B_MRB7260_plustet1.assembled.fastq
    output: outputs/filter/ND8_3B_MRB7260_plustet1.fq
    jobid: 151
    wildcards: sample_id=ND8_3B_MRB7260_plustet1

tools/fastx/0.0.13/fastq_quality_filter -i outputs/join/ND8_3B_MRB7260_plustet1.assembled.fastq -o outputs/filter/ND8_3B_MRB7260_plustet1.fq -q 0 -p 90 -Q33 -v
[Thu Oct 24 11:11:40 2019]
Finished job 182.
57 of 225 steps (25%) done
Submitted job 151 with external jobid 'Submitted batch job 462327 on cluster faculty'.

[Thu Oct 24 11:11:41 2019]
rule filter:
    input: outputs/join/ND8_3B_MRB7260_mintet2.assembled.fastq
    output: outputs/filter/ND8_3B_MRB7260_mintet2.fq
    jobid: 150
    wildcards: sample_id=ND8_3B_MRB7260_mintet2

tools/fastx/0.0.13/fastq_quality_filter -i outputs/join/ND8_3B_MRB7260_mintet2.assembled.fastq -o outputs/filter/ND8_3B_MRB7260_mintet2.fq -q 0 -p 90 -Q33 -v
Submitted job 150 with external jobid 'Submitted batch job 462328 on cluster faculty'.
[Thu Oct 24 11:11:51 2019]
Finished job 135.
58 of 225 steps (26%) done

[Thu Oct 24 11:11:51 2019]
rule fq_2_fa:
    input: outputs/filter/A6_3B_REH1_plustet1.fq
    output: outputs/fq_2_fa/A6_3B_REH1_plustet1.fa
    jobid: 103
    wildcards: sample_id=A6_3B_REH1_plustet1

tools/fastx/0.0.13/fastq_to_fasta -i outputs/filter/A6_3B_REH1_plustet1.fq -o outputs/fq_2_fa/A6_3B_REH1_plustet1.fa -n -v -Q33
Submitted job 103 with external jobid 'Submitted batch job 462329 on cluster faculty'.
[Thu Oct 24 11:11:53 2019]
Finished job 186.
59 of 225 steps (26%) done

[Thu Oct 24 11:11:53 2019]
rule filter:
    input: outputs/join/ND9_3B_MRB7260_mintet2.assembled.fastq
    output: outputs/filter/ND9_3B_MRB7260_mintet2.fq
    jobid: 154
    wildcards: sample_id=ND9_3B_MRB7260_mintet2

tools/fastx/0.0.13/fastq_quality_filter -i outputs/join/ND9_3B_MRB7260_mintet2.assembled.fastq -o outputs/filter/ND9_3B_MRB7260_mintet2.fq -q 0 -p 90 -Q33 -v
[Thu Oct 24 11:11:53 2019]
Finished job 191.
60 of 225 steps (27%) done
[Thu Oct 24 11:11:53 2019]
Finished job 168.
61 of 225 steps (27%) done
Submitted job 154 with external jobid 'Submitted batch job 462330 on cluster faculty'.

[Thu Oct 24 11:11:54 2019]
rule filter:
    input: outputs/join/A6_3B_REH1_plustet2.assembled.fastq
    output: outputs/filter/A6_3B_REH1_plustet2.fq
    jobid: 136
    wildcards: sample_id=A6_3B_REH1_plustet2

tools/fastx/0.0.13/fastq_quality_filter -i outputs/join/A6_3B_REH1_plustet2.assembled.fastq -o outputs/filter/A6_3B_REH1_plustet2.fq -q 0 -p 90 -Q33 -v
Submitted job 136 with external jobid 'Submitted batch job 462331 on cluster faculty'.

[Thu Oct 24 11:11:54 2019]
rule filter:
    input: outputs/join/RPS12_REH1_plustet1.assembled.fastq
    output: outputs/filter/RPS12_REH1_plustet1.fq
    jobid: 159
    wildcards: sample_id=RPS12_REH1_plustet1

tools/fastx/0.0.13/fastq_quality_filter -i outputs/join/RPS12_REH1_plustet1.assembled.fastq -o outputs/filter/RPS12_REH1_plustet1.fq -q 0 -p 90 -Q33 -v
Submitted job 159 with external jobid 'Submitted batch job 462332 on cluster faculty'.
[Thu Oct 24 11:11:54 2019]
Finished job 152.
62 of 225 steps (28%) done

[Thu Oct 24 11:11:54 2019]
rule fq_2_fa:
    input: outputs/filter/ND8_3B_MRB7260_plustet2.fq
    output: outputs/fq_2_fa/ND8_3B_MRB7260_plustet2.fa
    jobid: 120
    wildcards: sample_id=ND8_3B_MRB7260_plustet2

tools/fastx/0.0.13/fastq_to_fasta -i outputs/filter/ND8_3B_MRB7260_plustet2.fq -o outputs/fq_2_fa/ND8_3B_MRB7260_plustet2.fa -n -v -Q33
Submitted job 120 with external jobid 'Submitted batch job 462333 on cluster faculty'.
Waiting at most 120 seconds for missing files.
[Thu Oct 24 11:12:08 2019]
Finished job 115.
63 of 225 steps (28%) done

[Thu Oct 24 11:12:08 2019]
rule trim:
    input: outputs/fq_2_fa/CR4_3B_MRB7260_plustet1.fa
    output: outputs/trimmed/CR4_3B_MRB7260_plustet1.fa
    jobid: 83
    wildcards: sample_id=CR4_3B_MRB7260_plustet1

./tools/cutadapt/1.16/cutadapt/bin/cutadapt -m 15 -g GAGTTTGATTGGGGGGTTTTAGTTGGT -a TGGTTTTATAAAATGTTTTTTCT -n 2 outputs/fq_2_fa/CR4_3B_MRB7260_plustet1.fa > outputs/trimmed/CR4_3B_MRB7260_plustet1.fa 2>outputs/trimmed/CR4_3B_MRB7260_plustet1.fa.stats
[Thu Oct 24 11:12:09 2019]
Finished job 81.
64 of 225 steps (28%) done
[Thu Oct 24 11:12:09 2019]
Finished job 85.
65 of 225 steps (29%) done
[Thu Oct 24 11:12:09 2019]
Finished job 80.
66 of 225 steps (29%) done
[Thu Oct 24 11:12:09 2019]
Finished job 102.
67 of 225 steps (30%) done
Submitted job 83 with external jobid 'Submitted batch job 462334 on cluster faculty'.
[Thu Oct 24 11:12:09 2019]
Finished job 76.
68 of 225 steps (30%) done

[Thu Oct 24 11:12:09 2019]
rule collapse:
    input: outputs/trimmed/CR3_REH1_plustet2.fa
    output: outputs/collapse/CR3_REH1_plustet2.fa
    jobid: 48
    wildcards: sample_id=CR3_REH1_plustet2

./tools/fastx/0.0.13/fastx_collapser -i outputs/trimmed/CR3_REH1_plustet2.fa -o outputs/collapse/CR3_REH1_plustet2.fa -v
Submitted job 48 with external jobid 'Submitted batch job 462335 on cluster faculty'.

[Thu Oct 24 11:12:09 2019]
rule trim:
    input: outputs/fq_2_fa/A6_3B_REH1_mintet2.fa
    output: outputs/trimmed/A6_3B_REH1_mintet2.fa
    jobid: 70
    wildcards: sample_id=A6_3B_REH1_mintet2

./tools/cutadapt/1.16/cutadapt/bin/cutadapt -m 15 -g GAAAACACCCATTTTTAGGAGG -a GGAGTTATAGAATAAGATCAAATAAG -n 2 outputs/fq_2_fa/A6_3B_REH1_mintet2.fa > outputs/trimmed/A6_3B_REH1_mintet2.fa 2>outputs/trimmed/A6_3B_REH1_mintet2.fa.stats
Submitted job 70 with external jobid 'Submitted batch job 462336 on cluster faculty'.

[Thu Oct 24 11:12:09 2019]
rule collapse:
    input: outputs/trimmed/ND8_3B_MRB7260_mintet1.fa
    output: outputs/collapse/ND8_3B_MRB7260_mintet1.fa
    jobid: 53
    wildcards: sample_id=ND8_3B_MRB7260_mintet1

./tools/fastx/0.0.13/fastx_collapser -i outputs/trimmed/ND8_3B_MRB7260_mintet1.fa -o outputs/collapse/ND8_3B_MRB7260_mintet1.fa -v
Submitted job 53 with external jobid 'Submitted batch job 462337 on cluster faculty'.

[Thu Oct 24 11:12:09 2019]
rule collapse:
    input: outputs/trimmed/COIII_3B_MRB7260_plustet2.fa
    output: outputs/collapse/COIII_3B_MRB7260_plustet2.fa
    jobid: 44
    wildcards: sample_id=COIII_3B_MRB7260_plustet2

./tools/fastx/0.0.13/fastx_collapser -i outputs/trimmed/COIII_3B_MRB7260_plustet2.fa -o outputs/collapse/COIII_3B_MRB7260_plustet2.fa -v
Submitted job 44 with external jobid 'Submitted batch job 462338 on cluster faculty'.

[Thu Oct 24 11:12:09 2019]
rule collapse:
    input: outputs/trimmed/CR4_3B_MRB7260_mintet1.fa
    output: outputs/collapse/CR4_3B_MRB7260_mintet1.fa
    jobid: 49
    wildcards: sample_id=CR4_3B_MRB7260_mintet1

./tools/fastx/0.0.13/fastx_collapser -i outputs/trimmed/CR4_3B_MRB7260_mintet1.fa -o outputs/collapse/CR4_3B_MRB7260_mintet1.fa -v
Submitted job 49 with external jobid 'Submitted batch job 462339 on cluster faculty'.
[Thu Oct 24 11:12:10 2019]
Finished job 178.
69 of 225 steps (31%) done

[Thu Oct 24 11:12:10 2019]
rule filter:
    input: outputs/join/CR4_3B_MRB7260_mintet2.assembled.fastq
    output: outputs/filter/CR4_3B_MRB7260_mintet2.fq
    jobid: 146
    wildcards: sample_id=CR4_3B_MRB7260_mintet2

tools/fastx/0.0.13/fastq_quality_filter -i outputs/join/CR4_3B_MRB7260_mintet2.assembled.fastq -o outputs/filter/CR4_3B_MRB7260_mintet2.fq -q 0 -p 90 -Q33 -v
Submitted job 146 with external jobid 'Submitted batch job 462340 on cluster faculty'.
Waiting at most 120 seconds for missing files.
[Thu Oct 24 11:12:39 2019]
Finished job 48.
70 of 225 steps (31%) done

[Thu Oct 24 11:12:39 2019]
rule treat:
    input: outputs/collapse/CR3_REH1_plustet2.fa
    output: outputs/treat/CR3_REH1_plustet2-treat.db
    jobid: 16
    wildcards: sample_id=CR3_REH1_plustet2

echo CR3_REH1_plustet2
[Thu Oct 24 11:12:39 2019]
Finished job 70.
71 of 225 steps (32%) done
[Thu Oct 24 11:12:39 2019]
Finished job 53.
72 of 225 steps (32%) done
[Thu Oct 24 11:12:39 2019]
Finished job 44.
73 of 225 steps (32%) done
[Thu Oct 24 11:12:39 2019]
Finished job 49.
74 of 225 steps (33%) done
Submitted job 16 with external jobid 'Submitted batch job 462341 on cluster faculty'.
[Thu Oct 24 11:12:39 2019]
Finished job 103.
75 of 225 steps (33%) done

[Thu Oct 24 11:12:39 2019]
rule treat:
    input: outputs/collapse/CR4_3B_MRB7260_mintet1.fa
    output: outputs/treat/CR4_3B_MRB7260_mintet1-treat.db
    jobid: 17
    wildcards: sample_id=CR4_3B_MRB7260_mintet1

echo CR4_3B_MRB7260_mintet1
[Thu Oct 24 11:12:39 2019]
Finished job 154.
76 of 225 steps (34%) done
[Thu Oct 24 11:12:39 2019]
Finished job 136.
77 of 225 steps (34%) done
Submitted job 17 with external jobid 'Submitted batch job 462342 on cluster faculty'.

[Thu Oct 24 11:12:39 2019]
rule collapse:
    input: outputs/trimmed/A6_3B_REH1_mintet2.fa
    output: outputs/collapse/A6_3B_REH1_mintet2.fa
    jobid: 38
    wildcards: sample_id=A6_3B_REH1_mintet2

./tools/fastx/0.0.13/fastx_collapser -i outputs/trimmed/A6_3B_REH1_mintet2.fa -o outputs/collapse/A6_3B_REH1_mintet2.fa -v
Submitted job 38 with external jobid 'Submitted batch job 462343 on cluster faculty'.

[Thu Oct 24 11:12:39 2019]
rule treat:
    input: outputs/collapse/COIII_3B_MRB7260_plustet2.fa
    output: outputs/treat/COIII_3B_MRB7260_plustet2-treat.db
    jobid: 12
    wildcards: sample_id=COIII_3B_MRB7260_plustet2

echo COIII_3B_MRB7260_plustet2
Submitted job 12 with external jobid 'Submitted batch job 462344 on cluster faculty'.

[Thu Oct 24 11:12:40 2019]
rule treat:
    input: outputs/collapse/ND8_3B_MRB7260_mintet1.fa
    output: outputs/treat/ND8_3B_MRB7260_mintet1-treat.db
    jobid: 21
    wildcards: sample_id=ND8_3B_MRB7260_mintet1

echo ND8_3B_MRB7260_mintet1
Submitted job 21 with external jobid 'Submitted batch job 462345 on cluster faculty'.

[Thu Oct 24 11:12:40 2019]
rule trim:
    input: outputs/fq_2_fa/A6_3B_REH1_plustet1.fa
    output: outputs/trimmed/A6_3B_REH1_plustet1.fa
    jobid: 71
    wildcards: sample_id=A6_3B_REH1_plustet1

./tools/cutadapt/1.16/cutadapt/bin/cutadapt -m 15 -g GAAAACACCCATTTTTAGGAGG -a GGAGTTATAGAATAAGATCAAATAAG -n 2 outputs/fq_2_fa/A6_3B_REH1_plustet1.fa > outputs/trimmed/A6_3B_REH1_plustet1.fa 2>outputs/trimmed/A6_3B_REH1_plustet1.fa.stats
[Thu Oct 24 11:12:40 2019]
Finished job 151.
78 of 225 steps (35%) done
Submitted job 71 with external jobid 'Submitted batch job 462346 on cluster faculty'.
[Thu Oct 24 11:12:40 2019]
Finished job 150.
79 of 225 steps (35%) done

[Thu Oct 24 11:12:40 2019]
rule fq_2_fa:
    input: outputs/filter/ND8_3B_MRB7260_plustet1.fq
    output: outputs/fq_2_fa/ND8_3B_MRB7260_plustet1.fa
    jobid: 119
    wildcards: sample_id=ND8_3B_MRB7260_plustet1

tools/fastx/0.0.13/fastq_to_fasta -i outputs/filter/ND8_3B_MRB7260_plustet1.fq -o outputs/fq_2_fa/ND8_3B_MRB7260_plustet1.fa -n -v -Q33
[Thu Oct 24 11:12:40 2019]
Finished job 185.
80 of 225 steps (36%) done
Submitted job 119 with external jobid 'Submitted batch job 462347 on cluster faculty'.

[Thu Oct 24 11:12:40 2019]
rule fq_2_fa:
    input: outputs/filter/ND8_3B_MRB7260_mintet2.fq
    output: outputs/fq_2_fa/ND8_3B_MRB7260_mintet2.fa
    jobid: 118
    wildcards: sample_id=ND8_3B_MRB7260_mintet2

tools/fastx/0.0.13/fastq_to_fasta -i outputs/filter/ND8_3B_MRB7260_mintet2.fq -o outputs/fq_2_fa/ND8_3B_MRB7260_mintet2.fa -n -v -Q33
[Thu Oct 24 11:12:40 2019]
Finished job 192.
81 of 225 steps (36%) done
[Thu Oct 24 11:12:40 2019]
Finished job 163.
82 of 225 steps (36%) done
Submitted job 118 with external jobid 'Submitted batch job 462348 on cluster faculty'.

[Thu Oct 24 11:12:40 2019]
rule fq_2_fa:
    input: outputs/filter/A6_3B_REH1_plustet2.fq
    output: outputs/fq_2_fa/A6_3B_REH1_plustet2.fa
    jobid: 104
    wildcards: sample_id=A6_3B_REH1_plustet2

tools/fastx/0.0.13/fastq_to_fasta -i outputs/filter/A6_3B_REH1_plustet2.fq -o outputs/fq_2_fa/A6_3B_REH1_plustet2.fa -n -v -Q33
Submitted job 104 with external jobid 'Submitted batch job 462349 on cluster faculty'.

[Thu Oct 24 11:12:40 2019]
rule fq_2_fa:
    input: outputs/filter/ND9_3B_MRB7260_mintet2.fq
    output: outputs/fq_2_fa/ND9_3B_MRB7260_mintet2.fa
    jobid: 122
    wildcards: sample_id=ND9_3B_MRB7260_mintet2

tools/fastx/0.0.13/fastq_to_fasta -i outputs/filter/ND9_3B_MRB7260_mintet2.fq -o outputs/fq_2_fa/ND9_3B_MRB7260_mintet2.fa -n -v -Q33
Submitted job 122 with external jobid 'Submitted batch job 462350 on cluster faculty'.

[Thu Oct 24 11:12:41 2019]
rule filter:
    input: outputs/join/RPS12_REH1_plustet2.assembled.fastq
    output: outputs/filter/RPS12_REH1_plustet2.fq
    jobid: 160
    wildcards: sample_id=RPS12_REH1_plustet2

tools/fastx/0.0.13/fastq_quality_filter -i outputs/join/RPS12_REH1_plustet2.assembled.fastq -o outputs/filter/RPS12_REH1_plustet2.fq -q 0 -p 90 -Q33 -v
Submitted job 160 with external jobid 'Submitted batch job 462351 on cluster faculty'.

[Thu Oct 24 11:12:41 2019]
rule filter:
    input: outputs/join/A6_3B_MRB7260_plustet1.assembled.fastq
    output: outputs/filter/A6_3B_MRB7260_plustet1.fq
    jobid: 131
    wildcards: sample_id=A6_3B_MRB7260_plustet1

tools/fastx/0.0.13/fastq_quality_filter -i outputs/join/A6_3B_MRB7260_plustet1.assembled.fastq -o outputs/filter/A6_3B_MRB7260_plustet1.fq -q 0 -p 90 -Q33 -v
Submitted job 131 with external jobid 'Submitted batch job 462352 on cluster faculty'.

[Thu Oct 24 11:12:41 2019]
rule filter:
    input: outputs/join/ND9_3B_MRB7260_mintet1.assembled.fastq
    output: outputs/filter/ND9_3B_MRB7260_mintet1.fq
    jobid: 153
    wildcards: sample_id=ND9_3B_MRB7260_mintet1

tools/fastx/0.0.13/fastq_quality_filter -i outputs/join/ND9_3B_MRB7260_mintet1.assembled.fastq -o outputs/filter/ND9_3B_MRB7260_mintet1.fq -q 0 -p 90 -Q33 -v
Submitted job 153 with external jobid 'Submitted batch job 462353 on cluster faculty'.
[Thu Oct 24 11:12:42 2019]
Finished job 120.
83 of 225 steps (37%) done

[Thu Oct 24 11:12:42 2019]
rule trim:
    input: outputs/fq_2_fa/ND8_3B_MRB7260_plustet2.fa
    output: outputs/trimmed/ND8_3B_MRB7260_plustet2.fa
    jobid: 88
    wildcards: sample_id=ND8_3B_MRB7260_plustet2

./tools/cutadapt/1.16/cutadapt/bin/cutadapt -m 15 -g GAGCAGGAGTTTTTCGGGGG -a CACGGTGAAATTAAATTTTGACTAAAT -n 2 outputs/fq_2_fa/ND8_3B_MRB7260_plustet2.fa > outputs/trimmed/ND8_3B_MRB7260_plustet2.fa 2>outputs/trimmed/ND8_3B_MRB7260_plustet2.fa.stats
Submitted job 88 with external jobid 'Submitted batch job 462354 on cluster faculty'.
Waiting at most 120 seconds for missing files.
[Thu Oct 24 11:13:11 2019]
Finished job 38.
84 of 225 steps (37%) done

[Thu Oct 24 11:13:11 2019]
rule treat:
    input: outputs/collapse/A6_3B_REH1_mintet2.fa
    output: outputs/treat/A6_3B_REH1_mintet2-treat.db
    jobid: 6
    wildcards: sample_id=A6_3B_REH1_mintet2

echo A6_3B_REH1_mintet2
Submitted job 6 with external jobid 'Submitted batch job 462358 on cluster faculty'.
[Thu Oct 24 11:13:13 2019]
Finished job 71.
85 of 225 steps (38%) done

[Thu Oct 24 11:13:13 2019]
rule collapse:
    input: outputs/trimmed/A6_3B_REH1_plustet1.fa
    output: outputs/collapse/A6_3B_REH1_plustet1.fa
    jobid: 39
    wildcards: sample_id=A6_3B_REH1_plustet1

./tools/fastx/0.0.13/fastx_collapser -i outputs/trimmed/A6_3B_REH1_plustet1.fa -o outputs/collapse/A6_3B_REH1_plustet1.fa -v
Waiting at most 120 seconds for missing files.
Submitted job 39 with external jobid 'Submitted batch job 462359 on cluster faculty'.
[Thu Oct 24 11:13:42 2019]
Finished job 119.
86 of 225 steps (38%) done

[Thu Oct 24 11:13:42 2019]
rule trim:
    input: outputs/fq_2_fa/ND8_3B_MRB7260_plustet1.fa
    output: outputs/trimmed/ND8_3B_MRB7260_plustet1.fa
    jobid: 87
    wildcards: sample_id=ND8_3B_MRB7260_plustet1

./tools/cutadapt/1.16/cutadapt/bin/cutadapt -m 15 -g GAGCAGGAGTTTTTCGGGGG -a CACGGTGAAATTAAATTTTGACTAAAT -n 2 outputs/fq_2_fa/ND8_3B_MRB7260_plustet1.fa > outputs/trimmed/ND8_3B_MRB7260_plustet1.fa 2>outputs/trimmed/ND8_3B_MRB7260_plustet1.fa.stats
[Thu Oct 24 11:13:42 2019]
Finished job 118.
87 of 225 steps (39%) done
[Thu Oct 24 11:13:43 2019]
Finished job 104.
88 of 225 steps (39%) done
Submitted job 87 with external jobid 'Submitted batch job 462365 on cluster faculty'.
[Thu Oct 24 11:13:43 2019]
Finished job 122.
89 of 225 steps (40%) done

[Thu Oct 24 11:13:43 2019]
rule trim:
    input: outputs/fq_2_fa/A6_3B_REH1_plustet2.fa
    output: outputs/trimmed/A6_3B_REH1_plustet2.fa
    jobid: 72
    wildcards: sample_id=A6_3B_REH1_plustet2

./tools/cutadapt/1.16/cutadapt/bin/cutadapt -m 15 -g GAAAACACCCATTTTTAGGAGG -a GGAGTTATAGAATAAGATCAAATAAG -n 2 outputs/fq_2_fa/A6_3B_REH1_plustet2.fa > outputs/trimmed/A6_3B_REH1_plustet2.fa 2>outputs/trimmed/A6_3B_REH1_plustet2.fa.stats
[Thu Oct 24 11:13:43 2019]
Finished job 131.
90 of 225 steps (40%) done
[Thu Oct 24 11:13:43 2019]
Finished job 153.
91 of 225 steps (40%) done
Submitted job 72 with external jobid 'Submitted batch job 462366 on cluster faculty'.
[Thu Oct 24 11:13:43 2019]
Finished job 83.
92 of 225 steps (41%) done

[Thu Oct 24 11:13:43 2019]
rule trim:
    input: outputs/fq_2_fa/ND8_3B_MRB7260_mintet2.fa
    output: outputs/trimmed/ND8_3B_MRB7260_mintet2.fa
    jobid: 86
    wildcards: sample_id=ND8_3B_MRB7260_mintet2

./tools/cutadapt/1.16/cutadapt/bin/cutadapt -m 15 -g GAGCAGGAGTTTTTCGGGGG -a CACGGTGAAATTAAATTTTGACTAAAT -n 2 outputs/fq_2_fa/ND8_3B_MRB7260_mintet2.fa > outputs/trimmed/ND8_3B_MRB7260_mintet2.fa 2>outputs/trimmed/ND8_3B_MRB7260_mintet2.fa.stats
[Thu Oct 24 11:13:43 2019]
Finished job 146.
93 of 225 steps (41%) done
[Thu Oct 24 11:13:43 2019]
Finished job 159.
94 of 225 steps (42%) done
Submitted job 86 with external jobid 'Submitted batch job 462367 on cluster faculty'.

[Thu Oct 24 11:13:43 2019]
rule trim:
    input: outputs/fq_2_fa/ND9_3B_MRB7260_mintet2.fa
    output: outputs/trimmed/ND9_3B_MRB7260_mintet2.fa
    jobid: 90
    wildcards: sample_id=ND9_3B_MRB7260_mintet2

./tools/cutadapt/1.16/cutadapt/bin/cutadapt -m 15 -g TTGGTAGGAGGATGATTGGG -a CACCGTTGTAATTCTAAATTTC -n 2 outputs/fq_2_fa/ND9_3B_MRB7260_mintet2.fa > outputs/trimmed/ND9_3B_MRB7260_mintet2.fa 2>outputs/trimmed/ND9_3B_MRB7260_mintet2.fa.stats
Submitted job 90 with external jobid 'Submitted batch job 462368 on cluster faculty'.
[Thu Oct 24 11:13:43 2019]
Error in rule treat:
    jobid: 28
    output: outputs/treat/ND9_3B_MRB7260_plustet2-treat.db
    shell:
        echo ND9_3B_MRB7260_plustet2
        (one of the commands exited with non-zero exit code; note that snakemake uses bash strict mode!)
    cluster_jobid: Submitted batch job 462319 on cluster faculty

Error executing rule treat on cluster (jobid: 28, external: Submitted batch job 462319 on cluster faculty, jobscript: /projects/academic/lread/core-sequencing-runs/treat-scripting/development/treat-virtualenv/.snakemake/tmp.kk_6m3ks/snakejob.treat.28.sh). For error details see the cluster log and the log files of the involved rule(s).
[Thu Oct 24 11:13:44 2019]
Finished job 187.
95 of 225 steps (42%) done
[Thu Oct 24 11:13:44 2019]
Finished job 169.
96 of 225 steps (43%) done
[Thu Oct 24 11:13:44 2019]
Finished job 165.
97 of 225 steps (43%) done
[Thu Oct 24 11:13:45 2019]
Finished job 164.
98 of 225 steps (44%) done
[Thu Oct 24 11:13:45 2019]
Finished job 170.
99 of 225 steps (44%) done
[Thu Oct 24 11:13:45 2019]
Finished job 88.
100 of 225 steps (44%) done
[Thu Oct 24 11:13:56 2019]
Finished job 39.
101 of 225 steps (45%) done
[Thu Oct 24 11:13:59 2019]
Finished job 160.
102 of 225 steps (45%) done
[Thu Oct 24 11:13:59 2019]
Finished job 174.
103 of 225 steps (46%) done
[Thu Oct 24 11:13:59 2019]
Finished job 180.
104 of 225 steps (46%) done
[Thu Oct 24 11:14:10 2019]
Finished job 87.
105 of 225 steps (47%) done
[Thu Oct 24 11:14:10 2019]
Finished job 72.
106 of 225 steps (47%) done
[Thu Oct 24 11:14:10 2019]
Finished job 86.
107 of 225 steps (48%) done
[Thu Oct 24 11:14:10 2019]
Finished job 90.
108 of 225 steps (48%) done
[Thu Oct 24 11:14:11 2019]
Finished job 162.
109 of 225 steps (48%) done
[Thu Oct 24 11:14:56 2019]
Error in rule treat:
    jobid: 16
    output: outputs/treat/CR3_REH1_plustet2-treat.db
    shell:
        echo CR3_REH1_plustet2
        (one of the commands exited with non-zero exit code; note that snakemake uses bash strict mode!)
    cluster_jobid: Submitted batch job 462341 on cluster faculty

Error executing rule treat on cluster (jobid: 16, external: Submitted batch job 462341 on cluster faculty, jobscript: /projects/academic/lread/core-sequencing-runs/treat-scripting/development/treat-virtualenv/.snakemake/tmp.kk_6m3ks/snakejob.treat.16.sh). For error details see the cluster log and the log files of the involved rule(s).
[Thu Oct 24 11:14:56 2019]
Error in rule treat:
    jobid: 17
    output: outputs/treat/CR4_3B_MRB7260_mintet1-treat.db
    shell:
        echo CR4_3B_MRB7260_mintet1
        (one of the commands exited with non-zero exit code; note that snakemake uses bash strict mode!)
    cluster_jobid: Submitted batch job 462342 on cluster faculty

Error executing rule treat on cluster (jobid: 17, external: Submitted batch job 462342 on cluster faculty, jobscript: /projects/academic/lread/core-sequencing-runs/treat-scripting/development/treat-virtualenv/.snakemake/tmp.kk_6m3ks/snakejob.treat.17.sh). For error details see the cluster log and the log files of the involved rule(s).
[Thu Oct 24 11:14:56 2019]
Error in rule treat:
    jobid: 12
    output: outputs/treat/COIII_3B_MRB7260_plustet2-treat.db
    shell:
        echo COIII_3B_MRB7260_plustet2
        (one of the commands exited with non-zero exit code; note that snakemake uses bash strict mode!)
    cluster_jobid: Submitted batch job 462344 on cluster faculty

Error executing rule treat on cluster (jobid: 12, external: Submitted batch job 462344 on cluster faculty, jobscript: /projects/academic/lread/core-sequencing-runs/treat-scripting/development/treat-virtualenv/.snakemake/tmp.kk_6m3ks/snakejob.treat.12.sh). For error details see the cluster log and the log files of the involved rule(s).
[Thu Oct 24 11:14:56 2019]
Error in rule treat:
    jobid: 21
    output: outputs/treat/ND8_3B_MRB7260_mintet1-treat.db
    shell:
        echo ND8_3B_MRB7260_mintet1
        (one of the commands exited with non-zero exit code; note that snakemake uses bash strict mode!)
    cluster_jobid: Submitted batch job 462345 on cluster faculty

Error executing rule treat on cluster (jobid: 21, external: Submitted batch job 462345 on cluster faculty, jobscript: /projects/academic/lread/core-sequencing-runs/treat-scripting/development/treat-virtualenv/.snakemake/tmp.kk_6m3ks/snakejob.treat.21.sh). For error details see the cluster log and the log files of the involved rule(s).
[Thu Oct 24 11:14:56 2019]
Finished job 171.
110 of 225 steps (49%) done
[Thu Oct 24 11:15:07 2019]
Finished job 175.
111 of 225 steps (49%) done
[Thu Oct 24 11:15:47 2019]
Error in rule treat:
    jobid: 6
    output: outputs/treat/A6_3B_REH1_mintet2-treat.db
    shell:
        echo A6_3B_REH1_mintet2
        (one of the commands exited with non-zero exit code; note that snakemake uses bash strict mode!)
    cluster_jobid: Submitted batch job 462358 on cluster faculty

Error executing rule treat on cluster (jobid: 6, external: Submitted batch job 462358 on cluster faculty, jobscript: /projects/academic/lread/core-sequencing-runs/treat-scripting/development/treat-virtualenv/.snakemake/tmp.kk_6m3ks/snakejob.treat.6.sh). For error details see the cluster log and the log files of the involved rule(s).
[Thu Oct 24 11:15:47 2019]
Finished job 161.
112 of 225 steps (50%) done
[Thu Oct 24 11:15:47 2019]
Finished job 173.
113 of 225 steps (50%) done
[Thu Oct 24 11:16:57 2019]
Finished job 189.
114 of 225 steps (51%) done
[Thu Oct 24 11:17:17 2019]
Finished job 190.
115 of 225 steps (51%) done
Shutting down, this might take some time.
Exiting because a job execution failed. Look above for error message
Complete log: /projects/academic/lread/core-sequencing-runs/treat-scripting/development/treat-virtualenv/.snakemake/log/2019-10-24T110210.833120.snakemake.log
