Building DAG of jobs...
Using shell: /usr/bin/bash
Provided cores: 1
Rules claiming more threads will be scaled down.
Job counts:
	count	jobs
	1	all
	1	hello_world
	2

[Tue Oct 22 11:31:15 2019]
rule hello_world:
    output: hello/world.txt
    jobid: 1

Waiting at most 5 seconds for missing files.
MissingOutputException in line 6 of /projects/academic/lread/core-sequencing-runs/treat-scripting/development/treat-virtualenv/TREAT.Snakefile:
Missing files after 5 seconds:
hello/world.txt
This might be due to filesystem latency. If that is the case, consider to increase the wait time with --latency-wait.
Shutting down, this might take some time.
Exiting because a job execution failed. Look above for error message
Complete log: /projects/academic/lread/core-sequencing-runs/treat-scripting/development/treat-virtualenv/.snakemake/log/2019-10-22T113115.037248.snakemake.log
