Building DAG of jobs...
Using shell: /usr/bin/bash
Provided cluster nodes: 100
Job counts:
	count	jobs
	1	all
	32	collapse
	32	filter
	32	fq_2_fa
	32	join
	32	trim
	32	unzip
	193

[Wed Oct 23 10:45:56 2019]
rule unzip:
    input: ../C9K8C/fastq/A63B_REH1_plustet1_S22_L001_R1_001.fastq.gz, ../C9K8C/fastq/A63B_REH1_plustet1_S22_L001_R2_001.fastq.gz, mkdir.done
    output: outputs/unzip/A6_3B_REH1_plustet1_R1.fq, outputs/unzip/A6_3B_REH1_plustet1_R2.fq
    jobid: 167
    wildcards: sample_id=A6_3B_REH1_plustet1

gunzip -c ../C9K8C/fastq/A63B_REH1_plustet1_S22_L001_R1_001.fastq.gz > outputs/unzip/A6_3B_REH1_plustet1_R1.fq && gunzip -c ../C9K8C/fastq/A63B_REH1_plustet1_S22_L001_R2_001.fastq.gz > outputs/unzip/A6_3B_REH1_plustet1_R2.fq
Error submitting jobscript (exit code 1):


[Wed Oct 23 10:45:56 2019]
rule unzip:
    input: ../C9K8C/fastq/RPS12_REH1_mintet1_S25_L001_R1_001.fastq.gz, ../C9K8C/fastq/RPS12_REH1_mintet1_S25_L001_R2_001.fastq.gz, mkdir.done
    output: outputs/unzip/RPS12_REH1_mintet1_R1.fq, outputs/unzip/RPS12_REH1_mintet1_R2.fq
    jobid: 189
    wildcards: sample_id=RPS12_REH1_mintet1

gunzip -c ../C9K8C/fastq/RPS12_REH1_mintet1_S25_L001_R1_001.fastq.gz > outputs/unzip/RPS12_REH1_mintet1_R1.fq && gunzip -c ../C9K8C/fastq/RPS12_REH1_mintet1_S25_L001_R2_001.fastq.gz > outputs/unzip/RPS12_REH1_mintet1_R2.fq
Error submitting jobscript (exit code 1):


[Wed Oct 23 10:45:56 2019]
rule unzip:
    input: ../C9K8C/fastq/A63B_MRB7260_plustet2_S4_L001_R1_001.fastq.gz, ../C9K8C/fastq/A63B_MRB7260_plustet2_S4_L001_R2_001.fastq.gz, mkdir.done
    output: outputs/unzip/A6_3B_MRB7260_plustet2_R1.fq, outputs/unzip/A6_3B_MRB7260_plustet2_R2.fq
    jobid: 164
    wildcards: sample_id=A6_3B_MRB7260_plustet2

gunzip -c ../C9K8C/fastq/A63B_MRB7260_plustet2_S4_L001_R1_001.fastq.gz > outputs/unzip/A6_3B_MRB7260_plustet2_R1.fq && gunzip -c ../C9K8C/fastq/A63B_MRB7260_plustet2_S4_L001_R2_001.fastq.gz > outputs/unzip/A6_3B_MRB7260_plustet2_R2.fq
Error submitting jobscript (exit code 1):


[Wed Oct 23 10:45:56 2019]
rule unzip:
    input: ../C9K8C/fastq/ND9_3B_MRB7260_mintet2_S19_L001_R1_001.fastq.gz, ../C9K8C/fastq/ND9_3B_MRB7260_mintet2_S19_L001_R2_001.fastq.gz, mkdir.done
    output: outputs/unzip/ND9_3B_MRB7260_mintet2_R1.fq, outputs/unzip/ND9_3B_MRB7260_mintet2_R2.fq
    jobid: 186
    wildcards: sample_id=ND9_3B_MRB7260_mintet2

gunzip -c ../C9K8C/fastq/ND9_3B_MRB7260_mintet2_S19_L001_R1_001.fastq.gz > outputs/unzip/ND9_3B_MRB7260_mintet2_R1.fq && gunzip -c ../C9K8C/fastq/ND9_3B_MRB7260_mintet2_S19_L001_R2_001.fastq.gz > outputs/unzip/ND9_3B_MRB7260_mintet2_R2.fq
Error submitting jobscript (exit code 1):


[Wed Oct 23 10:45:56 2019]
rule unzip:
    input: ../C9K8C/fastq/COIII_3B_MRB7260_mintet1_S5_L001_R1_001.fastq.gz, ../C9K8C/fastq/COIII_3B_MRB7260_mintet1_S5_L001_R2_001.fastq.gz, mkdir.done
    output: outputs/unzip/COIII_3B_MRB7260_mintet1_R1.fq, outputs/unzip/COIII_3B_MRB7260_mintet1_R2.fq
    jobid: 169
    wildcards: sample_id=COIII_3B_MRB7260_mintet1

gunzip -c ../C9K8C/fastq/COIII_3B_MRB7260_mintet1_S5_L001_R1_001.fastq.gz > outputs/unzip/COIII_3B_MRB7260_mintet1_R1.fq && gunzip -c ../C9K8C/fastq/COIII_3B_MRB7260_mintet1_S5_L001_R2_001.fastq.gz > outputs/unzip/COIII_3B_MRB7260_mintet1_R2.fq
Error submitting jobscript (exit code 1):


[Wed Oct 23 10:45:57 2019]
rule unzip:
    input: ../C9K8C/fastq/COIII_3B_MRB7260_mintet2_S7_L001_R1_001.fastq.gz, ../C9K8C/fastq/COIII_3B_MRB7260_mintet2_S7_L001_R2_001.fastq.gz, mkdir.done
    output: outputs/unzip/COIII_3B_MRB7260_mintet2_R1.fq, outputs/unzip/COIII_3B_MRB7260_mintet2_R2.fq
    jobid: 170
    wildcards: sample_id=COIII_3B_MRB7260_mintet2

gunzip -c ../C9K8C/fastq/COIII_3B_MRB7260_mintet2_S7_L001_R1_001.fastq.gz > outputs/unzip/COIII_3B_MRB7260_mintet2_R1.fq && gunzip -c ../C9K8C/fastq/COIII_3B_MRB7260_mintet2_S7_L001_R2_001.fastq.gz > outputs/unzip/COIII_3B_MRB7260_mintet2_R2.fq
Error submitting jobscript (exit code 1):


[Wed Oct 23 10:45:57 2019]
rule unzip:
    input: ../C9K8C/fastq/A63B_REH1_plustet2_S24_L001_R1_001.fastq.gz, ../C9K8C/fastq/A63B_REH1_plustet2_S24_L001_R2_001.fastq.gz, mkdir.done
    output: outputs/unzip/A6_3B_REH1_plustet2_R1.fq, outputs/unzip/A6_3B_REH1_plustet2_R2.fq
    jobid: 168
    wildcards: sample_id=A6_3B_REH1_plustet2

gunzip -c ../C9K8C/fastq/A63B_REH1_plustet2_S24_L001_R1_001.fastq.gz > outputs/unzip/A6_3B_REH1_plustet2_R1.fq && gunzip -c ../C9K8C/fastq/A63B_REH1_plustet2_S24_L001_R2_001.fastq.gz > outputs/unzip/A6_3B_REH1_plustet2_R2.fq
Error submitting jobscript (exit code 1):


[Wed Oct 23 10:45:57 2019]
rule unzip:
    input: ../C9K8C/fastq/ND8_3B_MRB7260_plustet2_S16_L001_R1_001.fastq.gz, ../C9K8C/fastq/ND8_3B_MRB7260_plustet2_S16_L001_R2_001.fastq.gz, mkdir.done
    output: outputs/unzip/ND8_3B_MRB7260_plustet2_R1.fq, outputs/unzip/ND8_3B_MRB7260_plustet2_R2.fq
    jobid: 184
    wildcards: sample_id=ND8_3B_MRB7260_plustet2

gunzip -c ../C9K8C/fastq/ND8_3B_MRB7260_plustet2_S16_L001_R1_001.fastq.gz > outputs/unzip/ND8_3B_MRB7260_plustet2_R1.fq && gunzip -c ../C9K8C/fastq/ND8_3B_MRB7260_plustet2_S16_L001_R2_001.fastq.gz > outputs/unzip/ND8_3B_MRB7260_plustet2_R2.fq
Error submitting jobscript (exit code 1):


[Wed Oct 23 10:45:57 2019]
rule unzip:
    input: ../C9K8C/fastq/RPS12_REH1_plustet2_S28_L001_R1_001.fastq.gz, ../C9K8C/fastq/RPS12_REH1_plustet2_S28_L001_R2_001.fastq.gz, mkdir.done
    output: outputs/unzip/RPS12_REH1_plustet2_R1.fq, outputs/unzip/RPS12_REH1_plustet2_R2.fq
    jobid: 192
    wildcards: sample_id=RPS12_REH1_plustet2

gunzip -c ../C9K8C/fastq/RPS12_REH1_plustet2_S28_L001_R1_001.fastq.gz > outputs/unzip/RPS12_REH1_plustet2_R1.fq && gunzip -c ../C9K8C/fastq/RPS12_REH1_plustet2_S28_L001_R2_001.fastq.gz > outputs/unzip/RPS12_REH1_plustet2_R2.fq
Terminating processes on user request, this might take some time.
Will exit after finishing currently running jobs.
Cancelling snakemake on user request.
