Building DAG of jobs...
MissingInputException in line 39 of /projects/academic/lread/core-sequencing-runs/treat-scripting/development/treat-virtualenv/Snakefile:
Missing input files for rule all:
outputs/treat/A6_3B_MRB7260_plustet1-treat.db
outputs/treat/RPS12_REH1_plustet1-treat.db
outputs/treat/ND8_3B_MRB7260_plustet2-treat.db
outputs/treat/ND8_3B_MRB7260_plustet1-treat.db
outputs/treat/CR4_3B_MRB7260_mintet1-treat.db
outputs/treat/ND9_3B_MRB7260_mintet2-treat.db
outputs/treat/RPS12_REH1_plustet2-treat.db
outputs/treat/ND8_3B_MRB7260_mintet2-treat.db
outputs/treat/CR4_3B_MRB7260_plustet2-treat.db
outputs/treat/ND9_3B_MRB7260_mintet1-treat.db
outputs/treat/A6_3B_MRB7260_mintet2-treat.db
outputs/treat/A6_3B_MRB7260_plustet2-treat.db
outputs/treat/A6_3B_REH1_mintet1-treat.db
outputs/treat/CR4_3B_MRB7260_plustet1-treat.db
outputs/treat/COIII_3B_MRB7260_mintet1-treat.db
outputs/treat/COIII_3B_MRB7260_plustet2-treat.db
outputs/treat/CR3_REH1_mintet2-treat.db
outputs/treat/A6_3B_REH1_plustet2-treat.db
outputs/treat/COIII_3B_MRB7260_plustet1-treat.db
outputs/treat/CR4_3B_MRB7260_mintet2-treat.db
outputs/treat/ND8_3B_MRB7260_mintet1-treat.db
outputs/treat/CR3_REH1_plustet1-treat.db
outputs/treat/CR3_REH1_plustet2-treat.db
outputs/treat/ND9_3B_MRB7260_plustet2-treat.db
outputs/treat/A6_3B_MRB7260_mintet1-treat.db
outputs/treat/ND9_3B_MRB7260_plustet1-treat.db
outputs/treat/RPS12_REH1_mintet2-treat.db
outputs/treat/A6_3B_REH1_mintet2-treat.db
outputs/treat/CR3_REH1_mintet1-treat.db
outputs/treat/RPS12_REH1_mintet1-treat.db
outputs/treat/A6_3B_REH1_plustet1-treat.db
outputs/treat/COIII_3B_MRB7260_mintet2-treat.db
