Building DAG of jobs...
Using shell: /usr/bin/bash
Provided cluster nodes: 100
Job counts:
	count	jobs
	1	all
	32	collapse
	32	filter
	32	fq_2_fa
	32	join
	32	trim
	32	unzip
	193

[Tue Oct 22 13:42:21 2019]
rule unzip:
    input: ../C9K8C/fastq/RPS12_REH1_plustet2_S28_L001_R1_001.fastq.gz, ../C9K8C/fastq/RPS12_REH1_plustet2_S28_L001_R2_001.fastq.gz, mkdir.done
    output: outputs/unzip/RPS12_REH1_plustet2_R1.fq, outputs/unzip/RPS12_REH1_plustet2_R2.fq
    jobid: 192
    wildcards: sample_id=RPS12_REH1_plustet2

gunzip -c ../C9K8C/fastq/RPS12_REH1_plustet2_S28_L001_R1_001.fastq.gz > outputs/unzip/RPS12_REH1_plustet2_R1.fq && gunzip -c ../C9K8C/fastq/RPS12_REH1_plustet2_S28_L001_R2_001.fastq.gz > outputs/unzip/RPS12_REH1_plustet2_R2.fq
Error submitting jobscript (exit code 1):


[Tue Oct 22 13:42:21 2019]
rule unzip:
    input: ../C9K8C/fastq/ND8_3B_MRB7260_plustet1_S14_L001_R1_001.fastq.gz, ../C9K8C/fastq/ND8_3B_MRB7260_plustet1_S14_L001_R2_001.fastq.gz, mkdir.done
    output: outputs/unzip/ND8_3B_MRB7260_plustet1_R1.fq, outputs/unzip/ND8_3B_MRB7260_plustet1_R2.fq
    jobid: 183
    wildcards: sample_id=ND8_3B_MRB7260_plustet1

gunzip -c ../C9K8C/fastq/ND8_3B_MRB7260_plustet1_S14_L001_R1_001.fastq.gz > outputs/unzip/ND8_3B_MRB7260_plustet1_R1.fq && gunzip -c ../C9K8C/fastq/ND8_3B_MRB7260_plustet1_S14_L001_R2_001.fastq.gz > outputs/unzip/ND8_3B_MRB7260_plustet1_R2.fq
Error submitting jobscript (exit code 1):


[Tue Oct 22 13:42:21 2019]
rule unzip:
    input: ../C9K8C/fastq/ND9_3B_MRB7260_plustet2_S20_L001_R1_001.fastq.gz, ../C9K8C/fastq/ND9_3B_MRB7260_plustet2_S20_L001_R2_001.fastq.gz, mkdir.done
    output: outputs/unzip/ND9_3B_MRB7260_plustet2_R1.fq, outputs/unzip/ND9_3B_MRB7260_plustet2_R2.fq
    jobid: 188
    wildcards: sample_id=ND9_3B_MRB7260_plustet2

gunzip -c ../C9K8C/fastq/ND9_3B_MRB7260_plustet2_S20_L001_R1_001.fastq.gz > outputs/unzip/ND9_3B_MRB7260_plustet2_R1.fq && gunzip -c ../C9K8C/fastq/ND9_3B_MRB7260_plustet2_S20_L001_R2_001.fastq.gz > outputs/unzip/ND9_3B_MRB7260_plustet2_R2.fq
Error submitting jobscript (exit code 1):


[Tue Oct 22 13:42:21 2019]
rule unzip:
    input: ../C9K8C/fastq/ND9_3B_MRB7260_mintet1_S17_L001_R1_001.fastq.gz, ../C9K8C/fastq/ND9_3B_MRB7260_mintet1_S17_L001_R2_001.fastq.gz, mkdir.done
    output: outputs/unzip/ND9_3B_MRB7260_mintet1_R1.fq, outputs/unzip/ND9_3B_MRB7260_mintet1_R2.fq
    jobid: 185
    wildcards: sample_id=ND9_3B_MRB7260_mintet1

gunzip -c ../C9K8C/fastq/ND9_3B_MRB7260_mintet1_S17_L001_R1_001.fastq.gz > outputs/unzip/ND9_3B_MRB7260_mintet1_R1.fq && gunzip -c ../C9K8C/fastq/ND9_3B_MRB7260_mintet1_S17_L001_R2_001.fastq.gz > outputs/unzip/ND9_3B_MRB7260_mintet1_R2.fq
Error submitting jobscript (exit code 1):


[Tue Oct 22 13:42:21 2019]
rule unzip:
    input: ../C9K8C/fastq/RPS12_REH1_mintet2_S27_L001_R1_001.fastq.gz, ../C9K8C/fastq/RPS12_REH1_mintet2_S27_L001_R2_001.fastq.gz, mkdir.done
    output: outputs/unzip/RPS12_REH1_mintet2_R1.fq, outputs/unzip/RPS12_REH1_mintet2_R2.fq
    jobid: 190
    wildcards: sample_id=RPS12_REH1_mintet2

gunzip -c ../C9K8C/fastq/RPS12_REH1_mintet2_S27_L001_R1_001.fastq.gz > outputs/unzip/RPS12_REH1_mintet2_R1.fq && gunzip -c ../C9K8C/fastq/RPS12_REH1_mintet2_S27_L001_R2_001.fastq.gz > outputs/unzip/RPS12_REH1_mintet2_R2.fq
Error submitting jobscript (exit code 1):


[Tue Oct 22 13:42:22 2019]
rule unzip:
    input: ../C9K8C/fastq/A63B_MRB7260_mintet2_S3_L001_R1_001.fastq.gz, ../C9K8C/fastq/A63B_MRB7260_mintet2_S3_L001_R2_001.fastq.gz, mkdir.done
    output: outputs/unzip/A6_3B_MRB7260_mintet2_R1.fq, outputs/unzip/A6_3B_MRB7260_mintet2_R2.fq
    jobid: 162
    wildcards: sample_id=A6_3B_MRB7260_mintet2

gunzip -c ../C9K8C/fastq/A63B_MRB7260_mintet2_S3_L001_R1_001.fastq.gz > outputs/unzip/A6_3B_MRB7260_mintet2_R1.fq && gunzip -c ../C9K8C/fastq/A63B_MRB7260_mintet2_S3_L001_R2_001.fastq.gz > outputs/unzip/A6_3B_MRB7260_mintet2_R2.fq
Error submitting jobscript (exit code 1):


[Tue Oct 22 13:42:22 2019]
rule unzip:
    input: ../C9K8C/fastq/ND8_3B_MRB7260_mintet2_S15_L001_R1_001.fastq.gz, ../C9K8C/fastq/ND8_3B_MRB7260_mintet2_S15_L001_R2_001.fastq.gz, mkdir.done
    output: outputs/unzip/ND8_3B_MRB7260_mintet2_R1.fq, outputs/unzip/ND8_3B_MRB7260_mintet2_R2.fq
    jobid: 182
    wildcards: sample_id=ND8_3B_MRB7260_mintet2

gunzip -c ../C9K8C/fastq/ND8_3B_MRB7260_mintet2_S15_L001_R1_001.fastq.gz > outputs/unzip/ND8_3B_MRB7260_mintet2_R1.fq && gunzip -c ../C9K8C/fastq/ND8_3B_MRB7260_mintet2_S15_L001_R2_001.fastq.gz > outputs/unzip/ND8_3B_MRB7260_mintet2_R2.fq
Error submitting jobscript (exit code 1):


[Tue Oct 22 13:42:22 2019]
rule unzip:
    input: ../C9K8C/fastq/CR4_3B_MRB7260_plustet2_S12_L001_R1_001.fastq.gz, ../C9K8C/fastq/CR4_3B_MRB7260_plustet2_S12_L001_R2_001.fastq.gz, mkdir.done
    output: outputs/unzip/CR4_3B_MRB7260_plustet2_R1.fq, outputs/unzip/CR4_3B_MRB7260_plustet2_R2.fq
    jobid: 180
    wildcards: sample_id=CR4_3B_MRB7260_plustet2

gunzip -c ../C9K8C/fastq/CR4_3B_MRB7260_plustet2_S12_L001_R1_001.fastq.gz > outputs/unzip/CR4_3B_MRB7260_plustet2_R1.fq && gunzip -c ../C9K8C/fastq/CR4_3B_MRB7260_plustet2_S12_L001_R2_001.fastq.gz > outputs/unzip/CR4_3B_MRB7260_plustet2_R2.fq
Error submitting jobscript (exit code 1):


[Tue Oct 22 13:42:22 2019]
rule unzip:
    input: ../C9K8C/fastq/A63B_REH1_plustet2_S24_L001_R1_001.fastq.gz, ../C9K8C/fastq/A63B_REH1_plustet2_S24_L001_R2_001.fastq.gz, mkdir.done
    output: outputs/unzip/A6_3B_REH1_plustet2_R1.fq, outputs/unzip/A6_3B_REH1_plustet2_R2.fq
    jobid: 168
    wildcards: sample_id=A6_3B_REH1_plustet2

gunzip -c ../C9K8C/fastq/A63B_REH1_plustet2_S24_L001_R1_001.fastq.gz > outputs/unzip/A6_3B_REH1_plustet2_R1.fq && gunzip -c ../C9K8C/fastq/A63B_REH1_plustet2_S24_L001_R2_001.fastq.gz > outputs/unzip/A6_3B_REH1_plustet2_R2.fq
Error submitting jobscript (exit code 1):


[Tue Oct 22 13:42:22 2019]
rule unzip:
    input: ../C9K8C/fastq/CR3_REH1_mintet1_S29_L001_R1_001.fastq.gz, ../C9K8C/fastq/CR3_REH1_mintet1_S29_L001_R2_001.fastq.gz, mkdir.done
    output: outputs/unzip/CR3_REH1_mintet1_R1.fq, outputs/unzip/CR3_REH1_mintet1_R2.fq
    jobid: 173
    wildcards: sample_id=CR3_REH1_mintet1

gunzip -c ../C9K8C/fastq/CR3_REH1_mintet1_S29_L001_R1_001.fastq.gz > outputs/unzip/CR3_REH1_mintet1_R1.fq && gunzip -c ../C9K8C/fastq/CR3_REH1_mintet1_S29_L001_R2_001.fastq.gz > outputs/unzip/CR3_REH1_mintet1_R2.fq
Error submitting jobscript (exit code 1):


[Tue Oct 22 13:42:22 2019]
rule unzip:
    input: ../C9K8C/fastq/COIII_3B_MRB7260_plustet2_S8_L001_R1_001.fastq.gz, ../C9K8C/fastq/COIII_3B_MRB7260_plustet2_S8_L001_R2_001.fastq.gz, mkdir.done
    output: outputs/unzip/COIII_3B_MRB7260_plustet2_R1.fq, outputs/unzip/COIII_3B_MRB7260_plustet2_R2.fq
    jobid: 172
    wildcards: sample_id=COIII_3B_MRB7260_plustet2

gunzip -c ../C9K8C/fastq/COIII_3B_MRB7260_plustet2_S8_L001_R1_001.fastq.gz > outputs/unzip/COIII_3B_MRB7260_plustet2_R1.fq && gunzip -c ../C9K8C/fastq/COIII_3B_MRB7260_plustet2_S8_L001_R2_001.fastq.gz > outputs/unzip/COIII_3B_MRB7260_plustet2_R2.fq
Error submitting jobscript (exit code 1):


[Tue Oct 22 13:42:22 2019]
rule unzip:
    input: ../C9K8C/fastq/COIII_3B_MRB7260_plustet1_S6_L001_R1_001.fastq.gz, ../C9K8C/fastq/COIII_3B_MRB7260_plustet1_S6_L001_R2_001.fastq.gz, mkdir.done
    output: outputs/unzip/COIII_3B_MRB7260_plustet1_R1.fq, outputs/unzip/COIII_3B_MRB7260_plustet1_R2.fq
    jobid: 171
    wildcards: sample_id=COIII_3B_MRB7260_plustet1

gunzip -c ../C9K8C/fastq/COIII_3B_MRB7260_plustet1_S6_L001_R1_001.fastq.gz > outputs/unzip/COIII_3B_MRB7260_plustet1_R1.fq && gunzip -c ../C9K8C/fastq/COIII_3B_MRB7260_plustet1_S6_L001_R2_001.fastq.gz > outputs/unzip/COIII_3B_MRB7260_plustet1_R2.fq
Error submitting jobscript (exit code 1):


[Tue Oct 22 13:42:23 2019]
rule unzip:
    input: ../C9K8C/fastq/A63B_MRB7260_mintet1_S1_L001_R1_001.fastq.gz, ../C9K8C/fastq/A63B_MRB7260_mintet1_S1_L001_R2_001.fastq.gz, mkdir.done
    output: outputs/unzip/A6_3B_MRB7260_mintet1_R1.fq, outputs/unzip/A6_3B_MRB7260_mintet1_R2.fq
    jobid: 161
    wildcards: sample_id=A6_3B_MRB7260_mintet1

gunzip -c ../C9K8C/fastq/A63B_MRB7260_mintet1_S1_L001_R1_001.fastq.gz > outputs/unzip/A6_3B_MRB7260_mintet1_R1.fq && gunzip -c ../C9K8C/fastq/A63B_MRB7260_mintet1_S1_L001_R2_001.fastq.gz > outputs/unzip/A6_3B_MRB7260_mintet1_R2.fq
Error submitting jobscript (exit code 1):


[Tue Oct 22 13:42:23 2019]
rule unzip:
    input: ../C9K8C/fastq/A63B_MRB7260_plustet2_S4_L001_R1_001.fastq.gz, ../C9K8C/fastq/A63B_MRB7260_plustet2_S4_L001_R2_001.fastq.gz, mkdir.done
    output: outputs/unzip/A6_3B_MRB7260_plustet2_R1.fq, outputs/unzip/A6_3B_MRB7260_plustet2_R2.fq
    jobid: 164
    wildcards: sample_id=A6_3B_MRB7260_plustet2

gunzip -c ../C9K8C/fastq/A63B_MRB7260_plustet2_S4_L001_R1_001.fastq.gz > outputs/unzip/A6_3B_MRB7260_plustet2_R1.fq && gunzip -c ../C9K8C/fastq/A63B_MRB7260_plustet2_S4_L001_R2_001.fastq.gz > outputs/unzip/A6_3B_MRB7260_plustet2_R2.fq
Terminating processes on user request, this might take some time.
Will exit after finishing currently running jobs.
Cancelling snakemake on user request.
